{"total": {"lines":{"total":6177,"covered":5847,"skipped":0,"pct":94.65},"statements":{"total":6393,"covered":6027,"skipped":0,"pct":94.27},"functions":{"total":1091,"covered":1039,"skipped":0,"pct":95.23},"branches":{"total":3402,"covered":3003,"skipped":0,"pct":88.27},"branchesTrue":{"total":0,"covered":0,"skipped":0,"pct":100}}
,"/Users/blainemcdonnell/git/NewOrder/src/main.tsx": {"lines":{"total":1,"covered":0,"skipped":0,"pct":0},"functions":{"total":0,"covered":0,"skipped":0,"pct":100},"statements":{"total":1,"covered":0,"skipped":0,"pct":0},"branches":{"total":0,"covered":0,"skipped":0,"pct":100}}
,"/Users/blainemcdonnell/git/NewOrder/src/data/scenarios/march2026.scenario.ts": {"lines":{"total":4,"covered":0,"skipped":0,"pct":0},"functions":{"total":0,"covered":0,"skipped":0,"pct":100},"statements":{"total":4,"covered":0,"skipped":0,"pct":0},"branches":{"total":0,"covered":0,"skipped":0,"pct":100}}
,"/Users/blainemcdonnell/git/NewOrder/src/data/types/advisory.types.ts": {"lines":{"total":0,"covered":0,"skipped":0,"pct":0},"functions":{"total":0,"covered":0,"skipped":0,"pct":0},"statements":{"total":0,"covered":0,"skipped":0,"pct":0},"branches":{"total":0,"covered":0,"skipped":0,"pct":0}}
,"/Users/blainemcdonnell/git/NewOrder/src/data/types/core.types.ts": {"lines":{"total":0,"covered":0,"skipped":0,"pct":0},"functions":{"total":0,"covered":0,"skipped":0,"pct":0},"statements":{"total":0,"covered":0,"skipped":0,"pct":0},"branches":{"total":0,"covered":0,"skipped":0,"pct":0}}
,"/Users/blainemcdonnell/git/NewOrder/src/data/types/enums.ts": {"lines":{"total":69,"covered":69,"skipped":0,"pct":100},"functions":{"total":0,"covered":0,"skipped":0,"pct":100},"statements":{"total":69,"covered":69,"skipped":0,"pct":100},"branches":{"total":0,"covered":0,"skipped":0,"pct":100}}
,"/Users/blainemcdonnell/git/NewOrder/src/data/types/financial.types.ts": {"lines":{"total":0,"covered":0,"skipped":0,"pct":0},"functions":{"total":0,"covered":0,"skipped":0,"pct":0},"statements":{"total":0,"covered":0,"skipped":0,"pct":0},"branches":{"total":0,"covered":0,"skipped":0,"pct":0}}
,"/Users/blainemcdonnell/git/NewOrder/src/data/types/gamestate.types.ts": {"lines":{"total":0,"covered":0,"skipped":0,"pct":0},"functions":{"total":0,"covered":0,"skipped":0,"pct":0},"statements":{"total":0,"covered":0,"skipped":0,"pct":0},"branches":{"total":0,"covered":0,"skipped":0,"pct":0}}
,"/Users/blainemcdonnell/git/NewOrder/src/data/types/infowar.types.ts": {"lines":{"total":0,"covered":0,"skipped":0,"pct":0},"functions":{"total":0,"covered":0,"skipped":0,"pct":0},"statements":{"total":0,"covered":0,"skipped":0,"pct":0},"branches":{"total":0,"covered":0,"skipped":0,"pct":0}}
,"/Users/blainemcdonnell/git/NewOrder/src/data/types/leader.types.ts": {"lines":{"total":0,"covered":0,"skipped":0,"pct":0},"functions":{"total":0,"covered":0,"skipped":0,"pct":0},"statements":{"total":0,"covered":0,"skipped":0,"pct":0},"branches":{"total":0,"covered":0,"skipped":0,"pct":0}}
,"/Users/blainemcdonnell/git/NewOrder/src/data/types/military.types.ts": {"lines":{"total":0,"covered":0,"skipped":0,"pct":0},"functions":{"total":0,"covered":0,"skipped":0,"pct":0},"statements":{"total":0,"covered":0,"skipped":0,"pct":0},"branches":{"total":0,"covered":0,"skipped":0,"pct":0}}
,"/Users/blainemcdonnell/git/NewOrder/src/data/types/nation.types.ts": {"lines":{"total":0,"covered":0,"skipped":0,"pct":0},"functions":{"total":0,"covered":0,"skipped":0,"pct":0},"statements":{"total":0,"covered":0,"skipped":0,"pct":0},"branches":{"total":0,"covered":0,"skipped":0,"pct":0}}
,"/Users/blainemcdonnell/git/NewOrder/src/data/types/proxy.types.ts": {"lines":{"total":0,"covered":0,"skipped":0,"pct":0},"functions":{"total":0,"covered":0,"skipped":0,"pct":0},"statements":{"total":0,"covered":0,"skipped":0,"pct":0},"branches":{"total":0,"covered":0,"skipped":0,"pct":0}}
,"/Users/blainemcdonnell/git/NewOrder/src/data/types/resources.types.ts": {"lines":{"total":0,"covered":0,"skipped":0,"pct":0},"functions":{"total":0,"covered":0,"skipped":0,"pct":0},"statements":{"total":0,"covered":0,"skipped":0,"pct":0},"branches":{"total":0,"covered":0,"skipped":0,"pct":0}}
,"/Users/blainemcdonnell/git/NewOrder/src/data/types/scenario.types.ts": {"lines":{"total":0,"covered":0,"skipped":0,"pct":0},"functions":{"total":0,"covered":0,"skipped":0,"pct":0},"statements":{"total":0,"covered":0,"skipped":0,"pct":0},"branches":{"total":0,"covered":0,"skipped":0,"pct":0}}
,"/Users/blainemcdonnell/git/NewOrder/src/data/types/technology.types.ts": {"lines":{"total":0,"covered":0,"skipped":0,"pct":0},"functions":{"total":0,"covered":0,"skipped":0,"pct":0},"statements":{"total":0,"covered":0,"skipped":0,"pct":0},"branches":{"total":0,"covered":0,"skipped":0,"pct":0}}
,"/Users/blainemcdonnell/git/NewOrder/src/engine/ai-evaluator.ts": {"lines":{"total":115,"covered":112,"skipped":0,"pct":97.39},"functions":{"total":14,"covered":14,"skipped":0,"pct":100},"statements":{"total":119,"covered":114,"skipped":0,"pct":95.79},"branches":{"total":72,"covered":61,"skipped":0,"pct":84.72}}
,"/Users/blainemcdonnell/git/NewOrder/src/engine/ai-perception-engine.ts": {"lines":{"total":63,"covered":61,"skipped":0,"pct":96.82},"functions":{"total":14,"covered":14,"skipped":0,"pct":100},"statements":{"total":64,"covered":62,"skipped":0,"pct":96.87},"branches":{"total":33,"covered":31,"skipped":0,"pct":93.93}}
,"/Users/blainemcdonnell/git/NewOrder/src/engine/ai-profiles.ts": {"lines":{"total":8,"covered":8,"skipped":0,"pct":100},"functions":{"total":3,"covered":3,"skipped":0,"pct":100},"statements":{"total":8,"covered":8,"skipped":0,"pct":100},"branches":{"total":2,"covered":1,"skipped":0,"pct":50}}
,"/Users/blainemcdonnell/git/NewOrder/src/engine/alliance-credibility.ts": {"lines":{"total":50,"covered":48,"skipped":0,"pct":96},"functions":{"total":11,"covered":11,"skipped":0,"pct":100},"statements":{"total":54,"covered":52,"skipped":0,"pct":96.29},"branches":{"total":27,"covered":26,"skipped":0,"pct":96.29}}
,"/Users/blainemcdonnell/git/NewOrder/src/engine/alliance-evaluator.ts": {"lines":{"total":58,"covered":49,"skipped":0,"pct":84.48},"functions":{"total":3,"covered":3,"skipped":0,"pct":100},"statements":{"total":59,"covered":50,"skipped":0,"pct":84.74},"branches":{"total":42,"covered":35,"skipped":0,"pct":83.33}}
,"/Users/blainemcdonnell/git/NewOrder/src/engine/arms-failedstate-engine.ts": {"lines":{"total":62,"covered":61,"skipped":0,"pct":98.38},"functions":{"total":8,"covered":8,"skipped":0,"pct":100},"statements":{"total":62,"covered":61,"skipped":0,"pct":98.38},"branches":{"total":19,"covered":17,"skipped":0,"pct":89.47}}
,"/Users/blainemcdonnell/git/NewOrder/src/engine/chemistry-trust.ts": {"lines":{"total":45,"covered":45,"skipped":0,"pct":100},"functions":{"total":10,"covered":10,"skipped":0,"pct":100},"statements":{"total":45,"covered":45,"skipped":0,"pct":100},"branches":{"total":17,"covered":17,"skipped":0,"pct":100}}
,"/Users/blainemcdonnell/git/NewOrder/src/engine/chokepoint.ts": {"lines":{"total":55,"covered":55,"skipped":0,"pct":100},"functions":{"total":15,"covered":15,"skipped":0,"pct":100},"statements":{"total":63,"covered":56,"skipped":0,"pct":88.88},"branches":{"total":29,"covered":22,"skipped":0,"pct":75.86}}
,"/Users/blainemcdonnell/git/NewOrder/src/engine/civil-unrest.ts": {"lines":{"total":39,"covered":37,"skipped":0,"pct":94.87},"functions":{"total":10,"covered":10,"skipped":0,"pct":100},"statements":{"total":41,"covered":39,"skipped":0,"pct":95.12},"branches":{"total":16,"covered":15,"skipped":0,"pct":93.75}}
,"/Users/blainemcdonnell/git/NewOrder/src/engine/climate-refugee-engine.ts": {"lines":{"total":70,"covered":66,"skipped":0,"pct":94.28},"functions":{"total":7,"covered":7,"skipped":0,"pct":100},"statements":{"total":70,"covered":66,"skipped":0,"pct":94.28},"branches":{"total":25,"covered":23,"skipped":0,"pct":92}}
,"/Users/blainemcdonnell/git/NewOrder/src/engine/cognitive-bias.ts": {"lines":{"total":65,"covered":65,"skipped":0,"pct":100},"functions":{"total":6,"covered":6,"skipped":0,"pct":100},"statements":{"total":65,"covered":65,"skipped":0,"pct":100},"branches":{"total":42,"covered":42,"skipped":0,"pct":100}}
,"/Users/blainemcdonnell/git/NewOrder/src/engine/combat.ts": {"lines":{"total":132,"covered":106,"skipped":0,"pct":80.3},"functions":{"total":4,"covered":4,"skipped":0,"pct":100},"statements":{"total":133,"covered":107,"skipped":0,"pct":80.45},"branches":{"total":54,"covered":42,"skipped":0,"pct":77.77}}
,"/Users/blainemcdonnell/git/NewOrder/src/engine/covert-insurgency.ts": {"lines":{"total":31,"covered":31,"skipped":0,"pct":100},"functions":{"total":7,"covered":7,"skipped":0,"pct":100},"statements":{"total":32,"covered":32,"skipped":0,"pct":100},"branches":{"total":14,"covered":14,"skipped":0,"pct":100}}
,"/Users/blainemcdonnell/git/NewOrder/src/engine/decision-fatigue.ts": {"lines":{"total":25,"covered":25,"skipped":0,"pct":100},"functions":{"total":7,"covered":7,"skipped":0,"pct":100},"statements":{"total":25,"covered":25,"skipped":0,"pct":100},"branches":{"total":10,"covered":10,"skipped":0,"pct":100}}
,"/Users/blainemcdonnell/git/NewOrder/src/engine/diplomacy-agreements.ts": {"lines":{"total":106,"covered":101,"skipped":0,"pct":95.28},"functions":{"total":21,"covered":21,"skipped":0,"pct":100},"statements":{"total":110,"covered":104,"skipped":0,"pct":94.54},"branches":{"total":76,"covered":70,"skipped":0,"pct":92.1}}
,"/Users/blainemcdonnell/git/NewOrder/src/engine/discovery-engine.ts": {"lines":{"total":40,"covered":40,"skipped":0,"pct":100},"functions":{"total":7,"covered":7,"skipped":0,"pct":100},"statements":{"total":40,"covered":40,"skipped":0,"pct":100},"branches":{"total":14,"covered":14,"skipped":0,"pct":100}}
,"/Users/blainemcdonnell/git/NewOrder/src/engine/double-agent-japan-engine.ts": {"lines":{"total":50,"covered":50,"skipped":0,"pct":100},"functions":{"total":9,"covered":9,"skipped":0,"pct":100},"statements":{"total":50,"covered":50,"skipped":0,"pct":100},"branches":{"total":24,"covered":24,"skipped":0,"pct":100}}
,"/Users/blainemcdonnell/git/NewOrder/src/engine/echo-chamber.ts": {"lines":{"total":27,"covered":27,"skipped":0,"pct":100},"functions":{"total":4,"covered":4,"skipped":0,"pct":100},"statements":{"total":27,"covered":27,"skipped":0,"pct":100},"branches":{"total":28,"covered":28,"skipped":0,"pct":100}}
,"/Users/blainemcdonnell/git/NewOrder/src/engine/economic-engine.ts": {"lines":{"total":24,"covered":24,"skipped":0,"pct":100},"functions":{"total":8,"covered":8,"skipped":0,"pct":100},"statements":{"total":24,"covered":24,"skipped":0,"pct":100},"branches":{"total":8,"covered":8,"skipped":0,"pct":100}}
,"/Users/blainemcdonnell/git/NewOrder/src/engine/emotional-state.ts": {"lines":{"total":51,"covered":51,"skipped":0,"pct":100},"functions":{"total":6,"covered":6,"skipped":0,"pct":100},"statements":{"total":51,"covered":51,"skipped":0,"pct":100},"branches":{"total":34,"covered":34,"skipped":0,"pct":100}}
,"/Users/blainemcdonnell/git/NewOrder/src/engine/event-logger.ts": {"lines":{"total":38,"covered":36,"skipped":0,"pct":94.73},"functions":{"total":21,"covered":21,"skipped":0,"pct":100},"statements":{"total":43,"covered":41,"skipped":0,"pct":95.34},"branches":{"total":29,"covered":26,"skipped":0,"pct":89.65}}
,"/Users/blainemcdonnell/git/NewOrder/src/engine/export-controls-engine.ts": {"lines":{"total":34,"covered":30,"skipped":0,"pct":88.23},"functions":{"total":7,"covered":7,"skipped":0,"pct":100},"statements":{"total":34,"covered":30,"skipped":0,"pct":88.23},"branches":{"total":20,"covered":18,"skipped":0,"pct":90}}
,"/Users/blainemcdonnell/git/NewOrder/src/engine/financial-warfare.ts": {"lines":{"total":37,"covered":33,"skipped":0,"pct":89.18},"functions":{"total":7,"covered":7,"skipped":0,"pct":100},"statements":{"total":37,"covered":33,"skipped":0,"pct":89.18},"branches":{"total":30,"covered":24,"skipped":0,"pct":80}}
,"/Users/blainemcdonnell/git/NewOrder/src/engine/fog-of-intent.ts": {"lines":{"total":49,"covered":48,"skipped":0,"pct":97.95},"functions":{"total":12,"covered":12,"skipped":0,"pct":100},"statements":{"total":49,"covered":48,"skipped":0,"pct":97.95},"branches":{"total":58,"covered":45,"skipped":0,"pct":77.58}}
,"/Users/blainemcdonnell/git/NewOrder/src/engine/force-structure.ts": {"lines":{"total":40,"covered":38,"skipped":0,"pct":95},"functions":{"total":9,"covered":9,"skipped":0,"pct":100},"statements":{"total":40,"covered":38,"skipped":0,"pct":95},"branches":{"total":18,"covered":16,"skipped":0,"pct":88.88}}
,"/Users/blainemcdonnell/git/NewOrder/src/engine/geographic-posture.ts": {"lines":{"total":30,"covered":30,"skipped":0,"pct":100},"functions":{"total":9,"covered":9,"skipped":0,"pct":100},"statements":{"total":30,"covered":30,"skipped":0,"pct":100},"branches":{"total":16,"covered":15,"skipped":0,"pct":93.75}}
,"/Users/blainemcdonnell/git/NewOrder/src/engine/grey-zone-ops.ts": {"lines":{"total":45,"covered":45,"skipped":0,"pct":100},"functions":{"total":9,"covered":9,"skipped":0,"pct":100},"statements":{"total":46,"covered":46,"skipped":0,"pct":100},"branches":{"total":22,"covered":22,"skipped":0,"pct":100}}
,"/Users/blainemcdonnell/git/NewOrder/src/engine/grudge-ledger.ts": {"lines":{"total":46,"covered":46,"skipped":0,"pct":100},"functions":{"total":13,"covered":13,"skipped":0,"pct":100},"statements":{"total":46,"covered":46,"skipped":0,"pct":100},"branches":{"total":55,"covered":55,"skipped":0,"pct":100}}
,"/Users/blainemcdonnell/git/NewOrder/src/engine/headline-generator.ts": {"lines":{"total":53,"covered":53,"skipped":0,"pct":100},"functions":{"total":12,"covered":12,"skipped":0,"pct":100},"statements":{"total":53,"covered":53,"skipped":0,"pct":100},"branches":{"total":20,"covered":12,"skipped":0,"pct":60}}
,"/Users/blainemcdonnell/git/NewOrder/src/engine/hex-map.ts": {"lines":{"total":153,"covered":148,"skipped":0,"pct":96.73},"functions":{"total":31,"covered":31,"skipped":0,"pct":100},"statements":{"total":159,"covered":154,"skipped":0,"pct":96.85},"branches":{"total":50,"covered":39,"skipped":0,"pct":78}}
,"/Users/blainemcdonnell/git/NewOrder/src/engine/inequality-media.ts": {"lines":{"total":42,"covered":42,"skipped":0,"pct":100},"functions":{"total":7,"covered":7,"skipped":0,"pct":100},"statements":{"total":42,"covered":42,"skipped":0,"pct":100},"branches":{"total":22,"covered":21,"skipped":0,"pct":95.45}}
,"/Users/blainemcdonnell/git/NewOrder/src/engine/insurrection-civilwar-engine.ts": {"lines":{"total":56,"covered":56,"skipped":0,"pct":100},"functions":{"total":10,"covered":10,"skipped":0,"pct":100},"statements":{"total":57,"covered":57,"skipped":0,"pct":100},"branches":{"total":23,"covered":21,"skipped":0,"pct":91.3}}
,"/Users/blainemcdonnell/git/NewOrder/src/engine/intel-capability.ts": {"lines":{"total":48,"covered":46,"skipped":0,"pct":95.83},"functions":{"total":10,"covered":10,"skipped":0,"pct":100},"statements":{"total":48,"covered":46,"skipped":0,"pct":95.83},"branches":{"total":17,"covered":16,"skipped":0,"pct":94.11}}
,"/Users/blainemcdonnell/git/NewOrder/src/engine/intel-operations.ts": {"lines":{"total":70,"covered":65,"skipped":0,"pct":92.85},"functions":{"total":12,"covered":12,"skipped":0,"pct":100},"statements":{"total":70,"covered":65,"skipped":0,"pct":92.85},"branches":{"total":37,"covered":33,"skipped":0,"pct":89.18}}
,"/Users/blainemcdonnell/git/NewOrder/src/engine/intel-sharing.ts": {"lines":{"total":65,"covered":65,"skipped":0,"pct":100},"functions":{"total":11,"covered":11,"skipped":0,"pct":100},"statements":{"total":68,"covered":68,"skipped":0,"pct":100},"branches":{"total":44,"covered":43,"skipped":0,"pct":97.72}}
,"/Users/blainemcdonnell/git/NewOrder/src/engine/intelligence-reliability.ts": {"lines":{"total":47,"covered":47,"skipped":0,"pct":100},"functions":{"total":9,"covered":9,"skipped":0,"pct":100},"statements":{"total":47,"covered":47,"skipped":0,"pct":100},"branches":{"total":10,"covered":9,"skipped":0,"pct":90}}
,"/Users/blainemcdonnell/git/NewOrder/src/engine/invasion.ts": {"lines":{"total":31,"covered":31,"skipped":0,"pct":100},"functions":{"total":6,"covered":6,"skipped":0,"pct":100},"statements":{"total":36,"covered":36,"skipped":0,"pct":100},"branches":{"total":22,"covered":17,"skipped":0,"pct":77.27}}
,"/Users/blainemcdonnell/git/NewOrder/src/engine/leader-creation.ts": {"lines":{"total":95,"covered":95,"skipped":0,"pct":100},"functions":{"total":15,"covered":15,"skipped":0,"pct":100},"statements":{"total":104,"covered":104,"skipped":0,"pct":100},"branches":{"total":74,"covered":63,"skipped":0,"pct":85.13}}
,"/Users/blainemcdonnell/git/NewOrder/src/engine/leader-expansion-engine.ts": {"lines":{"total":99,"covered":98,"skipped":0,"pct":98.98},"functions":{"total":14,"covered":14,"skipped":0,"pct":100},"statements":{"total":101,"covered":100,"skipped":0,"pct":99},"branches":{"total":52,"covered":44,"skipped":0,"pct":84.61}}
,"/Users/blainemcdonnell/git/NewOrder/src/engine/legitimacy.ts": {"lines":{"total":24,"covered":23,"skipped":0,"pct":95.83},"functions":{"total":9,"covered":8,"skipped":0,"pct":88.88},"statements":{"total":24,"covered":23,"skipped":0,"pct":95.83},"branches":{"total":4,"covered":4,"skipped":0,"pct":100}}
,"/Users/blainemcdonnell/git/NewOrder/src/engine/logger.ts": {"lines":{"total":36,"covered":21,"skipped":0,"pct":58.33},"functions":{"total":11,"covered":4,"skipped":0,"pct":36.36},"statements":{"total":38,"covered":22,"skipped":0,"pct":57.89},"branches":{"total":24,"covered":11,"skipped":0,"pct":45.83}}
,"/Users/blainemcdonnell/git/NewOrder/src/engine/loss-warning.ts": {"lines":{"total":115,"covered":113,"skipped":0,"pct":98.26},"functions":{"total":17,"covered":17,"skipped":0,"pct":100},"statements":{"total":116,"covered":114,"skipped":0,"pct":98.27},"branches":{"total":70,"covered":68,"skipped":0,"pct":97.14}}
,"/Users/blainemcdonnell/git/NewOrder/src/engine/market-reactions.ts": {"lines":{"total":50,"covered":50,"skipped":0,"pct":100},"functions":{"total":11,"covered":11,"skipped":0,"pct":100},"statements":{"total":56,"covered":53,"skipped":0,"pct":94.64},"branches":{"total":26,"covered":20,"skipped":0,"pct":76.92}}
,"/Users/blainemcdonnell/git/NewOrder/src/engine/mass-psychology.ts": {"lines":{"total":80,"covered":80,"skipped":0,"pct":100},"functions":{"total":5,"covered":5,"skipped":0,"pct":100},"statements":{"total":80,"covered":80,"skipped":0,"pct":100},"branches":{"total":61,"covered":61,"skipped":0,"pct":100}}
,"/Users/blainemcdonnell/git/NewOrder/src/engine/media-ecosystem.ts": {"lines":{"total":67,"covered":63,"skipped":0,"pct":94.02},"functions":{"total":13,"covered":13,"skipped":0,"pct":100},"statements":{"total":73,"covered":69,"skipped":0,"pct":94.52},"branches":{"total":31,"covered":28,"skipped":0,"pct":90.32}}
,"/Users/blainemcdonnell/git/NewOrder/src/engine/military-doctrine.ts": {"lines":{"total":67,"covered":65,"skipped":0,"pct":97.01},"functions":{"total":10,"covered":10,"skipped":0,"pct":100},"statements":{"total":71,"covered":69,"skipped":0,"pct":97.18},"branches":{"total":83,"covered":82,"skipped":0,"pct":98.79}}
,"/Users/blainemcdonnell/git/NewOrder/src/engine/mineral-food-engine.ts": {"lines":{"total":74,"covered":72,"skipped":0,"pct":97.29},"functions":{"total":11,"covered":11,"skipped":0,"pct":100},"statements":{"total":77,"covered":75,"skipped":0,"pct":97.4},"branches":{"total":37,"covered":36,"skipped":0,"pct":97.29}}
,"/Users/blainemcdonnell/git/NewOrder/src/engine/narrative-battle-engine.ts": {"lines":{"total":71,"covered":69,"skipped":0,"pct":97.18},"functions":{"total":12,"covered":12,"skipped":0,"pct":100},"statements":{"total":79,"covered":75,"skipped":0,"pct":94.93},"branches":{"total":32,"covered":28,"skipped":0,"pct":87.5}}
,"/Users/blainemcdonnell/git/NewOrder/src/engine/narrative-campaign.ts": {"lines":{"total":80,"covered":76,"skipped":0,"pct":95},"functions":{"total":16,"covered":16,"skipped":0,"pct":100},"statements":{"total":81,"covered":77,"skipped":0,"pct":95.06},"branches":{"total":34,"covered":30,"skipped":0,"pct":88.23}}
,"/Users/blainemcdonnell/git/NewOrder/src/engine/nation-briefing.ts": {"lines":{"total":60,"covered":60,"skipped":0,"pct":100},"functions":{"total":18,"covered":18,"skipped":0,"pct":100},"statements":{"total":65,"covered":64,"skipped":0,"pct":98.46},"branches":{"total":68,"covered":44,"skipped":0,"pct":64.7}}
,"/Users/blainemcdonnell/git/NewOrder/src/engine/nation-selection.ts": {"lines":{"total":53,"covered":52,"skipped":0,"pct":98.11},"functions":{"total":8,"covered":8,"skipped":0,"pct":100},"statements":{"total":53,"covered":52,"skipped":0,"pct":98.11},"branches":{"total":30,"covered":26,"skipped":0,"pct":86.66}}
,"/Users/blainemcdonnell/git/NewOrder/src/engine/nuclear-escalation.ts": {"lines":{"total":110,"covered":101,"skipped":0,"pct":91.81},"functions":{"total":8,"covered":8,"skipped":0,"pct":100},"statements":{"total":115,"covered":101,"skipped":0,"pct":87.82},"branches":{"total":55,"covered":46,"skipped":0,"pct":83.63}}
,"/Users/blainemcdonnell/git/NewOrder/src/engine/nuclear-iran.ts": {"lines":{"total":36,"covered":36,"skipped":0,"pct":100},"functions":{"total":8,"covered":8,"skipped":0,"pct":100},"statements":{"total":36,"covered":36,"skipped":0,"pct":100},"branches":{"total":22,"covered":17,"skipped":0,"pct":77.27}}
,"/Users/blainemcdonnell/git/NewOrder/src/engine/nuclear-strike.ts": {"lines":{"total":54,"covered":54,"skipped":0,"pct":100},"functions":{"total":8,"covered":8,"skipped":0,"pct":100},"statements":{"total":54,"covered":54,"skipped":0,"pct":100},"branches":{"total":36,"covered":36,"skipped":0,"pct":100}}
,"/Users/blainemcdonnell/git/NewOrder/src/engine/pandemic-diplomacy-engine.ts": {"lines":{"total":43,"covered":39,"skipped":0,"pct":90.69},"functions":{"total":7,"covered":7,"skipped":0,"pct":100},"statements":{"total":43,"covered":39,"skipped":0,"pct":90.69},"branches":{"total":38,"covered":36,"skipped":0,"pct":94.73}}
,"/Users/blainemcdonnell/git/NewOrder/src/engine/personality-drift.ts": {"lines":{"total":54,"covered":52,"skipped":0,"pct":96.29},"functions":{"total":8,"covered":8,"skipped":0,"pct":100},"statements":{"total":54,"covered":52,"skipped":0,"pct":96.29},"branches":{"total":31,"covered":29,"skipped":0,"pct":93.54}}
,"/Users/blainemcdonnell/git/NewOrder/src/engine/projection-whatif-engine.ts": {"lines":{"total":37,"covered":37,"skipped":0,"pct":100},"functions":{"total":7,"covered":7,"skipped":0,"pct":100},"statements":{"total":37,"covered":37,"skipped":0,"pct":100},"branches":{"total":8,"covered":6,"skipped":0,"pct":75}}
,"/Users/blainemcdonnell/git/NewOrder/src/engine/proxy-autonomy-engine.ts": {"lines":{"total":52,"covered":49,"skipped":0,"pct":94.23},"functions":{"total":7,"covered":7,"skipped":0,"pct":100},"statements":{"total":52,"covered":49,"skipped":0,"pct":94.23},"branches":{"total":32,"covered":30,"skipped":0,"pct":93.75}}
,"/Users/blainemcdonnell/git/NewOrder/src/engine/proxy-network-engine.ts": {"lines":{"total":41,"covered":39,"skipped":0,"pct":95.12},"functions":{"total":6,"covered":6,"skipped":0,"pct":100},"statements":{"total":41,"covered":39,"skipped":0,"pct":95.12},"branches":{"total":9,"covered":8,"skipped":0,"pct":88.88}}
,"/Users/blainemcdonnell/git/NewOrder/src/engine/psychological-journey-engine.ts": {"lines":{"total":100,"covered":100,"skipped":0,"pct":100},"functions":{"total":14,"covered":14,"skipped":0,"pct":100},"statements":{"total":104,"covered":104,"skipped":0,"pct":100},"branches":{"total":40,"covered":38,"skipped":0,"pct":95}}
,"/Users/blainemcdonnell/git/NewOrder/src/engine/psyops.ts": {"lines":{"total":58,"covered":54,"skipped":0,"pct":93.1},"functions":{"total":6,"covered":6,"skipped":0,"pct":100},"statements":{"total":59,"covered":55,"skipped":0,"pct":93.22},"branches":{"total":38,"covered":36,"skipped":0,"pct":94.73}}
,"/Users/blainemcdonnell/git/NewOrder/src/engine/recommended-actions.ts": {"lines":{"total":65,"covered":65,"skipped":0,"pct":100},"functions":{"total":14,"covered":14,"skipped":0,"pct":100},"statements":{"total":69,"covered":69,"skipped":0,"pct":100},"branches":{"total":19,"covered":19,"skipped":0,"pct":100}}
,"/Users/blainemcdonnell/git/NewOrder/src/engine/regime-powerbase-engine.ts": {"lines":{"total":84,"covered":84,"skipped":0,"pct":100},"functions":{"total":11,"covered":11,"skipped":0,"pct":100},"statements":{"total":85,"covered":85,"skipped":0,"pct":100},"branches":{"total":28,"covered":27,"skipped":0,"pct":96.42}}
,"/Users/blainemcdonnell/git/NewOrder/src/engine/repression-engine.ts": {"lines":{"total":31,"covered":31,"skipped":0,"pct":100},"functions":{"total":7,"covered":7,"skipped":0,"pct":100},"statements":{"total":31,"covered":31,"skipped":0,"pct":100},"branches":{"total":10,"covered":10,"skipped":0,"pct":100}}
,"/Users/blainemcdonnell/git/NewOrder/src/engine/resource-disruption.ts": {"lines":{"total":75,"covered":75,"skipped":0,"pct":100},"functions":{"total":16,"covered":16,"skipped":0,"pct":100},"statements":{"total":80,"covered":79,"skipped":0,"pct":98.75},"branches":{"total":33,"covered":30,"skipped":0,"pct":90.9}}
,"/Users/blainemcdonnell/git/NewOrder/src/engine/resource-security.ts": {"lines":{"total":69,"covered":69,"skipped":0,"pct":100},"functions":{"total":12,"covered":12,"skipped":0,"pct":100},"statements":{"total":70,"covered":70,"skipped":0,"pct":100},"branches":{"total":50,"covered":34,"skipped":0,"pct":68}}
,"/Users/blainemcdonnell/git/NewOrder/src/engine/rival-pivot-engine.ts": {"lines":{"total":63,"covered":62,"skipped":0,"pct":98.41},"functions":{"total":10,"covered":10,"skipped":0,"pct":100},"statements":{"total":66,"covered":65,"skipped":0,"pct":98.48},"branches":{"total":30,"covered":29,"skipped":0,"pct":96.66}}
,"/Users/blainemcdonnell/git/NewOrder/src/engine/rng.ts": {"lines":{"total":39,"covered":39,"skipped":0,"pct":100},"functions":{"total":11,"covered":11,"skipped":0,"pct":100},"statements":{"total":40,"covered":40,"skipped":0,"pct":100},"branches":{"total":9,"covered":9,"skipped":0,"pct":100}}
,"/Users/blainemcdonnell/git/NewOrder/src/engine/sanctions-engine.ts": {"lines":{"total":42,"covered":40,"skipped":0,"pct":95.23},"functions":{"total":5,"covered":5,"skipped":0,"pct":100},"statements":{"total":42,"covered":40,"skipped":0,"pct":95.23},"branches":{"total":20,"covered":18,"skipped":0,"pct":90}}
,"/Users/blainemcdonnell/git/NewOrder/src/engine/save-manager.ts": {"lines":{"total":90,"covered":84,"skipped":0,"pct":93.33},"functions":{"total":16,"covered":16,"skipped":0,"pct":100},"statements":{"total":95,"covered":88,"skipped":0,"pct":92.63},"branches":{"total":52,"covered":44,"skipped":0,"pct":84.61}}
,"/Users/blainemcdonnell/git/NewOrder/src/engine/scenario-difficulty-un-engine.ts": {"lines":{"total":60,"covered":58,"skipped":0,"pct":96.66},"functions":{"total":17,"covered":17,"skipped":0,"pct":100},"statements":{"total":64,"covered":62,"skipped":0,"pct":96.87},"branches":{"total":30,"covered":28,"skipped":0,"pct":93.33}}
,"/Users/blainemcdonnell/git/NewOrder/src/engine/secondary-sanctions.ts": {"lines":{"total":41,"covered":39,"skipped":0,"pct":95.12},"functions":{"total":6,"covered":6,"skipped":0,"pct":100},"statements":{"total":41,"covered":39,"skipped":0,"pct":95.12},"branches":{"total":27,"covered":26,"skipped":0,"pct":96.29}}
,"/Users/blainemcdonnell/git/NewOrder/src/engine/space-ai-engine.ts": {"lines":{"total":65,"covered":63,"skipped":0,"pct":96.92},"functions":{"total":6,"covered":6,"skipped":0,"pct":100},"statements":{"total":65,"covered":63,"skipped":0,"pct":96.92},"branches":{"total":39,"covered":38,"skipped":0,"pct":97.43}}
,"/Users/blainemcdonnell/git/NewOrder/src/engine/special-capabilities.ts": {"lines":{"total":73,"covered":67,"skipped":0,"pct":91.78},"functions":{"total":19,"covered":19,"skipped":0,"pct":100},"statements":{"total":73,"covered":67,"skipped":0,"pct":91.78},"branches":{"total":40,"covered":37,"skipped":0,"pct":92.5}}
,"/Users/blainemcdonnell/git/NewOrder/src/engine/store.ts": {"lines":{"total":122,"covered":122,"skipped":0,"pct":100},"functions":{"total":14,"covered":14,"skipped":0,"pct":100},"statements":{"total":125,"covered":125,"skipped":0,"pct":100},"branches":{"total":24,"covered":24,"skipped":0,"pct":100}}
,"/Users/blainemcdonnell/git/NewOrder/src/engine/strategic-analysis-engine.ts": {"lines":{"total":78,"covered":78,"skipped":0,"pct":100},"functions":{"total":10,"covered":10,"skipped":0,"pct":100},"statements":{"total":91,"covered":89,"skipped":0,"pct":97.8},"branches":{"total":48,"covered":44,"skipped":0,"pct":91.66}}
,"/Users/blainemcdonnell/git/NewOrder/src/engine/strategic-reserves.ts": {"lines":{"total":86,"covered":82,"skipped":0,"pct":95.34},"functions":{"total":16,"covered":16,"skipped":0,"pct":100},"statements":{"total":86,"covered":82,"skipped":0,"pct":95.34},"branches":{"total":30,"covered":24,"skipped":0,"pct":80}}
,"/Users/blainemcdonnell/git/NewOrder/src/engine/strategy-scoring-engine.ts": {"lines":{"total":57,"covered":57,"skipped":0,"pct":100},"functions":{"total":7,"covered":7,"skipped":0,"pct":100},"statements":{"total":62,"covered":62,"skipped":0,"pct":100},"branches":{"total":32,"covered":31,"skipped":0,"pct":96.87}}
,"/Users/blainemcdonnell/git/NewOrder/src/engine/tech-decoupling-engine.ts": {"lines":{"total":64,"covered":62,"skipped":0,"pct":96.87},"functions":{"total":6,"covered":6,"skipped":0,"pct":100},"statements":{"total":64,"covered":62,"skipped":0,"pct":96.87},"branches":{"total":49,"covered":48,"skipped":0,"pct":97.95}}
,"/Users/blainemcdonnell/git/NewOrder/src/engine/tech-index-engine.ts": {"lines":{"total":98,"covered":96,"skipped":0,"pct":97.95},"functions":{"total":7,"covered":7,"skipped":0,"pct":100},"statements":{"total":103,"covered":101,"skipped":0,"pct":98.05},"branches":{"total":48,"covered":47,"skipped":0,"pct":97.91}}
,"/Users/blainemcdonnell/git/NewOrder/src/engine/terrorist-escalation-engine.ts": {"lines":{"total":64,"covered":60,"skipped":0,"pct":93.75},"functions":{"total":7,"covered":7,"skipped":0,"pct":100},"statements":{"total":64,"covered":60,"skipped":0,"pct":93.75},"branches":{"total":20,"covered":17,"skipped":0,"pct":85}}
,"/Users/blainemcdonnell/git/NewOrder/src/engine/trade-warfare.ts": {"lines":{"total":71,"covered":68,"skipped":0,"pct":95.77},"functions":{"total":18,"covered":18,"skipped":0,"pct":100},"statements":{"total":77,"covered":73,"skipped":0,"pct":94.8},"branches":{"total":40,"covered":36,"skipped":0,"pct":90}}
,"/Users/blainemcdonnell/git/NewOrder/src/engine/turn-engine.ts": {"lines":{"total":57,"covered":56,"skipped":0,"pct":98.24},"functions":{"total":10,"covered":10,"skipped":0,"pct":100},"statements":{"total":57,"covered":56,"skipped":0,"pct":98.24},"branches":{"total":11,"covered":9,"skipped":0,"pct":81.81}}
,"/Users/blainemcdonnell/git/NewOrder/src/engine/tutorial-modding-engine.ts": {"lines":{"total":64,"covered":64,"skipped":0,"pct":100},"functions":{"total":12,"covered":12,"skipped":0,"pct":100},"statements":{"total":64,"covered":64,"skipped":0,"pct":100},"branches":{"total":74,"covered":72,"skipped":0,"pct":97.29}}
,"/Users/blainemcdonnell/git/NewOrder/src/engine/unit-registry.ts": {"lines":{"total":69,"covered":69,"skipped":0,"pct":100},"functions":{"total":24,"covered":24,"skipped":0,"pct":100},"statements":{"total":78,"covered":74,"skipped":0,"pct":94.87},"branches":{"total":46,"covered":41,"skipped":0,"pct":89.13}}
,"/Users/blainemcdonnell/git/NewOrder/src/engine/victory-loss-core.ts": {"lines":{"total":97,"covered":97,"skipped":0,"pct":100},"functions":{"total":13,"covered":13,"skipped":0,"pct":100},"statements":{"total":105,"covered":105,"skipped":0,"pct":100},"branches":{"total":74,"covered":65,"skipped":0,"pct":87.83}}
,"/Users/blainemcdonnell/git/NewOrder/src/engine/victory-loss-extended.ts": {"lines":{"total":152,"covered":149,"skipped":0,"pct":98.02},"functions":{"total":20,"covered":20,"skipped":0,"pct":100},"statements":{"total":153,"covered":150,"skipped":0,"pct":98.03},"branches":{"total":120,"covered":108,"skipped":0,"pct":90}}
,"/Users/blainemcdonnell/git/NewOrder/src/engine/victory-path.ts": {"lines":{"total":83,"covered":83,"skipped":0,"pct":100},"functions":{"total":10,"covered":10,"skipped":0,"pct":100},"statements":{"total":83,"covered":83,"skipped":0,"pct":100},"branches":{"total":46,"covered":44,"skipped":0,"pct":95.65}}
,"/Users/blainemcdonnell/git/NewOrder/src/engine/virality-deepfake-engine.ts": {"lines":{"total":88,"covered":82,"skipped":0,"pct":93.18},"functions":{"total":13,"covered":13,"skipped":0,"pct":100},"statements":{"total":88,"covered":82,"skipped":0,"pct":93.18},"branches":{"total":46,"covered":32,"skipped":0,"pct":69.56}}
,"/Users/blainemcdonnell/git/NewOrder/src/engine/visualization-data-engine.ts": {"lines":{"total":70,"covered":70,"skipped":0,"pct":100},"functions":{"total":21,"covered":21,"skipped":0,"pct":100},"statements":{"total":77,"covered":77,"skipped":0,"pct":100},"branches":{"total":29,"covered":29,"skipped":0,"pct":100}}
,"/Users/blainemcdonnell/git/NewOrder/src/engine/war-economy.ts": {"lines":{"total":49,"covered":47,"skipped":0,"pct":95.91},"functions":{"total":4,"covered":4,"skipped":0,"pct":100},"statements":{"total":49,"covered":47,"skipped":0,"pct":95.91},"branches":{"total":35,"covered":34,"skipped":0,"pct":97.14}}
,"/Users/blainemcdonnell/git/NewOrder/src/engine/config/ai.ts": {"lines":{"total":3,"covered":3,"skipped":0,"pct":100},"functions":{"total":0,"covered":0,"skipped":0,"pct":100},"statements":{"total":3,"covered":3,"skipped":0,"pct":100},"branches":{"total":0,"covered":0,"skipped":0,"pct":100}}
,"/Users/blainemcdonnell/git/NewOrder/src/engine/config/economy.ts": {"lines":{"total":4,"covered":4,"skipped":0,"pct":100},"functions":{"total":0,"covered":0,"skipped":0,"pct":100},"statements":{"total":4,"covered":4,"skipped":0,"pct":100},"branches":{"total":0,"covered":0,"skipped":0,"pct":100}}
,"/Users/blainemcdonnell/git/NewOrder/src/engine/config/geopolitics.ts": {"lines":{"total":4,"covered":4,"skipped":0,"pct":100},"functions":{"total":0,"covered":0,"skipped":0,"pct":100},"statements":{"total":4,"covered":4,"skipped":0,"pct":100},"branches":{"total":0,"covered":0,"skipped":0,"pct":100}}
,"/Users/blainemcdonnell/git/NewOrder/src/engine/config/information-warfare.ts": {"lines":{"total":3,"covered":3,"skipped":0,"pct":100},"functions":{"total":0,"covered":0,"skipped":0,"pct":100},"statements":{"total":3,"covered":3,"skipped":0,"pct":100},"branches":{"total":0,"covered":0,"skipped":0,"pct":100}}
,"/Users/blainemcdonnell/git/NewOrder/src/engine/config/intelligence.ts": {"lines":{"total":3,"covered":3,"skipped":0,"pct":100},"functions":{"total":0,"covered":0,"skipped":0,"pct":100},"statements":{"total":3,"covered":3,"skipped":0,"pct":100},"branches":{"total":0,"covered":0,"skipped":0,"pct":100}}
,"/Users/blainemcdonnell/git/NewOrder/src/engine/config/meta.ts": {"lines":{"total":1,"covered":1,"skipped":0,"pct":100},"functions":{"total":0,"covered":0,"skipped":0,"pct":100},"statements":{"total":1,"covered":1,"skipped":0,"pct":100},"branches":{"total":0,"covered":0,"skipped":0,"pct":100}}
,"/Users/blainemcdonnell/git/NewOrder/src/engine/config/military.ts": {"lines":{"total":3,"covered":3,"skipped":0,"pct":100},"functions":{"total":0,"covered":0,"skipped":0,"pct":100},"statements":{"total":3,"covered":3,"skipped":0,"pct":100},"branches":{"total":0,"covered":0,"skipped":0,"pct":100}}
,"/Users/blainemcdonnell/git/NewOrder/src/engine/config/psychology.ts": {"lines":{"total":1,"covered":1,"skipped":0,"pct":100},"functions":{"total":0,"covered":0,"skipped":0,"pct":100},"statements":{"total":1,"covered":1,"skipped":0,"pct":100},"branches":{"total":0,"covered":0,"skipped":0,"pct":100}}
,"/Users/blainemcdonnell/git/NewOrder/src/engine/config/stability.ts": {"lines":{"total":2,"covered":2,"skipped":0,"pct":100},"functions":{"total":0,"covered":0,"skipped":0,"pct":100},"statements":{"total":2,"covered":2,"skipped":0,"pct":100},"branches":{"total":0,"covered":0,"skipped":0,"pct":100}}
,"/Users/blainemcdonnell/git/NewOrder/src/engine/config/systems.ts": {"lines":{"total":7,"covered":7,"skipped":0,"pct":100},"functions":{"total":0,"covered":0,"skipped":0,"pct":100},"statements":{"total":7,"covered":7,"skipped":0,"pct":100},"branches":{"total":0,"covered":0,"skipped":0,"pct":100}}
,"/Users/blainemcdonnell/git/NewOrder/src/ui/ActionMenu.tsx": {"lines":{"total":27,"covered":25,"skipped":0,"pct":92.59},"functions":{"total":11,"covered":9,"skipped":0,"pct":81.81},"statements":{"total":29,"covered":27,"skipped":0,"pct":93.1},"branches":{"total":14,"covered":13,"skipped":0,"pct":92.85}}
,"/Users/blainemcdonnell/git/NewOrder/src/ui/App.tsx": {"lines":{"total":10,"covered":0,"skipped":0,"pct":0},"functions":{"total":3,"covered":0,"skipped":0,"pct":0},"statements":{"total":10,"covered":0,"skipped":0,"pct":0},"branches":{"total":2,"covered":0,"skipped":0,"pct":0}}
,"/Users/blainemcdonnell/git/NewOrder/src/ui/CommandCenter.tsx": {"lines":{"total":6,"covered":6,"skipped":0,"pct":100},"functions":{"total":2,"covered":2,"skipped":0,"pct":100},"statements":{"total":7,"covered":7,"skipped":0,"pct":100},"branches":{"total":4,"covered":4,"skipped":0,"pct":100}}
,"/Users/blainemcdonnell/git/NewOrder/src/ui/DiplomacyPanel.tsx": {"lines":{"total":60,"covered":60,"skipped":0,"pct":100},"functions":{"total":20,"covered":20,"skipped":0,"pct":100},"statements":{"total":68,"covered":68,"skipped":0,"pct":100},"branches":{"total":48,"covered":42,"skipped":0,"pct":87.5}}
,"/Users/blainemcdonnell/git/NewOrder/src/ui/HeadlinesPanel.tsx": {"lines":{"total":43,"covered":28,"skipped":0,"pct":65.11},"functions":{"total":19,"covered":10,"skipped":0,"pct":52.63},"statements":{"total":46,"covered":30,"skipped":0,"pct":65.21},"branches":{"total":33,"covered":19,"skipped":0,"pct":57.57}}
,"/Users/blainemcdonnell/git/NewOrder/src/ui/IntelPanel.tsx": {"lines":{"total":17,"covered":16,"skipped":0,"pct":94.11},"functions":{"total":5,"covered":5,"skipped":0,"pct":100},"statements":{"total":23,"covered":22,"skipped":0,"pct":95.65},"branches":{"total":20,"covered":19,"skipped":0,"pct":95}}
,"/Users/blainemcdonnell/git/NewOrder/src/ui/MapViewport.tsx": {"lines":{"total":6,"covered":6,"skipped":0,"pct":100},"functions":{"total":1,"covered":1,"skipped":0,"pct":100},"statements":{"total":6,"covered":6,"skipped":0,"pct":100},"branches":{"total":0,"covered":0,"skipped":0,"pct":100}}
,"/Users/blainemcdonnell/git/NewOrder/src/ui/StrategicDashboard.tsx": {"lines":{"total":52,"covered":46,"skipped":0,"pct":88.46},"functions":{"total":19,"covered":16,"skipped":0,"pct":84.21},"statements":{"total":60,"covered":51,"skipped":0,"pct":85},"branches":{"total":66,"covered":49,"skipped":0,"pct":74.24}}
,"/Users/blainemcdonnell/git/NewOrder/src/ui/TopBar.tsx": {"lines":{"total":22,"covered":21,"skipped":0,"pct":95.45},"functions":{"total":4,"covered":4,"skipped":0,"pct":100},"statements":{"total":24,"covered":23,"skipped":0,"pct":95.83},"branches":{"total":12,"covered":10,"skipped":0,"pct":83.33}}
,"/Users/blainemcdonnell/git/NewOrder/src/workers/protocol.ts": {"lines":{"total":2,"covered":2,"skipped":0,"pct":100},"functions":{"total":0,"covered":0,"skipped":0,"pct":100},"statements":{"total":2,"covered":2,"skipped":0,"pct":100},"branches":{"total":0,"covered":0,"skipped":0,"pct":100}}
,"/Users/blainemcdonnell/git/NewOrder/src/workers/simulation-bridge.ts": {"lines":{"total":65,"covered":0,"skipped":0,"pct":0},"functions":{"total":18,"covered":0,"skipped":0,"pct":0},"statements":{"total":65,"covered":0,"skipped":0,"pct":0},"branches":{"total":13,"covered":0,"skipped":0,"pct":0}}
,"/Users/blainemcdonnell/git/NewOrder/src/workers/simulation.worker.ts": {"lines":{"total":40,"covered":0,"skipped":0,"pct":0},"functions":{"total":9,"covered":0,"skipped":0,"pct":0},"statements":{"total":41,"covered":0,"skipped":0,"pct":0},"branches":{"total":17,"covered":0,"skipped":0,"pct":0}}
}
