TN:
SF:src/main.tsx
FNF:0
FNH:0
DA:5,0
LF:1
LH:0
BRF:0
BRH:0
end_of_record
TN:
SF:src/data/scenarios/march2026.scenario.ts
FNF:0
FNH:0
DA:35,0
DA:38,0
DA:50,0
DA:65,0
LF:4
LH:0
BRF:0
BRH:0
end_of_record
TN:
SF:src/data/types/advisory.types.ts
FNF:0
FNH:0
LF:0
LH:0
BRF:0
BRH:0
end_of_record
TN:
SF:src/data/types/core.types.ts
FNF:0
FNH:0
LF:0
LH:0
BRF:0
BRH:0
end_of_record
TN:
SF:src/data/types/enums.ts
FNF:0
FNH:0
DA:16,71
DA:30,71
DA:42,71
DA:49,71
DA:63,71
DA:74,71
DA:88,71
DA:101,71
DA:119,71
DA:129,71
DA:139,71
DA:155,71
DA:170,71
DA:180,71
DA:193,71
DA:202,71
DA:217,71
DA:228,71
DA:237,71
DA:247,71
DA:256,71
DA:272,71
DA:282,71
DA:292,71
DA:301,71
DA:310,71
DA:318,71
DA:331,71
DA:340,71
DA:349,71
DA:358,71
DA:369,71
DA:379,71
DA:391,71
DA:403,71
DA:412,71
DA:420,71
DA:428,71
DA:437,71
DA:446,71
DA:459,71
DA:472,71
DA:481,71
DA:491,71
DA:500,71
DA:509,71
DA:523,71
DA:536,71
DA:563,71
DA:577,71
DA:595,71
DA:609,71
DA:631,71
DA:642,71
DA:654,71
DA:663,71
DA:677,71
DA:688,71
DA:699,71
DA:708,71
DA:717,71
DA:729,71
DA:740,71
DA:753,71
DA:762,71
DA:771,71
DA:781,71
DA:792,71
DA:809,71
LF:69
LH:69
BRF:0
BRH:0
end_of_record
TN:
SF:src/data/types/financial.types.ts
FNF:0
FNH:0
LF:0
LH:0
BRF:0
BRH:0
end_of_record
TN:
SF:src/data/types/gamestate.types.ts
FNF:0
FNH:0
LF:0
LH:0
BRF:0
BRH:0
end_of_record
TN:
SF:src/data/types/infowar.types.ts
FNF:0
FNH:0
LF:0
LH:0
BRF:0
BRH:0
end_of_record
TN:
SF:src/data/types/leader.types.ts
FNF:0
FNH:0
LF:0
LH:0
BRF:0
BRH:0
end_of_record
TN:
SF:src/data/types/military.types.ts
FNF:0
FNH:0
LF:0
LH:0
BRF:0
BRH:0
end_of_record
TN:
SF:src/data/types/nation.types.ts
FNF:0
FNH:0
LF:0
LH:0
BRF:0
BRH:0
end_of_record
TN:
SF:src/data/types/proxy.types.ts
FNF:0
FNH:0
LF:0
LH:0
BRF:0
BRH:0
end_of_record
TN:
SF:src/data/types/resources.types.ts
FNF:0
FNH:0
LF:0
LH:0
BRF:0
BRH:0
end_of_record
TN:
SF:src/data/types/scenario.types.ts
FNF:0
FNH:0
LF:0
LH:0
BRF:0
BRH:0
end_of_record
TN:
SF:src/data/types/technology.types.ts
FNF:0
FNH:0
LF:0
LH:0
BRF:0
BRH:0
end_of_record
TN:
SF:src/engine/ai-evaluator.ts
FN:270,(anonymous_0)
FN:302,(anonymous_1)
FN:309,(anonymous_2)
FN:460,(anonymous_3)
FN:499,(anonymous_4)
FN:544,(anonymous_5)
FN:563,(anonymous_6)
FN:603,(anonymous_7)
FN:666,(anonymous_8)
FN:716,(anonymous_9)
FN:736,(anonymous_10)
FN:764,(anonymous_11)
FN:776,(anonymous_12)
FN:798,clamp
FNF:14
FNH:14
FNDA:4,(anonymous_0)
FNDA:296,(anonymous_1)
FNDA:251,(anonymous_2)
FNDA:730,(anonymous_3)
FNDA:4,(anonymous_4)
FNDA:4,(anonymous_5)
FNDA:4,(anonymous_6)
FNDA:4,(anonymous_7)
FNDA:4,(anonymous_8)
FNDA:4,(anonymous_9)
FNDA:4,(anonymous_10)
FNDA:4,(anonymous_11)
FNDA:4,(anonymous_12)
FNDA:327,clamp
DA:196,4
DA:207,4
DA:215,4
DA:217,4
DA:219,4
DA:221,4
DA:223,4
DA:226,4
DA:228,4
DA:230,4
DA:233,4
DA:234,4
DA:281,25
DA:283,25
DA:284,25
DA:287,25
DA:292,25
DA:293,1
DA:302,25
DA:303,296
DA:304,50
DA:306,246
DA:309,25
DA:311,251
DA:312,251
DA:323,251
DA:324,3
DA:333,251
DA:337,251
DA:338,251
DA:340,251
DA:341,3
DA:350,251
DA:355,251
DA:356,251
DA:357,251
DA:359,251
DA:360,3
DA:369,251
DA:376,251
DA:377,251
DA:378,251
DA:380,251
DA:381,0
DA:390,251
DA:394,251
DA:395,251
DA:397,251
DA:398,0
DA:408,251
DA:413,251
DA:415,251
DA:416,0
DA:425,251
DA:430,251
DA:431,251
DA:432,251
DA:434,251
DA:435,3
DA:444,251
DA:445,251
DA:447,251
DA:448,3
DA:456,251
DA:460,730
DA:463,25
DA:464,25
DA:466,1
DA:471,24
DA:507,5
DA:509,5
DA:545,29
DA:567,28
DA:569,28
DA:608,257
DA:611,257
DA:616,77
DA:620,257
DA:624,86
DA:628,257
DA:633,77
DA:638,257
DA:639,37
DA:643,257
DA:644,6
DA:647,257
DA:672,33
DA:673,33
DA:675,33
DA:678,33
DA:679,5
DA:680,28
DA:682,5
DA:686,33
DA:687,7
DA:690,33
DA:721,1253
DA:723,1253
DA:724,1253
DA:740,753
DA:743,753
DA:744,753
DA:747,753
DA:748,1401
DA:749,1401
DA:751,1401
DA:752,1401
DA:754,1401
DA:757,753
DA:768,251
DA:769,7
DA:781,251
DA:785,251
DA:789,251
DA:799,327
LF:115
LH:112
BRDA:292,0,0,1
BRDA:292,0,1,24
BRDA:303,1,0,50
BRDA:303,1,1,246
BRDA:323,2,0,3
BRDA:323,2,1,248
BRDA:340,3,0,3
BRDA:340,3,1,248
BRDA:359,4,0,3
BRDA:359,4,1,248
BRDA:364,5,0,3
BRDA:364,5,1,0
BRDA:369,6,0,27
BRDA:369,6,1,224
BRDA:380,7,0,0
BRDA:380,7,1,251
BRDA:380,8,0,251
BRDA:380,8,1,3
BRDA:385,9,0,0
BRDA:385,9,1,0
BRDA:397,10,0,0
BRDA:397,10,1,251
BRDA:397,11,0,251
BRDA:397,11,1,3
BRDA:415,12,0,0
BRDA:415,12,1,251
BRDA:415,13,0,251
BRDA:415,13,1,3
BRDA:420,14,0,0
BRDA:420,14,1,0
BRDA:434,15,0,3
BRDA:434,15,1,248
BRDA:439,16,0,2
BRDA:439,16,1,1
BRDA:447,17,0,3
BRDA:447,17,1,248
BRDA:464,18,0,1
BRDA:464,18,1,24
BRDA:611,19,0,77
BRDA:611,19,1,180
BRDA:612,20,0,257
BRDA:612,20,1,208
BRDA:612,20,2,204
BRDA:620,21,0,86
BRDA:620,21,1,171
BRDA:621,22,0,257
BRDA:621,22,1,231
BRDA:628,23,0,77
BRDA:628,23,1,180
BRDA:629,24,0,257
BRDA:629,24,1,208
BRDA:629,24,2,204
BRDA:638,25,0,37
BRDA:638,25,1,220
BRDA:643,26,0,6
BRDA:643,26,1,251
BRDA:678,27,0,5
BRDA:678,27,1,28
BRDA:680,28,0,5
BRDA:680,28,1,23
BRDA:686,29,0,7
BRDA:686,29,1,26
BRDA:686,30,0,33
BRDA:686,30,1,7
BRDA:721,31,0,1253
BRDA:721,31,1,0
BRDA:749,32,0,0
BRDA:749,32,1,1401
BRDA:752,33,0,0
BRDA:752,33,1,1401
BRDA:768,34,0,244
BRDA:768,34,1,7
BRF:72
BRH:61
end_of_record
TN:
SF:src/engine/ai-perception-engine.ts
FN:40,clamp
FN:211,(anonymous_1)
FN:229,(anonymous_2)
FN:236,(anonymous_3)
FN:267,(anonymous_4)
FN:277,(anonymous_5)
FN:310,(anonymous_6)
FN:346,(anonymous_7)
FN:352,(anonymous_8)
FN:382,(anonymous_9)
FN:405,(anonymous_10)
FN:676,(anonymous_11)
FN:741,(anonymous_12)
FN:751,(anonymous_13)
FNF:14
FNH:14
FNDA:352,clamp
FNDA:49,(anonymous_1)
FNDA:21,(anonymous_2)
FNDA:163,(anonymous_3)
FNDA:44,(anonymous_4)
FNDA:352,(anonymous_5)
FNDA:7,(anonymous_6)
FNDA:7,(anonymous_7)
FNDA:42,(anonymous_8)
FNDA:42,(anonymous_9)
FNDA:28,(anonymous_10)
FNDA:7,(anonymous_11)
FNDA:7,(anonymous_12)
FNDA:56,(anonymous_13)
DA:41,352
DA:212,49
DA:233,21
DA:235,21
DA:236,163
DA:243,21
DA:271,44
DA:272,44
DA:276,44
DA:277,352
DA:288,44
DA:311,7
DA:312,7
DA:313,7
DA:315,7
DA:350,7
DA:352,7
DA:353,42
DA:355,7
DA:356,7
DA:357,7
DA:358,7
DA:359,7
DA:360,7
DA:362,7
DA:374,7
DA:382,42
DA:384,7
DA:406,28
DA:409,4
DA:439,3
DA:469,4
DA:499,3
DA:529,4
DA:559,4
DA:589,3
DA:619,3
DA:648,0
DA:649,0
DA:681,7
DA:683,7
DA:684,3
DA:687,7
DA:688,2
DA:691,7
DA:700,7
DA:701,42
DA:702,3
DA:708,7
DA:710,7
DA:745,7
DA:746,7
DA:748,7
DA:749,7
DA:751,7
DA:752,56
DA:753,56
DA:755,56
DA:756,8
DA:759,56
DA:766,7
DA:767,7
DA:769,7
LF:63
LH:61
BRDA:272,0,0,16
BRDA:272,0,1,28
BRDA:291,1,0,16
BRDA:291,1,1,28
BRDA:292,2,0,16
BRDA:292,2,1,28
BRDA:313,3,0,3
BRDA:313,3,1,4
BRDA:406,4,0,4
BRDA:406,4,1,3
BRDA:406,4,2,4
BRDA:406,4,3,3
BRDA:406,4,4,4
BRDA:406,4,5,4
BRDA:406,4,6,3
BRDA:406,4,7,3
BRDA:406,4,8,0
BRDA:683,5,0,3
BRDA:683,5,1,4
BRDA:687,6,0,2
BRDA:687,6,1,5
BRDA:701,7,0,3
BRDA:701,7,1,39
BRDA:714,8,0,5
BRDA:714,8,1,2
BRDA:715,9,0,5
BRDA:715,9,1,2
BRDA:716,10,0,5
BRDA:716,10,1,2
BRDA:755,11,0,8
BRDA:755,11,1,48
BRDA:767,12,0,7
BRDA:767,12,1,0
BRF:33
BRH:31
end_of_record
TN:
SF:src/engine/ai-profiles.ts
FN:518,getAIFactionConfig
FN:529,getStandardActions
FN:545,evaluateFactionTurn
FNF:3
FNH:3
FNDA:10,getAIFactionConfig
FNDA:2,getStandardActions
FNDA:12,evaluateFactionTurn
DA:71,3
DA:350,3
DA:521,10
DA:530,2
DA:548,12
DA:551,12
DA:555,12
DA:561,12
LF:8
LH:8
BRDA:551,0,0,12
BRDA:551,0,1,0
BRF:2
BRH:1
end_of_record
TN:
SF:src/engine/alliance-credibility.ts
FN:113,(anonymous_0)
FN:128,(anonymous_1)
FN:148,(anonymous_2)
FN:180,(anonymous_3)
FN:229,(anonymous_4)
FN:291,(anonymous_5)
FN:331,(anonymous_6)
FN:360,(anonymous_7)
FN:370,(anonymous_8)
FN:387,(anonymous_9)
FN:404,(anonymous_10)
FNF:11
FNH:11
FNDA:1,(anonymous_0)
FNDA:1,(anonymous_1)
FNDA:17,(anonymous_2)
FNDA:13,(anonymous_3)
FNDA:20,(anonymous_4)
FNDA:10,(anonymous_5)
FNDA:6,(anonymous_6)
FNDA:3,(anonymous_7)
FNDA:3,(anonymous_8)
FNDA:6,(anonymous_9)
FNDA:26,(anonymous_10)
DA:12,3
DA:114,1
DA:129,7
DA:149,17
DA:151,8
DA:153,4
DA:155,3
DA:157,2
DA:159,0
DA:160,0
DA:181,13
DA:182,13
DA:183,13
DA:185,13
DA:187,13
DA:195,13
DA:203,13
DA:234,20
DA:235,3
DA:244,17
DA:246,6
DA:248,6
DA:249,4
DA:259,13
DA:260,13
DA:261,13
DA:263,13
DA:268,13
DA:292,10
DA:293,2
DA:301,8
DA:302,2
DA:310,6
DA:313,6
DA:332,6
DA:333,6
DA:335,6
DA:336,10
DA:337,10
DA:339,10
DA:340,7
DA:347,6
DA:361,3
DA:371,3
DA:388,6
DA:389,4
DA:390,3
DA:391,2
DA:392,1
DA:405,26
LF:50
LH:48
BRDA:114,0,0,1
BRDA:114,0,1,1
BRDA:149,1,0,8
BRDA:149,1,1,4
BRDA:149,1,2,3
BRDA:149,1,3,2
BRDA:149,1,4,0
BRDA:234,2,0,3
BRDA:234,2,1,17
BRDA:244,3,0,6
BRDA:244,3,1,11
BRDA:248,4,0,4
BRDA:248,4,1,2
BRDA:292,5,0,2
BRDA:292,5,1,8
BRDA:301,6,0,2
BRDA:301,6,1,6
BRDA:339,7,0,7
BRDA:339,7,1,3
BRDA:388,8,0,2
BRDA:388,8,1,4
BRDA:389,9,0,1
BRDA:389,9,1,3
BRDA:390,10,0,1
BRDA:390,10,1,2
BRDA:391,11,0,1
BRDA:391,11,1,1
BRF:27
BRH:26
end_of_record
TN:
SF:src/engine/alliance-evaluator.ts
FN:145,(anonymous_0)
FN:334,(anonymous_1)
FN:354,(anonymous_2)
FNF:3
FNH:3
FNDA:3,(anonymous_0)
FNDA:3,(anonymous_1)
FNDA:3,(anonymous_2)
DA:103,3
DA:106,3
DA:109,3
DA:112,3
DA:155,22
DA:157,22
DA:160,22
DA:164,22
DA:172,22
DA:176,22
DA:184,22
DA:185,22
DA:186,176
DA:187,154
DA:188,176
DA:189,40
DA:192,22
DA:193,22
DA:199,22
DA:200,22
DA:202,22
DA:203,22
DA:211,22
DA:214,22
DA:222,22
DA:223,22
DA:226,22
DA:227,0
DA:228,0
DA:234,22
DA:235,1
DA:236,1
DA:242,22
DA:243,0
DA:244,0
DA:245,0
DA:249,0
DA:250,0
DA:257,22
DA:258,1
DA:261,21
DA:262,0
DA:263,0
DA:269,22
DA:270,1
DA:271,1
DA:274,21
DA:275,2
DA:276,2
DA:281,22
DA:287,22
DA:294,22
DA:295,22
DA:297,22
DA:303,22
DA:307,22
DA:338,26
DA:358,27
LF:58
LH:49
BRDA:167,0,0,2
BRDA:167,0,1,20
BRDA:168,1,0,1
BRDA:168,1,1,21
BRDA:179,2,0,19
BRDA:179,2,1,3
BRDA:186,3,0,22
BRDA:186,3,1,154
BRDA:187,4,0,154
BRDA:187,4,1,0
BRDA:188,5,0,40
BRDA:188,5,1,136
BRDA:199,6,0,22
BRDA:199,6,1,0
BRDA:202,7,0,20
BRDA:202,7,1,2
BRDA:206,8,0,20
BRDA:206,8,1,2
BRDA:226,9,0,0
BRDA:226,9,1,22
BRDA:234,10,0,1
BRDA:234,10,1,21
BRDA:242,11,0,0
BRDA:242,11,1,22
BRDA:243,12,0,0
BRDA:243,12,1,0
BRDA:257,13,0,1
BRDA:257,13,1,21
BRDA:261,14,0,0
BRDA:261,14,1,21
BRDA:269,15,0,1
BRDA:269,15,1,21
BRDA:274,16,0,2
BRDA:274,16,1,19
BRDA:304,17,0,21
BRDA:304,17,1,1
BRDA:340,18,0,3
BRDA:340,18,1,23
BRDA:341,19,0,2
BRDA:341,19,1,24
BRDA:360,20,0,23
BRDA:360,20,1,4
BRF:42
BRH:35
end_of_record
TN:
SF:src/engine/arms-failedstate-engine.ts
FN:262,(anonymous_0)
FN:278,(anonymous_1)
FN:307,(anonymous_2)
FN:363,(anonymous_3)
FN:398,(anonymous_4)
FN:456,(anonymous_5)
FN:505,(anonymous_6)
FN:563,(anonymous_7)
FNF:8
FNH:8
FNDA:25,(anonymous_0)
FNDA:25,(anonymous_1)
FNDA:4,(anonymous_2)
FNDA:3,(anonymous_3)
FNDA:4,(anonymous_4)
FNDA:2,(anonymous_5)
FNDA:5,(anonymous_6)
FNDA:7,(anonymous_7)
DA:263,25
DA:264,25
DA:265,25
DA:279,28
DA:280,0
DA:282,28
DA:283,1
DA:285,27
DA:310,4
DA:311,4
DA:313,4
DA:314,3
DA:315,3
DA:316,3
DA:319,3
DA:328,3
DA:337,1
DA:343,1
DA:366,3
DA:367,3
DA:368,3
DA:369,3
DA:372,3
DA:378,3
DA:401,4
DA:402,4
DA:403,4
DA:404,4
DA:406,4
DA:407,2
DA:408,2
DA:411,2
DA:419,2
DA:428,2
DA:434,2
DA:459,2
DA:461,2
DA:462,1
DA:465,1
DA:471,1
DA:477,1
DA:480,1
DA:485,1
DA:508,5
DA:509,5
DA:510,5
DA:511,5
DA:512,5
DA:518,5
DA:520,2
DA:526,2
DA:534,3
DA:541,3
DA:566,7
DA:567,7
DA:568,7
DA:574,7
DA:576,7
DA:578,3
DA:584,3
DA:591,4
DA:597,4
LF:62
LH:61
BRDA:262,0,0,25
BRDA:279,1,0,0
BRDA:279,1,1,28
BRDA:282,2,0,1
BRDA:282,2,1,27
BRDA:313,3,0,3
BRDA:313,3,1,1
BRDA:406,4,0,2
BRDA:406,4,1,2
BRDA:461,5,0,1
BRDA:461,5,1,1
BRDA:467,6,0,1
BRDA:467,6,1,0
BRDA:518,7,0,2
BRDA:518,7,1,3
BRDA:574,8,0,7
BRDA:574,8,1,6
BRDA:576,9,0,3
BRDA:576,9,1,4
BRF:19
BRH:17
end_of_record
TN:
SF:src/engine/chemistry-trust.ts
FN:91,clamp
FN:280,(anonymous_1)
FN:313,(anonymous_2)
FN:361,(anonymous_3)
FN:412,(anonymous_4)
FN:460,(anonymous_5)
FN:478,(anonymous_6)
FN:531,(anonymous_7)
FN:535,(anonymous_8)
FN:562,(anonymous_9)
FNF:10
FNH:10
FNDA:12,clamp
FNDA:52,(anonymous_1)
FNDA:12,(anonymous_2)
FNDA:5,(anonymous_3)
FNDA:8,(anonymous_4)
FNDA:12,(anonymous_5)
FNDA:15,(anonymous_6)
FNDA:6,(anonymous_7)
FNDA:9,(anonymous_8)
FNDA:11,(anonymous_9)
DA:92,12
DA:281,52
DA:314,12
DA:317,12
DA:323,12
DA:325,12
DA:326,12
DA:327,12
DA:328,12
DA:332,12
DA:362,5
DA:364,5
DA:365,2
DA:373,3
DA:374,2
DA:383,1
DA:413,8
DA:415,8
DA:416,8
DA:417,8
DA:418,8
DA:421,8
DA:426,8
DA:465,12
DA:467,12
DA:471,12
DA:475,12
DA:476,12
DA:478,12
DA:480,15
DA:481,2
DA:485,13
DA:486,13
DA:489,13
DA:490,10
DA:494,13
DA:495,5
DA:498,13
DA:504,12
DA:532,6
DA:534,6
DA:535,9
DA:539,6
DA:563,11
DA:564,11
LF:45
LH:45
BRDA:328,0,0,2
BRDA:328,0,1,10
BRDA:364,1,0,2
BRDA:364,1,1,3
BRDA:373,2,0,2
BRDA:373,2,1,1
BRDA:463,3,0,12
BRDA:471,4,0,3
BRDA:471,4,1,9
BRDA:480,5,0,2
BRDA:480,5,1,13
BRDA:489,6,0,10
BRDA:489,6,1,3
BRDA:494,7,0,5
BRDA:494,7,1,8
BRDA:535,8,0,4
BRDA:535,8,1,5
BRF:17
BRH:17
end_of_record
TN:
SF:src/engine/chokepoint.ts
FN:129,(anonymous_0)
FN:141,(anonymous_1)
FN:146,(anonymous_2)
FN:157,(anonymous_3)
FN:170,(anonymous_4)
FN:180,(anonymous_5)
FN:188,(anonymous_6)
FN:195,(anonymous_7)
FN:205,(anonymous_8)
FN:212,(anonymous_9)
FN:226,(anonymous_10)
FN:241,(anonymous_11)
FN:252,(anonymous_12)
FN:265,(anonymous_13)
FN:270,(anonymous_14)
FNF:15
FNH:15
FNDA:23,(anonymous_0)
FNDA:6,(anonymous_1)
FNDA:3,(anonymous_2)
FNDA:2,(anonymous_3)
FNDA:1,(anonymous_4)
FNDA:5,(anonymous_5)
FNDA:5,(anonymous_6)
FNDA:1,(anonymous_7)
FNDA:3,(anonymous_8)
FNDA:3,(anonymous_9)
FNDA:3,(anonymous_10)
FNDA:1,(anonymous_11)
FNDA:3,(anonymous_12)
FNDA:3,(anonymous_13)
FNDA:23,(anonymous_14)
DA:59,3
DA:130,23
DA:131,23
DA:132,23
DA:134,115
DA:142,6
DA:147,3
DA:148,3
DA:149,10
DA:150,2
DA:153,1
DA:158,2
DA:159,2
DA:160,10
DA:161,1
DA:164,2
DA:171,1
DA:172,1
DA:173,1
DA:181,5
DA:182,5
DA:183,5
DA:184,5
DA:189,5
DA:190,5
DA:191,5
DA:196,1
DA:197,1
DA:198,1
DA:199,1
DA:206,3
DA:207,3
DA:208,3
DA:213,3
DA:214,3
DA:215,3
DA:216,1
DA:227,3
DA:228,3
DA:230,3
DA:232,1
DA:234,1
DA:236,1
DA:242,1
DA:243,1
DA:244,5
DA:245,2
DA:248,1
DA:253,3
DA:254,3
DA:255,15
DA:256,2
DA:259,3
DA:266,3
DA:271,1
LF:55
LH:55
BRDA:131,0,0,23
BRDA:131,0,1,22
BRDA:149,1,0,2
BRDA:149,1,1,8
BRDA:160,2,0,1
BRDA:160,2,1,9
BRDA:172,3,0,0
BRDA:172,3,1,1
BRDA:182,4,0,0
BRDA:182,4,1,5
BRDA:190,5,0,0
BRDA:190,5,1,5
BRDA:197,6,0,0
BRDA:197,6,1,1
BRDA:207,7,0,0
BRDA:207,7,1,3
BRDA:214,8,0,0
BRDA:214,8,1,3
BRDA:215,9,0,2
BRDA:215,9,1,1
BRDA:228,10,0,0
BRDA:228,10,1,3
BRDA:230,11,0,1
BRDA:230,11,1,1
BRDA:230,11,2,1
BRDA:244,12,0,2
BRDA:244,12,1,3
BRDA:255,13,0,2
BRDA:255,13,1,13
BRF:29
BRH:22
end_of_record
TN:
SF:src/engine/civil-unrest.ts
FN:34,clamp
FN:175,(anonymous_1)
FN:202,(anonymous_2)
FN:235,(anonymous_3)
FN:273,(anonymous_4)
FN:336,(anonymous_5)
FN:370,(anonymous_6)
FN:377,(anonymous_7)
FN:382,(anonymous_8)
FN:407,(anonymous_9)
FNF:10
FNH:10
FNDA:37,clamp
FNDA:48,(anonymous_1)
FNDA:21,(anonymous_2)
FNDA:21,(anonymous_3)
FNDA:11,(anonymous_4)
FNDA:6,(anonymous_5)
FNDA:7,(anonymous_6)
FNDA:10,(anonymous_7)
FNDA:10,(anonymous_8)
FNDA:5,(anonymous_9)
DA:35,37
DA:128,3
DA:143,3
DA:176,48
DA:203,21
DA:206,21
DA:212,21
DA:236,21
DA:238,21
DA:239,5
DA:241,16
DA:242,5
DA:244,11
DA:245,4
DA:247,7
DA:248,4
DA:250,3
DA:274,11
DA:276,3
DA:279,3
DA:289,2
DA:299,2
DA:310,1
DA:314,0
DA:315,0
DA:340,6
DA:341,6
DA:342,6
DA:343,6
DA:345,6
DA:371,7
DA:373,7
DA:374,1
DA:377,10
DA:382,10
DA:383,6
DA:385,6
DA:413,5
DA:415,5
LF:39
LH:37
BRDA:238,0,0,5
BRDA:238,0,1,16
BRDA:241,1,0,5
BRDA:241,1,1,11
BRDA:244,2,0,4
BRDA:244,2,1,7
BRDA:247,3,0,4
BRDA:247,3,1,3
BRDA:274,4,0,3
BRDA:274,4,1,3
BRDA:274,4,2,2
BRDA:274,4,3,2
BRDA:274,4,4,1
BRDA:274,4,5,0
BRDA:373,5,0,1
BRDA:373,5,1,6
BRF:16
BRH:15
end_of_record
TN:
SF:src/engine/climate-refugee-engine.ts
FN:300,(anonymous_0)
FN:316,(anonymous_1)
FN:361,(anonymous_2)
FN:509,(anonymous_3)
FN:562,(anonymous_4)
FN:636,(anonymous_5)
FN:734,(anonymous_6)
FNF:7
FNH:7
FNDA:36,(anonymous_0)
FNDA:36,(anonymous_1)
FNDA:13,(anonymous_2)
FNDA:5,(anonymous_3)
FNDA:10,(anonymous_4)
FNDA:3,(anonymous_5)
FNDA:7,(anonymous_6)
DA:301,36
DA:317,32
DA:362,13
DA:363,13
DA:364,13
DA:366,13
DA:378,13
DA:381,13
DA:383,2
DA:388,2
DA:389,2
DA:392,3
DA:397,3
DA:398,3
DA:401,2
DA:407,2
DA:408,2
DA:411,3
DA:415,3
DA:416,3
DA:419,1
DA:424,1
DA:425,1
DA:426,1
DA:429,1
DA:434,1
DA:435,1
DA:438,1
DA:443,1
DA:444,1
DA:448,0
DA:449,0
DA:453,13
DA:458,13
DA:467,13
DA:512,5
DA:513,5
DA:514,5
DA:516,5
DA:563,10
DA:564,10
DA:565,10
DA:567,10
DA:573,10
DA:579,10
DA:592,10
DA:637,3
DA:638,3
DA:640,3
DA:642,1
DA:656,1
DA:670,1
DA:684,0
DA:685,0
DA:737,7
DA:738,7
DA:739,7
DA:741,7
DA:742,7
DA:744,7
DA:745,7
DA:746,7
DA:748,7
DA:749,5
DA:750,5
DA:751,3
DA:756,5
DA:757,3
DA:763,5
DA:772,2
LF:70
LH:66
BRDA:300,0,0,36
BRDA:381,1,0,2
BRDA:381,1,1,3
BRDA:381,1,2,2
BRDA:381,1,3,3
BRDA:381,1,4,1
BRDA:381,1,5,1
BRDA:381,1,6,1
BRDA:381,1,7,0
BRDA:453,2,0,1
BRDA:453,2,1,12
BRDA:463,3,0,1
BRDA:463,3,1,12
BRDA:640,4,0,1
BRDA:640,4,1,1
BRDA:640,4,2,1
BRDA:640,4,3,0
BRDA:746,5,0,7
BRDA:746,5,1,4
BRDA:748,6,0,5
BRDA:748,6,1,2
BRDA:750,7,0,3
BRDA:750,7,1,2
BRDA:756,8,0,3
BRDA:756,8,1,2
BRF:25
BRH:23
end_of_record
TN:
SF:src/engine/cognitive-bias.ts
FN:48,clamp
FN:176,(anonymous_1)
FN:200,(anonymous_2)
FN:223,(anonymous_3)
FN:261,(anonymous_4)
FN:412,(anonymous_5)
FNF:6
FNH:6
FNDA:66,clamp
FNDA:42,(anonymous_1)
FNDA:10,(anonymous_2)
FNDA:27,(anonymous_3)
FNDA:49,(anonymous_4)
FNDA:39,(anonymous_5)
DA:49,66
DA:177,42
DA:205,10
DA:206,10
DA:208,10
DA:209,29
DA:210,29
DA:212,29
DA:213,27
DA:214,27
DA:218,27
DA:222,10
DA:223,27
DA:227,10
DA:262,49
DA:264,49
DA:266,9
DA:267,9
DA:268,9
DA:278,5
DA:279,5
DA:289,6
DA:290,6
DA:291,6
DA:301,4
DA:302,4
DA:312,4
DA:313,4
DA:323,4
DA:324,4
DA:325,4
DA:335,4
DA:336,4
DA:337,4
DA:347,4
DA:348,4
DA:349,4
DA:359,4
DA:360,4
DA:370,5
DA:371,5
DA:372,5
DA:413,39
DA:414,39
DA:416,39
DA:418,9
DA:419,9
DA:428,3
DA:429,3
DA:438,5
DA:439,5
DA:448,3
DA:449,3
DA:458,3
DA:459,3
DA:468,3
DA:469,3
DA:478,3
DA:479,3
DA:488,3
DA:489,3
DA:498,3
DA:499,3
DA:508,4
DA:509,4
LF:65
LH:65
BRDA:212,0,0,27
BRDA:212,0,1,2
BRDA:264,1,0,9
BRDA:264,1,1,5
BRDA:264,1,2,6
BRDA:264,1,3,4
BRDA:264,1,4,4
BRDA:264,1,5,4
BRDA:264,1,6,4
BRDA:264,1,7,4
BRDA:264,1,8,4
BRDA:264,1,9,5
BRDA:271,2,0,7
BRDA:271,2,1,2
BRDA:282,3,0,3
BRDA:282,3,1,2
BRDA:294,4,0,5
BRDA:294,4,1,1
BRDA:305,5,0,3
BRDA:305,5,1,1
BRDA:316,6,0,3
BRDA:316,6,1,1
BRDA:328,7,0,3
BRDA:328,7,1,1
BRDA:340,8,0,3
BRDA:340,8,1,1
BRDA:352,9,0,3
BRDA:352,9,1,1
BRDA:363,10,0,3
BRDA:363,10,1,1
BRDA:375,11,0,4
BRDA:375,11,1,1
BRDA:416,12,0,9
BRDA:416,12,1,3
BRDA:416,12,2,5
BRDA:416,12,3,3
BRDA:416,12,4,3
BRDA:416,12,5,3
BRDA:416,12,6,3
BRDA:416,12,7,3
BRDA:416,12,8,3
BRDA:416,12,9,4
BRF:42
BRH:42
end_of_record
TN:
SF:src/engine/combat.ts
FN:107,(anonymous_0)
FN:331,(anonymous_1)
FN:365,(anonymous_2)
FN:392,(anonymous_3)
FNF:4
FNH:4
FNDA:3,(anonymous_0)
FNDA:3,(anonymous_1)
FNDA:10,(anonymous_2)
FNDA:3,(anonymous_3)
DA:117,18
DA:119,18
DA:120,18
DA:123,18
DA:124,18
DA:126,18
DA:131,18
DA:134,18
DA:135,18
DA:137,18
DA:139,2
DA:140,2
DA:142,1
DA:143,1
DA:145,0
DA:146,0
DA:148,15
DA:151,18
DA:152,3
DA:153,3
DA:154,3
DA:160,18
DA:162,18
DA:164,0
DA:165,0
DA:167,1
DA:168,1
DA:170,0
DA:171,0
DA:173,17
DA:176,18
DA:177,1
DA:178,1
DA:179,1
DA:185,18
DA:187,18
DA:188,16
DA:189,16
DA:190,16
DA:191,16
DA:193,2
DA:194,2
DA:195,2
DA:196,2
DA:199,18
DA:200,18
DA:201,18
DA:202,18
DA:203,18
DA:205,0
DA:206,0
DA:207,0
DA:208,0
DA:212,18
DA:215,18
DA:216,2
DA:217,2
DA:218,2
DA:219,2
DA:220,16
DA:221,0
DA:222,0
DA:223,0
DA:224,0
DA:228,18
DA:229,0
DA:230,0
DA:231,0
DA:232,0
DA:233,18
DA:234,1
DA:235,1
DA:236,1
DA:237,1
DA:241,18
DA:242,18
DA:244,18
DA:245,2
DA:246,2
DA:247,2
DA:249,2
DA:251,2
DA:252,2
DA:253,2
DA:256,0
DA:257,0
DA:258,0
DA:264,18
DA:265,1
DA:266,1
DA:267,1
DA:269,18
DA:270,0
DA:271,0
DA:272,0
DA:276,18
DA:278,18
DA:279,2
DA:280,2
DA:287,18
DA:288,18
DA:290,18
DA:291,18
DA:293,18
DA:296,18
DA:301,18
DA:304,18
DA:305,1
DA:308,18
DA:336,3
DA:338,3
DA:339,1
DA:343,2
DA:344,2
DA:345,1
DA:349,1
DA:350,1
DA:352,1
DA:353,1
DA:354,1
DA:355,1
DA:356,1
DA:360,1
DA:361,0
DA:365,10
DA:367,1
DA:368,0
DA:372,1
DA:374,1
DA:393,4
DA:394,2
DA:396,2
LF:132
LH:106
BRDA:137,0,0,2
BRDA:137,0,1,1
BRDA:137,0,2,0
BRDA:137,0,3,15
BRDA:151,1,0,3
BRDA:151,1,1,15
BRDA:162,2,0,0
BRDA:162,2,1,1
BRDA:162,2,2,0
BRDA:162,2,3,17
BRDA:176,3,0,1
BRDA:176,3,1,17
BRDA:180,4,0,0
BRDA:180,4,1,1
BRDA:187,5,0,16
BRDA:187,5,1,2
BRDA:199,6,0,18
BRDA:199,6,1,0
BRDA:215,7,0,2
BRDA:215,7,1,16
BRDA:220,8,0,0
BRDA:220,8,1,16
BRDA:228,9,0,0
BRDA:228,9,1,18
BRDA:233,10,0,1
BRDA:233,10,1,17
BRDA:244,11,0,2
BRDA:244,11,1,16
BRDA:249,12,0,2
BRDA:249,12,1,0
BRDA:264,13,0,1
BRDA:264,13,1,17
BRDA:269,14,0,0
BRDA:269,14,1,18
BRDA:278,15,0,2
BRDA:278,15,1,16
BRDA:301,16,0,18
BRDA:301,16,1,1
BRDA:304,17,0,1
BRDA:304,17,1,17
BRDA:338,18,0,1
BRDA:338,18,1,2
BRDA:344,19,0,1
BRDA:344,19,1,1
BRDA:344,20,0,2
BRDA:344,20,1,2
BRDA:354,21,0,1
BRDA:354,21,1,0
BRDA:360,22,0,0
BRDA:360,22,1,1
BRDA:367,23,0,0
BRDA:367,23,1,1
BRDA:393,24,0,2
BRDA:393,24,1,2
BRF:54
BRH:42
end_of_record
TN:
SF:src/engine/covert-insurgency.ts
FN:126,(anonymous_0)
FN:148,(anonymous_1)
FN:195,(anonymous_2)
FN:234,(anonymous_3)
FN:274,(anonymous_4)
FN:317,(anonymous_5)
FN:339,(anonymous_6)
FNF:7
FNH:7
FNDA:26,(anonymous_0)
FNDA:5,(anonymous_1)
FNDA:19,(anonymous_2)
FNDA:10,(anonymous_3)
FNDA:4,(anonymous_4)
FNDA:3,(anonymous_5)
FNDA:4,(anonymous_6)
DA:127,26
DA:128,26
DA:152,5
DA:153,2
DA:159,3
DA:160,1
DA:166,2
DA:167,1
DA:173,1
DA:200,19
DA:201,19
DA:203,19
DA:239,10
DA:240,2
DA:250,8
DA:251,8
DA:253,8
DA:278,4
DA:279,4
DA:280,4
DA:282,4
DA:283,5
DA:285,4
DA:286,4
DA:289,4
DA:290,4
DA:294,5
DA:295,5
DA:299,4
DA:321,3
DA:340,4
LF:31
LH:31
BRDA:152,0,0,2
BRDA:152,0,1,3
BRDA:159,1,0,1
BRDA:159,1,1,2
BRDA:166,2,0,1
BRDA:166,2,1,1
BRDA:239,3,0,2
BRDA:239,3,1,8
BRDA:283,4,0,1
BRDA:283,4,1,4
BRDA:291,5,0,4
BRDA:291,5,1,3
BRDA:296,6,0,5
BRDA:296,6,1,3
BRF:14
BRH:14
end_of_record
TN:
SF:src/engine/decision-fatigue.ts
FN:137,clamp
FN:162,(anonymous_1)
FN:190,(anonymous_2)
FN:232,(anonymous_3)
FN:320,(anonymous_4)
FN:359,(anonymous_5)
FN:375,(anonymous_6)
FNF:7
FNH:7
FNDA:19,clamp
FNDA:43,(anonymous_1)
FNDA:10,(anonymous_2)
FNDA:14,(anonymous_3)
FNDA:9,(anonymous_4)
FNDA:17,(anonymous_5)
FNDA:4,(anonymous_6)
DA:138,19
DA:163,43
DA:195,10
DA:196,10
DA:197,10
DA:199,10
DA:237,14
DA:239,14
DA:241,14
DA:242,3
DA:253,11
DA:254,11
DA:255,11
DA:257,11
DA:258,4
DA:269,7
DA:270,3
DA:281,4
DA:282,2
DA:294,2
DA:324,9
DA:328,9
DA:330,9
DA:360,17
DA:379,4
LF:25
LH:25
BRDA:241,0,0,3
BRDA:241,0,1,11
BRDA:257,1,0,4
BRDA:257,1,1,7
BRDA:269,2,0,3
BRDA:269,2,1,4
BRDA:281,3,0,2
BRDA:281,3,1,2
BRDA:324,4,0,6
BRDA:324,4,1,3
BRF:10
BRH:10
end_of_record
TN:
SF:src/engine/diplomacy-agreements.ts
FN:95,clamp01
FN:100,zeroFactors
FN:125,(anonymous_2)
FN:134,(anonymous_3)
FN:164,(anonymous_4)
FN:178,(anonymous_5)
FN:184,(anonymous_6)
FN:192,(anonymous_7)
FN:219,(anonymous_8)
FN:285,(anonymous_9)
FN:335,(anonymous_10)
FN:340,(anonymous_11)
FN:341,(anonymous_12)
FN:352,(anonymous_13)
FN:363,(anonymous_14)
FN:368,(anonymous_15)
FN:381,(anonymous_16)
FN:399,(anonymous_17)
FN:416,(anonymous_18)
FN:436,(anonymous_19)
FN:453,(anonymous_20)
FNF:21
FNH:21
FNDA:75,clamp01
FNDA:2,zeroFactors
FNDA:1,(anonymous_2)
FNDA:40,(anonymous_3)
FNDA:21,(anonymous_4)
FNDA:5,(anonymous_5)
FNDA:5,(anonymous_6)
FNDA:3,(anonymous_7)
FNDA:25,(anonymous_8)
FNDA:11,(anonymous_9)
FNDA:9,(anonymous_10)
FNDA:12,(anonymous_11)
FNDA:10,(anonymous_12)
FNDA:13,(anonymous_13)
FNDA:5,(anonymous_14)
FNDA:8,(anonymous_15)
FNDA:1,(anonymous_16)
FNDA:25,(anonymous_17)
FNDA:25,(anonymous_18)
FNDA:25,(anonymous_19)
FNDA:10,(anonymous_20)
DA:12,3
DA:13,3
DA:96,75
DA:101,2
DA:126,1
DA:139,40
DA:140,23
DA:141,6
DA:142,5
DA:143,6
DA:145,0
DA:146,0
DA:165,21
DA:166,21
DA:169,21
DA:170,5
DA:174,16
DA:175,1
DA:178,15
DA:179,5
DA:183,15
DA:184,5
DA:186,15
DA:187,2
DA:191,13
DA:192,3
DA:194,13
DA:195,1
DA:199,12
DA:200,1
DA:203,11
DA:220,25
DA:221,25
DA:223,25
DA:224,25
DA:225,25
DA:226,25
DA:227,25
DA:228,25
DA:232,25
DA:238,25
DA:242,25
DA:249,25
DA:254,25
DA:255,1
DA:263,24
DA:267,25
DA:268,25
DA:272,25
DA:286,11
DA:287,11
DA:288,11
DA:289,11
DA:292,11
DA:293,11
DA:294,2
DA:306,9
DA:309,9
DA:310,11
DA:311,11
DA:313,11
DA:315,11
DA:339,9
DA:340,12
DA:342,10
DA:343,10
DA:353,13
DA:354,11
DA:355,10
DA:367,5
DA:368,5
DA:369,8
DA:370,4
DA:371,4
DA:372,4
DA:374,5
DA:387,16
DA:400,25
DA:402,25
DA:403,25
DA:404,25
DA:405,25
DA:406,25
DA:408,25
DA:417,25
DA:418,25
DA:419,25
DA:421,25
DA:423,25
DA:425,0
DA:428,25
DA:437,25
DA:438,25
DA:439,25
DA:441,25
DA:442,2
DA:445,23
DA:446,25
DA:454,10
DA:460,10
DA:462,5
DA:468,2
DA:474,2
DA:476,1
DA:478,0
DA:479,0
LF:106
LH:101
BRDA:126,0,0,1
BRDA:126,0,1,1
BRDA:139,1,0,23
BRDA:139,1,1,6
BRDA:139,1,2,5
BRDA:139,1,3,6
BRDA:139,1,4,0
BRDA:169,2,0,5
BRDA:169,2,1,16
BRDA:174,3,0,1
BRDA:174,3,1,15
BRDA:179,4,0,5
BRDA:179,4,1,4
BRDA:179,4,2,1
BRDA:179,4,3,1
BRDA:184,5,0,5
BRDA:184,5,1,5
BRDA:184,5,2,2
BRDA:186,6,0,2
BRDA:186,6,1,13
BRDA:192,7,0,3
BRDA:192,7,1,3
BRDA:194,8,0,1
BRDA:194,8,1,12
BRDA:199,9,0,1
BRDA:199,9,1,11
BRDA:232,10,0,1
BRDA:232,10,1,24
BRDA:232,11,0,25
BRDA:232,11,1,1
BRDA:238,12,0,2
BRDA:238,12,1,23
BRDA:254,13,0,1
BRDA:254,13,1,24
BRDA:263,14,0,7
BRDA:263,14,1,17
BRDA:268,15,0,23
BRDA:268,15,1,1
BRDA:293,16,0,2
BRDA:293,16,1,9
BRDA:309,17,0,8
BRDA:309,17,1,1
BRDA:310,18,0,8
BRDA:310,18,1,1
BRDA:313,19,0,3
BRDA:313,19,1,6
BRDA:313,20,0,11
BRDA:313,20,1,8
BRDA:340,21,0,12
BRDA:340,21,1,10
BRDA:340,21,2,1
BRDA:342,22,0,9
BRDA:342,22,1,1
BRDA:353,23,0,2
BRDA:353,23,1,11
BRDA:354,24,0,1
BRDA:354,24,1,10
BRDA:369,25,0,4
BRDA:369,25,1,4
BRDA:369,26,0,8
BRDA:369,26,1,8
BRDA:403,27,0,25
BRDA:403,27,1,0
BRDA:419,28,0,0
BRDA:419,28,1,25
BRDA:423,29,0,0
BRDA:423,29,1,25
BRDA:441,30,0,2
BRDA:441,30,1,23
BRDA:445,31,0,23
BRDA:445,31,1,0
BRDA:460,32,0,5
BRDA:460,32,1,2
BRDA:460,32,2,2
BRDA:460,32,3,1
BRDA:460,32,4,0
BRF:76
BRH:70
end_of_record
TN:
SF:src/engine/discovery-engine.ts
FN:212,(anonymous_0)
FN:240,(anonymous_1)
FN:265,(anonymous_2)
FN:288,(anonymous_3)
FN:324,(anonymous_4)
FN:384,(anonymous_5)
FN:457,(anonymous_6)
FNF:7
FNH:7
FNDA:31,(anonymous_0)
FNDA:22,(anonymous_1)
FNDA:53,(anonymous_2)
FNDA:12,(anonymous_3)
FNDA:11,(anonymous_4)
FNDA:6,(anonymous_5)
FNDA:9,(anonymous_6)
DA:150,3
DA:162,3
DA:170,3
DA:173,3
DA:213,31
DA:214,31
DA:245,22
DA:246,22
DA:247,22
DA:249,22
DA:251,22
DA:266,53
DA:289,12
DA:291,12
DA:333,11
DA:339,11
DA:341,11
DA:345,11
DA:354,11
DA:358,11
DA:388,6
DA:389,6
DA:390,6
DA:392,6
DA:393,6
DA:394,6
DA:396,6
DA:397,7
DA:407,7
DA:409,7
DA:410,5
DA:413,5
DA:414,5
DA:418,5
DA:419,5
DA:423,5
DA:424,5
DA:427,2
DA:431,6
DA:458,9
LF:40
LH:40
BRDA:245,0,0,22
BRDA:245,0,1,10
BRDA:341,1,0,6
BRDA:341,1,1,5
BRDA:354,2,0,6
BRDA:354,2,1,5
BRDA:409,3,0,5
BRDA:409,3,1,2
BRDA:415,4,0,5
BRDA:415,4,1,4
BRDA:420,5,0,5
BRDA:420,5,1,4
BRDA:425,6,0,5
BRDA:425,6,1,4
BRF:14
BRH:14
end_of_record
TN:
SF:src/engine/double-agent-japan-engine.ts
FN:37,(anonymous_0)
FN:193,(anonymous_1)
FN:217,(anonymous_2)
FN:259,(anonymous_3)
FN:309,(anonymous_4)
FN:351,(anonymous_5)
FN:383,(anonymous_6)
FN:447,(anonymous_7)
FN:490,(anonymous_8)
FNF:9
FNH:9
FNDA:13,(anonymous_0)
FNDA:54,(anonymous_1)
FNDA:8,(anonymous_2)
FNDA:7,(anonymous_3)
FNDA:7,(anonymous_4)
FNDA:4,(anonymous_5)
FNDA:8,(anonymous_6)
FNDA:8,(anonymous_7)
FNDA:7,(anonymous_8)
DA:37,3
DA:38,13
DA:194,54
DA:222,8
DA:223,8
DA:225,8
DA:226,1
DA:233,7
DA:234,7
DA:236,7
DA:264,7
DA:269,7
DA:271,7
DA:272,1
DA:280,6
DA:281,6
DA:282,6
DA:284,6
DA:313,7
DA:318,7
DA:320,7
DA:321,3
DA:330,4
DA:332,4
DA:354,4
DA:355,4
DA:357,4
DA:388,8
DA:389,8
DA:391,8
DA:392,2
DA:393,2
DA:394,2
DA:402,6
DA:403,3
DA:405,3
DA:406,1
DA:414,2
DA:415,2
DA:424,3
DA:452,8
DA:453,8
DA:455,8
DA:456,3
DA:463,5
DA:464,3
DA:471,2
DA:493,7
DA:499,7
DA:501,7
LF:50
LH:50
BRDA:194,0,0,54
BRDA:194,0,1,54
BRDA:225,1,0,1
BRDA:225,1,1,7
BRDA:239,2,0,4
BRDA:239,2,1,3
BRDA:271,3,0,1
BRDA:271,3,1,6
BRDA:287,4,0,3
BRDA:287,4,1,3
BRDA:290,5,0,3
BRDA:290,5,1,3
BRDA:320,6,0,3
BRDA:320,6,1,4
BRDA:391,7,0,2
BRDA:391,7,1,6
BRDA:402,8,0,3
BRDA:402,8,1,3
BRDA:405,9,0,1
BRDA:405,9,1,2
BRDA:455,10,0,3
BRDA:455,10,1,5
BRDA:463,11,0,3
BRDA:463,11,1,2
BRF:24
BRH:24
end_of_record
TN:
SF:src/engine/echo-chamber.ts
FN:219,(anonymous_0)
FN:261,(anonymous_1)
FN:318,(anonymous_2)
FN:360,(anonymous_3)
FNF:4
FNH:4
FNDA:15,(anonymous_0)
FNDA:15,(anonymous_1)
FNDA:12,(anonymous_2)
FNDA:5,(anonymous_3)
DA:223,15
DA:232,15
DA:233,15
DA:235,15
DA:236,90
DA:237,2
DA:238,2
DA:242,15
DA:262,15
DA:263,15
DA:268,15
DA:270,3
DA:271,3
DA:276,12
DA:277,12
DA:282,15
DA:296,15
DA:319,12
DA:322,12
DA:325,12
DA:329,12
DA:343,12
DA:361,5
DA:367,5
DA:373,5
DA:375,5
DA:379,5
LF:27
LH:27
BRDA:236,0,0,2
BRDA:236,0,1,88
BRDA:268,1,0,3
BRDA:268,1,1,12
BRDA:271,2,0,2
BRDA:271,2,1,1
BRDA:277,3,0,7
BRDA:277,3,1,5
BRDA:282,4,0,9
BRDA:282,4,1,6
BRDA:322,5,0,12
BRDA:322,5,1,6
BRDA:325,6,0,5
BRDA:325,6,1,7
BRDA:327,7,0,1
BRDA:327,7,1,6
BRDA:327,8,0,1
BRDA:327,8,1,6
BRDA:329,9,0,5
BRDA:329,9,1,7
BRDA:373,10,0,5
BRDA:373,10,1,3
BRDA:375,11,0,2
BRDA:375,11,1,3
BRDA:377,12,0,1
BRDA:377,12,1,2
BRDA:377,13,0,1
BRDA:377,13,1,2
BRF:28
BRH:28
end_of_record
TN:
SF:src/engine/economic-engine.ts
FN:79,(anonymous_0)
FN:95,(anonymous_1)
FN:123,(anonymous_2)
FN:136,(anonymous_3)
FN:147,(anonymous_4)
FN:174,(anonymous_5)
FN:203,(anonymous_6)
FN:241,(anonymous_7)
FNF:8
FNH:8
FNDA:27,(anonymous_0)
FNDA:9,(anonymous_1)
FNDA:3,(anonymous_2)
FNDA:6,(anonymous_3)
FNDA:3,(anonymous_4)
FNDA:5,(anonymous_5)
FNDA:2,(anonymous_6)
FNDA:4,(anonymous_7)
DA:80,27
DA:100,9
DA:102,9
DA:104,9
DA:106,9
DA:124,3
DA:125,3
DA:137,6
DA:148,3
DA:149,2
DA:155,1
DA:178,5
DA:180,5
DA:182,5
DA:183,2
DA:186,3
DA:187,3
DA:190,3
DA:208,2
DA:210,2
DA:212,2
DA:218,2
DA:246,4
DA:248,4
LF:24
LH:24
BRDA:148,0,0,2
BRDA:148,0,1,1
BRDA:182,1,0,2
BRDA:182,1,1,3
BRDA:208,2,0,2
BRDA:208,2,1,1
BRDA:210,3,0,2
BRDA:210,3,1,1
BRF:8
BRH:8
end_of_record
TN:
SF:src/engine/emotional-state.ts
FN:122,clamp
FN:153,(anonymous_1)
FN:186,(anonymous_2)
FN:307,(anonymous_3)
FN:376,(anonymous_4)
FN:425,(anonymous_5)
FNF:6
FNH:6
FNDA:42,clamp
FNDA:52,(anonymous_1)
FNDA:16,(anonymous_2)
FNDA:21,(anonymous_3)
FNDA:6,(anonymous_4)
FNDA:10,(anonymous_5)
DA:109,3
DA:112,3
DA:123,42
DA:154,52
DA:193,16
DA:194,16
DA:195,16
DA:196,16
DA:197,16
DA:198,16
DA:199,16
DA:202,16
DA:203,12
DA:205,3
DA:207,1
DA:212,1
DA:215,2
DA:217,3
DA:220,1
DA:221,1
DA:224,5
DA:225,5
DA:228,2
DA:229,2
DA:232,1
DA:233,1
DA:245,16
DA:246,16
DA:248,16
DA:253,1
DA:254,1
DA:258,16
DA:270,16
DA:312,21
DA:316,21
DA:322,21
DA:330,21
DA:336,21
DA:342,21
DA:345,21
DA:347,21
DA:383,6
DA:385,6
DA:430,10
DA:431,10
DA:433,10
DA:436,10
DA:437,7
DA:441,10
DA:442,5
DA:446,10
LF:51
LH:51
BRDA:203,0,0,3
BRDA:203,0,1,1
BRDA:203,0,2,5
BRDA:203,0,3,2
BRDA:203,0,4,1
BRDA:205,1,0,1
BRDA:205,1,1,2
BRDA:248,2,0,1
BRDA:248,2,1,15
BRDA:249,3,0,16
BRDA:249,3,1,15
BRDA:249,3,2,13
BRDA:316,4,0,8
BRDA:316,4,1,13
BRDA:322,5,0,6
BRDA:322,5,1,15
BRDA:330,6,0,3
BRDA:330,6,1,18
BRDA:336,7,0,5
BRDA:336,7,1,16
BRDA:388,8,0,6
BRDA:388,8,1,4
BRDA:389,9,0,6
BRDA:389,9,1,4
BRDA:390,10,0,6
BRDA:390,10,1,4
BRDA:391,11,0,6
BRDA:391,11,1,4
BRDA:392,12,0,6
BRDA:392,12,1,5
BRDA:436,13,0,7
BRDA:436,13,1,3
BRDA:441,14,0,5
BRDA:441,14,1,5
BRF:34
BRH:34
end_of_record
TN:
SF:src/engine/event-logger.ts
FN:96,(anonymous_0)
FN:113,(anonymous_1)
FN:137,(anonymous_2)
FN:163,(anonymous_3)
FN:175,(anonymous_4)
FN:176,(anonymous_5)
FN:188,(anonymous_6)
FN:190,(anonymous_7)
FN:204,(anonymous_8)
FN:205,(anonymous_9)
FN:216,(anonymous_10)
FN:217,(anonymous_11)
FN:229,(anonymous_12)
FN:230,(anonymous_13)
FN:269,(anonymous_14)
FN:270,(anonymous_15)
FN:281,(anonymous_16)
FN:282,(anonymous_17)
FN:290,(anonymous_18)
FN:299,(anonymous_19)
FN:311,(anonymous_20)
FNF:21
FNH:21
FNDA:66,(anonymous_0)
FNDA:241,(anonymous_1)
FNDA:193,(anonymous_2)
FNDA:8,(anonymous_3)
FNDA:3,(anonymous_4)
FNDA:7,(anonymous_5)
FNDA:4,(anonymous_6)
FNDA:5,(anonymous_7)
FNDA:2,(anonymous_8)
FNDA:6,(anonymous_9)
FNDA:2,(anonymous_10)
FNDA:6,(anonymous_11)
FNDA:4,(anonymous_12)
FNDA:12,(anonymous_13)
FNDA:44,(anonymous_14)
FNDA:91,(anonymous_15)
FNDA:7,(anonymous_16)
FNDA:24,(anonymous_17)
FNDA:2,(anonymous_18)
FNDA:12,(anonymous_19)
FNDA:241,(anonymous_20)
DA:78,66
DA:84,66
DA:97,66
DA:114,241
DA:119,241
DA:120,241
DA:143,193
DA:164,8
DA:176,7
DA:189,4
DA:191,5
DA:205,6
DA:217,6
DA:230,4
DA:231,12
DA:232,2
DA:234,10
DA:235,1
DA:237,9
DA:238,0
DA:240,9
DA:242,2
DA:244,2
DA:245,0
DA:248,9
DA:249,4
DA:250,2
DA:253,7
DA:270,91
DA:282,24
DA:291,2
DA:300,12
DA:312,241
DA:313,198
DA:317,198
DA:319,43
DA:320,43
DA:321,43
LF:38
LH:36
BRDA:141,0,0,193
BRDA:191,1,0,5
BRDA:191,1,1,3
BRDA:231,2,0,2
BRDA:231,2,1,10
BRDA:231,3,0,12
BRDA:231,3,1,6
BRDA:234,4,0,1
BRDA:234,4,1,9
BRDA:234,5,0,10
BRDA:234,5,1,2
BRDA:237,6,0,0
BRDA:237,6,1,9
BRDA:237,7,0,9
BRDA:237,7,1,0
BRDA:240,8,0,2
BRDA:240,8,1,7
BRDA:242,9,0,2
BRDA:242,9,1,1
BRDA:244,10,0,0
BRDA:244,10,1,2
BRDA:248,11,0,4
BRDA:248,11,1,5
BRDA:249,12,0,2
BRDA:249,12,1,2
BRDA:249,13,0,4
BRDA:249,13,1,3
BRDA:312,14,0,198
BRDA:312,14,1,43
BRF:29
BRH:26
end_of_record
TN:
SF:src/engine/export-controls-engine.ts
FN:247,(anonymous_0)
FN:263,(anonymous_1)
FN:290,(anonymous_2)
FN:354,(anonymous_3)
FN:404,(anonymous_4)
FN:476,(anonymous_5)
FN:482,(anonymous_6)
FNF:7
FNH:7
FNDA:19,(anonymous_0)
FNDA:19,(anonymous_1)
FNDA:5,(anonymous_2)
FNDA:5,(anonymous_3)
FNDA:3,(anonymous_4)
FNDA:6,(anonymous_5)
FNDA:10,(anonymous_6)
DA:248,19
DA:264,26
DA:291,5
DA:292,5
DA:294,5
DA:296,1
DA:297,1
DA:310,4
DA:311,4
DA:314,4
DA:330,0
DA:331,0
DA:357,5
DA:358,5
DA:359,5
DA:360,5
DA:362,5
DA:363,5
DA:365,5
DA:405,3
DA:407,3
DA:409,1
DA:423,1
DA:437,1
DA:452,0
DA:453,0
DA:479,6
DA:480,6
DA:482,6
DA:483,10
DA:484,10
DA:487,6
DA:488,6
DA:490,6
LF:34
LH:30
BRDA:247,0,0,19
BRDA:294,1,0,1
BRDA:294,1,1,4
BRDA:294,1,2,0
BRDA:311,2,0,2
BRDA:311,2,1,2
BRDA:319,3,0,2
BRDA:319,3,1,2
BRDA:363,4,0,3
BRDA:363,4,1,2
BRDA:369,5,0,3
BRDA:369,5,1,2
BRDA:407,6,0,1
BRDA:407,6,1,1
BRDA:407,6,2,1
BRDA:407,6,3,0
BRDA:483,7,0,10
BRDA:483,7,1,1
BRDA:494,8,0,3
BRDA:494,8,1,3
BRF:20
BRH:18
end_of_record
TN:
SF:src/engine/financial-warfare.ts
FN:172,neutralManipulatorEffects
FN:185,neutralTargetEffects
FN:210,(anonymous_2)
FN:224,(anonymous_3)
FN:262,(anonymous_4)
FN:439,(anonymous_5)
FN:519,(anonymous_6)
FNF:7
FNH:7
FNDA:14,neutralManipulatorEffects
FNDA:11,neutralTargetEffects
FNDA:32,(anonymous_2)
FNDA:32,(anonymous_3)
FNDA:16,(anonymous_4)
FNDA:16,(anonymous_5)
FNDA:12,(anonymous_6)
DA:173,14
DA:186,11
DA:211,32
DA:225,19
DA:263,16
DA:264,16
DA:266,16
DA:269,7
DA:270,6
DA:286,1
DA:303,3
DA:304,2
DA:319,1
DA:343,2
DA:358,2
DA:382,2
DA:397,0
DA:398,0
DA:442,16
DA:444,16
DA:447,2
DA:449,2
DA:471,2
DA:491,12
DA:496,0
DA:497,0
DA:523,12
DA:525,12
DA:528,12
DA:529,3
DA:544,9
DA:545,4
DA:546,4
DA:567,5
DA:568,5
DA:569,5
DA:571,5
LF:37
LH:33
BRDA:266,0,0,7
BRDA:266,0,1,3
BRDA:266,0,2,2
BRDA:266,0,3,2
BRDA:266,0,4,2
BRDA:266,0,5,0
BRDA:269,1,0,6
BRDA:269,1,1,1
BRDA:303,2,0,2
BRDA:303,2,1,1
BRDA:444,3,0,2
BRDA:444,3,1,2
BRDA:444,3,2,12
BRDA:444,3,3,0
BRDA:481,4,0,2
BRDA:481,4,1,0
BRDA:528,5,0,3
BRDA:528,5,1,9
BRDA:536,6,0,3
BRDA:536,6,1,0
BRDA:544,7,0,4
BRDA:544,7,1,5
BRDA:544,8,0,9
BRDA:544,8,1,7
BRDA:556,9,0,4
BRDA:556,9,1,0
BRDA:557,10,0,2
BRDA:557,10,1,2
BRDA:590,11,0,5
BRDA:590,11,1,0
BRF:30
BRH:24
end_of_record
TN:
SF:src/engine/fog-of-intent.ts
FN:309,(anonymous_0)
FN:345,(anonymous_1)
FN:359,(anonymous_2)
FN:394,(anonymous_3)
FN:416,(anonymous_4)
FN:449,(anonymous_5)
FN:471,(anonymous_6)
FN:499,(anonymous_7)
FN:531,(anonymous_8)
FN:568,(anonymous_9)
FN:600,(anonymous_10)
FN:631,(anonymous_11)
FNF:12
FNH:12
FNDA:55,(anonymous_0)
FNDA:91,(anonymous_1)
FNDA:22,(anonymous_2)
FNDA:15,(anonymous_3)
FNDA:22,(anonymous_4)
FNDA:18,(anonymous_5)
FNDA:20,(anonymous_6)
FNDA:18,(anonymous_7)
FNDA:22,(anonymous_8)
FNDA:15,(anonymous_9)
FNDA:15,(anonymous_10)
FNDA:10,(anonymous_11)
DA:53,3
DA:250,3
DA:310,55
DA:311,55
DA:346,91
DA:361,22
DA:362,22
DA:363,88
DA:366,22
DA:373,22
DA:374,0
DA:377,22
DA:395,15
DA:396,15
DA:398,15
DA:399,60
DA:400,18
DA:401,18
DA:405,15
DA:419,22
DA:451,18
DA:453,18
DA:472,20
DA:473,7
DA:475,13
DA:476,6
DA:478,7
DA:500,18
DA:502,18
DA:503,18
DA:535,22
DA:536,22
DA:537,22
DA:539,22
DA:540,22
DA:541,88
DA:544,22
DA:572,15
DA:573,15
DA:575,15
DA:604,15
DA:607,15
DA:633,10
DA:639,10
DA:642,10
DA:645,10
DA:651,10
DA:657,10
DA:662,10
LF:49
LH:48
BRDA:312,0,0,55
BRDA:312,0,1,54
BRDA:318,1,0,55
BRDA:318,1,1,54
BRDA:320,2,0,55
BRDA:320,2,1,54
BRDA:322,3,0,55
BRDA:322,3,1,54
BRDA:324,4,0,55
BRDA:324,4,1,54
BRDA:325,5,0,55
BRDA:325,5,1,54
BRDA:326,6,0,55
BRDA:326,6,1,54
BRDA:328,7,0,55
BRDA:328,7,1,54
BRDA:367,8,0,22
BRDA:367,8,1,0
BRDA:368,9,0,22
BRDA:368,9,1,0
BRDA:369,10,0,22
BRDA:369,10,1,0
BRDA:370,11,0,22
BRDA:370,11,1,0
BRDA:373,12,0,0
BRDA:373,12,1,22
BRDA:378,13,0,22
BRDA:378,13,1,0
BRDA:379,14,0,22
BRDA:379,14,1,0
BRDA:380,15,0,22
BRDA:380,15,1,0
BRDA:381,16,0,22
BRDA:381,16,1,0
BRDA:399,17,0,18
BRDA:399,17,1,42
BRDA:420,18,0,8
BRDA:420,18,1,14
BRDA:421,19,0,4
BRDA:421,19,1,18
BRDA:422,20,0,3
BRDA:422,20,1,19
BRDA:423,21,0,7
BRDA:423,21,1,15
BRDA:472,22,0,7
BRDA:472,22,1,13
BRDA:475,23,0,6
BRDA:475,23,1,7
BRDA:545,24,0,22
BRDA:545,24,1,0
BRDA:546,25,0,22
BRDA:546,25,1,0
BRDA:547,26,0,22
BRDA:547,26,1,0
BRDA:548,27,0,22
BRDA:548,27,1,0
BRDA:604,28,0,7
BRDA:604,28,1,8
BRF:58
BRH:45
end_of_record
TN:
SF:src/engine/force-structure.ts
FN:155,(anonymous_0)
FN:166,(anonymous_1)
FN:196,(anonymous_2)
FN:227,(anonymous_3)
FN:270,(anonymous_4)
FN:301,(anonymous_5)
FN:340,(anonymous_6)
FN:348,clamp
FN:353,validateRange
FNF:9
FNH:9
FNDA:1,(anonymous_0)
FNDA:1,(anonymous_1)
FNDA:6,(anonymous_2)
FNDA:12,(anonymous_3)
FNDA:7,(anonymous_4)
FNDA:6,(anonymous_5)
FNDA:1,(anonymous_6)
FNDA:12,clamp
FNDA:36,validateRange
DA:133,3
DA:156,1
DA:176,30
DA:197,6
DA:199,6
DA:200,6
DA:201,6
DA:202,6
DA:203,6
DA:204,6
DA:206,6
DA:207,0
DA:210,6
DA:228,12
DA:229,12
DA:230,12
DA:232,12
DA:234,12
DA:238,12
DA:239,12
DA:241,12
DA:247,12
DA:251,12
DA:271,7
DA:272,7
DA:274,7
DA:278,7
DA:312,6
DA:313,6
DA:314,6
DA:315,6
DA:316,6
DA:318,6
DA:320,6
DA:341,3
DA:349,12
DA:358,36
DA:359,0
DA:360,36
DA:361,5
LF:40
LH:38
BRDA:156,0,0,1
BRDA:156,0,1,1
BRDA:206,1,0,0
BRDA:206,1,1,6
BRDA:234,2,0,4
BRDA:234,2,1,8
BRDA:247,3,0,4
BRDA:247,3,1,8
BRDA:274,4,0,5
BRDA:274,4,1,2
BRDA:358,5,0,0
BRDA:358,5,1,36
BRDA:358,6,0,36
BRDA:358,6,1,36
BRDA:360,7,0,5
BRDA:360,7,1,31
BRDA:360,8,0,36
BRDA:360,8,1,33
BRF:18
BRH:16
end_of_record
TN:
SF:src/engine/geographic-posture.ts
FN:54,(anonymous_0)
FN:69,(anonymous_1)
FN:74,(anonymous_2)
FN:88,(anonymous_3)
FN:113,(anonymous_4)
FN:131,(anonymous_5)
FN:136,(anonymous_6)
FN:146,(anonymous_7)
FN:172,(anonymous_8)
FNF:9
FNH:9
FNDA:11,(anonymous_0)
FNDA:2,(anonymous_1)
FNDA:2,(anonymous_2)
FNDA:11,(anonymous_3)
FNDA:7,(anonymous_4)
FNDA:6,(anonymous_5)
FNDA:6,(anonymous_6)
FNDA:3,(anonymous_7)
FNDA:4,(anonymous_8)
DA:55,11
DA:56,11
DA:57,22
DA:58,22
DA:59,22
DA:60,22
DA:63,11
DA:70,2
DA:75,2
DA:89,11
DA:91,11
DA:93,3
DA:95,2
DA:97,2
DA:99,4
DA:114,7
DA:116,7
DA:118,1
DA:120,1
DA:122,2
DA:124,3
DA:132,6
DA:137,6
DA:147,3
DA:149,3
DA:173,4
DA:176,4
DA:177,4
DA:180,4
DA:181,4
LF:30
LH:30
BRDA:59,0,0,22
BRDA:59,0,1,0
BRDA:75,1,0,2
BRDA:75,1,1,1
BRDA:91,2,0,3
BRDA:91,2,1,2
BRDA:91,2,2,2
BRDA:91,2,3,4
BRDA:116,3,0,1
BRDA:116,3,1,1
BRDA:116,3,2,2
BRDA:116,3,3,3
BRDA:155,4,0,1
BRDA:155,4,1,2
BRDA:157,5,0,1
BRDA:157,5,1,2
BRF:16
BRH:15
end_of_record
TN:
SF:src/engine/grey-zone-ops.ts
FN:251,(anonymous_0)
FN:277,(anonymous_1)
FN:317,(anonymous_2)
FN:353,(anonymous_3)
FN:378,(anonymous_4)
FN:411,(anonymous_5)
FN:460,(anonymous_6)
FN:496,(anonymous_7)
FN:539,(anonymous_8)
FNF:9
FNH:9
FNDA:29,(anonymous_0)
FNDA:3,(anonymous_1)
FNDA:11,(anonymous_2)
FNDA:4,(anonymous_3)
FNDA:3,(anonymous_4)
FNDA:4,(anonymous_5)
FNDA:13,(anonymous_6)
FNDA:7,(anonymous_7)
FNDA:4,(anonymous_8)
DA:252,29
DA:253,29
DA:254,29
DA:281,3
DA:282,1
DA:288,2
DA:289,1
DA:295,1
DA:323,11
DA:325,11
DA:354,4
DA:382,3
DA:416,4
DA:417,1
DA:423,3
DA:424,1
DA:430,2
DA:431,1
DA:437,1
DA:466,13
DA:467,13
DA:469,13
DA:501,7
DA:502,2
DA:512,5
DA:516,7
DA:543,4
DA:544,4
DA:545,4
DA:549,4
DA:551,4
DA:552,4
DA:554,3
DA:555,3
DA:557,3
DA:559,1
DA:560,1
DA:562,2
DA:565,2
DA:566,2
DA:571,2
DA:572,1
DA:574,1
DA:577,2
DA:581,4
LF:45
LH:45
BRDA:281,0,0,1
BRDA:281,0,1,2
BRDA:288,1,0,1
BRDA:288,1,1,1
BRDA:416,2,0,1
BRDA:416,2,1,3
BRDA:423,3,0,1
BRDA:423,3,1,2
BRDA:430,4,0,1
BRDA:430,4,1,1
BRDA:501,5,0,2
BRDA:501,5,1,5
BRDA:512,6,0,3
BRDA:512,6,1,2
BRDA:552,7,0,1
BRDA:552,7,1,3
BRDA:557,8,0,1
BRDA:557,8,1,2
BRDA:566,9,0,2
BRDA:566,9,1,1
BRDA:571,10,0,1
BRDA:571,10,1,1
BRF:22
BRH:22
end_of_record
TN:
SF:src/engine/grudge-ledger.ts
FN:75,clamp
FN:300,(anonymous_1)
FN:320,(anonymous_2)
FN:363,(anonymous_3)
FN:375,(anonymous_4)
FN:426,(anonymous_5)
FN:432,(anonymous_6)
FN:436,(anonymous_7)
FN:473,(anonymous_8)
FN:479,(anonymous_9)
FN:487,(anonymous_10)
FN:538,(anonymous_11)
FN:633,(anonymous_12)
FNF:13
FNH:13
FNDA:9,clamp
FNDA:33,(anonymous_1)
FNDA:9,(anonymous_2)
FNDA:8,(anonymous_3)
FNDA:10,(anonymous_4)
FNDA:6,(anonymous_5)
FNDA:11,(anonymous_6)
FNDA:7,(anonymous_7)
FNDA:6,(anonymous_8)
FNDA:9,(anonymous_9)
FNDA:2,(anonymous_10)
FNDA:13,(anonymous_11)
FNDA:91,(anonymous_12)
DA:76,9
DA:301,33
DA:321,9
DA:323,9
DA:333,9
DA:335,9
DA:365,8
DA:368,8
DA:372,8
DA:373,8
DA:375,8
DA:376,10
DA:377,2
DA:380,8
DA:385,8
DA:386,2
DA:389,8
DA:390,7
DA:393,8
DA:396,8
DA:429,6
DA:431,6
DA:432,11
DA:435,6
DA:436,7
DA:440,6
DA:441,6
DA:443,6
DA:474,6
DA:475,6
DA:477,6
DA:480,9
DA:481,6
DA:482,6
DA:484,3
DA:488,2
DA:494,1
DA:495,1
DA:496,1
DA:498,1
DA:501,6
DA:539,13
DA:541,13
DA:619,13
DA:627,13
DA:633,91
LF:46
LH:46
BRDA:300,0,0,33
BRDA:368,1,0,2
BRDA:368,1,1,6
BRDA:376,2,0,2
BRDA:376,2,1,8
BRDA:385,3,0,2
BRDA:385,3,1,6
BRDA:389,4,0,7
BRDA:389,4,1,1
BRDA:432,5,0,11
BRDA:432,5,1,9
BRDA:477,6,0,5
BRDA:477,6,1,1
BRDA:480,7,0,6
BRDA:480,7,1,3
BRDA:480,8,0,9
BRDA:480,8,1,8
BRDA:488,9,0,1
BRDA:488,9,1,1
BRDA:489,10,0,2
BRDA:489,10,1,1
BRDA:489,10,2,1
BRDA:489,10,3,1
BRDA:505,11,0,5
BRDA:505,11,1,1
BRDA:508,12,0,1
BRDA:508,12,1,4
BRDA:548,13,0,7
BRDA:548,13,1,6
BRDA:558,14,0,7
BRDA:558,14,1,6
BRDA:558,15,0,13
BRDA:558,15,1,7
BRDA:572,16,0,5
BRDA:572,16,1,8
BRDA:582,17,0,9
BRDA:582,17,1,4
BRDA:582,18,0,13
BRDA:582,18,1,9
BRDA:592,19,0,9
BRDA:592,19,1,4
BRDA:592,20,0,13
BRDA:592,20,1,9
BRDA:602,21,0,7
BRDA:602,21,1,6
BRDA:612,22,0,5
BRDA:612,22,1,8
BRDA:612,23,0,13
BRDA:612,23,1,5
BRDA:619,24,0,5
BRDA:619,24,1,8
BRDA:621,25,0,2
BRDA:621,25,1,6
BRDA:623,26,0,2
BRDA:623,26,1,4
BRF:55
BRH:55
end_of_record
TN:
SF:src/engine/headline-generator.ts
FN:192,(anonymous_0)
FN:212,(anonymous_1)
FN:241,(anonymous_2)
FN:265,(anonymous_3)
FN:292,(anonymous_4)
FN:313,(anonymous_5)
FN:329,(anonymous_6)
FN:347,(anonymous_7)
FN:365,(anonymous_8)
FN:389,(anonymous_9)
FN:406,(anonymous_10)
FN:423,(anonymous_11)
FNF:12
FNH:12
FNDA:85,(anonymous_0)
FNDA:19,(anonymous_1)
FNDA:104,(anonymous_2)
FNDA:63,(anonymous_3)
FNDA:8,(anonymous_4)
FNDA:104,(anonymous_5)
FNDA:104,(anonymous_6)
FNDA:104,(anonymous_7)
FNDA:54,(anonymous_8)
FNDA:63,(anonymous_9)
FNDA:63,(anonymous_10)
FNDA:1,(anonymous_11)
DA:62,3
DA:74,3
DA:86,3
DA:98,3
DA:106,3
DA:114,3
DA:122,3
DA:144,3
DA:193,85
DA:194,85
DA:216,19
DA:217,1
DA:220,18
DA:222,18
DA:223,54
DA:224,54
DA:227,18
DA:245,104
DA:246,104
DA:249,104
DA:251,104
DA:269,63
DA:270,63
DA:272,63
DA:274,63
DA:296,8
DA:317,104
DA:318,104
DA:320,104
DA:332,104
DA:338,104
DA:348,104
DA:354,104
DA:369,54
DA:370,54
DA:372,54
DA:373,60
DA:374,60
DA:375,57
DA:376,57
DA:380,54
DA:390,63
DA:396,63
DA:397,63
DA:407,63
DA:413,63
DA:414,63
DA:424,1
DA:426,1
DA:432,1
DA:438,1
DA:439,3
DA:447,1
LF:53
LH:53
BRDA:216,0,0,1
BRDA:216,0,1,18
BRDA:317,1,0,104
BRDA:317,1,1,0
BRDA:320,2,0,104
BRDA:320,2,1,0
BRDA:338,3,0,104
BRDA:338,3,1,0
BRDA:354,4,0,104
BRDA:354,4,1,0
BRDA:374,5,0,57
BRDA:374,5,1,3
BRDA:396,6,0,63
BRDA:396,6,1,0
BRDA:413,7,0,63
BRDA:413,7,1,0
BRDA:441,8,0,3
BRDA:441,8,1,0
BRDA:442,9,0,3
BRDA:442,9,1,0
BRF:20
BRH:12
end_of_record
TN:
SF:src/engine/hex-map.ts
FN:60,hexIdFromAxial
FN:67,axialFromHexId
FN:80,offsetToAxial
FN:90,axialToOffset
FN:106,createDefaultHexState
FN:124,axialToCube
FN:135,cubeRound
FN:156,hexDistance
FN:167,lerp
FN:186,(anonymous_9)
FN:201,(anonymous_10)
FN:224,(anonymous_11)
FN:241,(anonymous_12)
FN:246,(anonymous_13)
FN:251,(anonymous_14)
FN:256,(anonymous_15)
FN:261,(anonymous_16)
FN:266,(anonymous_17)
FN:267,(anonymous_18)
FN:278,(anonymous_19)
FN:296,(anonymous_20)
FN:311,(anonymous_21)
FN:343,(anonymous_22)
FN:365,(anonymous_23)
FN:435,(anonymous_24)
FN:467,(anonymous_25)
FN:469,(anonymous_26)
FN:478,(anonymous_27)
FN:480,(anonymous_28)
FN:494,(anonymous_29)
FN:496,(anonymous_30)
FNF:31
FNH:31
FNDA:781,hexIdFromAxial
FNDA:31,axialFromHexId
FNDA:612,offsetToAxial
FNDA:2,axialToOffset
FNDA:619,createDefaultHexState
FNDA:16,axialToCube
FNDA:8,cubeRound
FNDA:6,hexDistance
FNDA:24,lerp
FNDA:34,(anonymous_9)
FNDA:34,(anonymous_10)
FNDA:34,(anonymous_11)
FNDA:6,(anonymous_12)
FNDA:9,(anonymous_13)
FNDA:1,(anonymous_14)
FNDA:7,(anonymous_15)
FNDA:1,(anonymous_16)
FNDA:1,(anonymous_17)
FNDA:9,(anonymous_18)
FNDA:16,(anonymous_19)
FNDA:4,(anonymous_20)
FNDA:5,(anonymous_21)
FNDA:2,(anonymous_22)
FNDA:5,(anonymous_23)
FNDA:2,(anonymous_24)
FNDA:4,(anonymous_25)
FNDA:53,(anonymous_26)
FNDA:2,(anonymous_27)
FNDA:18,(anonymous_28)
FNDA:1,(anonymous_29)
FNDA:16,(anonymous_30)
DA:43,6
DA:61,781
DA:68,31
DA:69,31
DA:70,31
DA:71,31
DA:72,31
DA:73,31
DA:81,612
DA:82,612
DA:83,612
DA:91,2
DA:92,2
DA:93,2
DA:107,619
DA:125,16
DA:126,16
DA:127,16
DA:128,16
DA:136,8
DA:137,8
DA:138,8
DA:140,8
DA:141,8
DA:142,8
DA:144,8
DA:145,0
DA:146,8
DA:147,0
DA:149,8
DA:152,8
DA:157,6
DA:158,6
DA:159,6
DA:168,24
DA:187,34
DA:202,32
DA:204,32
DA:205,117
DA:206,609
DA:207,609
DA:208,609
DA:213,609
DA:217,32
DA:225,2
DA:227,2
DA:228,18
DA:229,18
DA:230,18
DA:231,18
DA:235,2
DA:242,6
DA:247,9
DA:252,1
DA:257,7
DA:262,1
DA:267,1
DA:268,9
DA:279,16
DA:280,16
DA:282,16
DA:283,96
DA:284,96
DA:285,41
DA:289,16
DA:297,4
DA:298,4
DA:299,4
DA:312,5
DA:313,3
DA:316,2
DA:317,2
DA:320,2
DA:321,2
DA:322,2
DA:324,2
DA:325,12
DA:326,12
DA:327,12
DA:328,12
DA:329,12
DA:331,12
DA:332,12
DA:336,2
DA:344,2
DA:345,2
DA:346,3
DA:347,3
DA:348,8
DA:351,2
DA:370,5
DA:371,1
DA:374,4
DA:375,4
DA:377,4
DA:378,0
DA:381,4
DA:382,0
DA:385,4
DA:386,4
DA:387,4
DA:389,4
DA:390,14
DA:392,14
DA:393,28
DA:394,8
DA:397,20
DA:398,20
DA:399,3
DA:402,17
DA:404,17
DA:406,3
DA:407,3
DA:409,3
DA:410,10
DA:411,10
DA:412,10
DA:416,3
DA:417,3
DA:420,14
DA:421,14
DA:425,1
DA:436,2
DA:437,2
DA:438,2
DA:440,2
DA:441,0
DA:444,2
DA:445,2
DA:446,2
DA:450,2
DA:452,2
DA:453,8
DA:454,8
DA:455,8
DA:456,8
DA:457,8
DA:458,8
DA:461,2
DA:468,4
DA:469,4
DA:470,53
DA:471,3
DA:474,4
DA:479,2
DA:480,2
DA:481,18
DA:482,9
DA:485,2
DA:495,1
DA:496,1
DA:497,16
DA:499,1
LF:153
LH:148
BRDA:71,0,0,31
BRDA:71,0,1,0
BRDA:72,1,0,31
BRDA:72,1,1,0
BRDA:110,2,0,619
BRDA:110,2,1,614
BRDA:144,3,0,0
BRDA:144,3,1,8
BRDA:144,4,0,8
BRDA:144,4,1,2
BRDA:146,5,0,0
BRDA:146,5,1,8
BRDA:230,6,0,18
BRDA:230,6,1,0
BRDA:284,7,0,41
BRDA:284,7,1,55
BRDA:312,8,0,3
BRDA:312,8,1,2
BRDA:313,9,0,3
BRDA:313,9,1,0
BRDA:328,10,0,12
BRDA:328,10,1,0
BRDA:370,11,0,1
BRDA:370,11,1,4
BRDA:377,12,0,0
BRDA:377,12,1,4
BRDA:377,13,0,4
BRDA:377,13,1,4
BRDA:381,14,0,0
BRDA:381,14,1,4
BRDA:381,15,0,4
BRDA:381,15,1,4
BRDA:393,16,0,8
BRDA:393,16,1,20
BRDA:398,17,0,3
BRDA:398,17,1,17
BRDA:398,18,0,20
BRDA:398,18,1,20
BRDA:404,19,0,3
BRDA:404,19,1,14
BRDA:409,20,0,3
BRDA:409,20,1,13
BRDA:411,21,0,10
BRDA:411,21,1,0
BRDA:440,22,0,0
BRDA:440,22,1,2
BRDA:470,23,0,3
BRDA:470,23,1,50
BRDA:481,24,0,9
BRDA:481,24,1,9
BRF:50
BRH:39
end_of_record
TN:
SF:src/engine/inequality-media.ts
FN:37,clamp
FN:171,(anonymous_1)
FN:191,(anonymous_2)
FN:239,(anonymous_3)
FN:301,(anonymous_4)
FN:329,(anonymous_5)
FN:346,(anonymous_6)
FNF:7
FNH:7
FNDA:34,clamp
FNDA:43,(anonymous_1)
FNDA:14,(anonymous_2)
FNDA:14,(anonymous_3)
FNDA:7,(anonymous_4)
FNDA:20,(anonymous_5)
FNDA:14,(anonymous_6)
DA:38,34
DA:153,3
DA:172,43
DA:192,14
DA:193,14
DA:197,14
DA:200,14
DA:202,14
DA:203,14
DA:204,14
DA:205,14
DA:207,14
DA:215,14
DA:242,14
DA:243,14
DA:246,14
DA:247,2
DA:258,12
DA:259,12
DA:264,12
DA:268,14
DA:277,14
DA:302,7
DA:303,7
DA:305,7
DA:330,20
DA:332,20
DA:335,20
DA:353,14
DA:355,14
DA:356,7
DA:361,7
DA:367,14
DA:368,5
DA:371,9
DA:372,9
DA:375,14
DA:376,5
DA:377,9
DA:378,3
DA:380,6
DA:383,14
LF:42
LH:42
BRDA:197,0,0,7
BRDA:197,0,1,7
BRDA:246,1,0,2
BRDA:246,1,1,12
BRDA:264,2,0,2
BRDA:264,2,1,10
BRDA:264,3,0,12
BRDA:264,3,1,8
BRDA:268,4,0,8
BRDA:268,4,1,4
BRDA:271,5,0,2
BRDA:271,5,1,6
BRDA:355,6,0,7
BRDA:355,6,1,7
BRDA:367,7,0,5
BRDA:367,7,1,9
BRDA:371,8,0,9
BRDA:371,8,1,0
BRDA:375,9,0,5
BRDA:375,9,1,9
BRDA:377,10,0,3
BRDA:377,10,1,6
BRF:22
BRH:21
end_of_record
TN:
SF:src/engine/insurrection-civilwar-engine.ts
FN:34,clamp
FN:176,(anonymous_1)
FN:200,(anonymous_2)
FN:257,(anonymous_3)
FN:306,(anonymous_4)
FN:372,(anonymous_5)
FN:428,(anonymous_6)
FN:446,(anonymous_7)
FN:501,(anonymous_8)
FN:524,(anonymous_9)
FNF:10
FNH:10
FNDA:69,clamp
FNDA:51,(anonymous_1)
FNDA:9,(anonymous_2)
FNDA:8,(anonymous_3)
FNDA:9,(anonymous_4)
FNDA:10,(anonymous_5)
FNDA:8,(anonymous_6)
FNDA:8,(anonymous_7)
FNDA:9,(anonymous_8)
FNDA:14,(anonymous_9)
DA:35,69
DA:177,51
DA:204,9
DA:205,9
DA:206,9
DA:209,9
DA:213,9
DA:217,9
DA:219,9
DA:220,6
DA:228,3
DA:262,8
DA:264,8
DA:269,8
DA:271,8
DA:275,8
DA:311,9
DA:312,9
DA:313,9
DA:315,9
DA:317,9
DA:319,9
DA:321,9
DA:322,2
DA:332,7
DA:336,7
DA:341,9
DA:345,9
DA:376,10
DA:378,10
DA:385,10
DA:388,10
DA:390,10
DA:433,8
DA:434,8
DA:436,8
DA:437,1
DA:441,7
DA:444,7
DA:446,7
DA:447,8
DA:450,8
DA:454,8
DA:459,8
DA:460,8
DA:462,8
DA:464,8
DA:471,7
DA:505,9
DA:507,9
DA:514,9
DA:517,9
DA:518,9
DA:519,9
DA:524,14
DA:529,9
LF:56
LH:56
BRDA:209,0,0,9
BRDA:209,0,1,7
BRDA:213,1,0,9
BRDA:213,1,1,7
BRDA:213,1,2,6
BRDA:217,2,0,9
BRDA:217,2,1,5
BRDA:219,3,0,6
BRDA:219,3,1,3
BRDA:271,4,0,7
BRDA:271,4,1,1
BRDA:319,5,0,9
BRDA:319,5,1,8
BRDA:321,6,0,2
BRDA:321,6,1,7
BRDA:336,7,0,4
BRDA:336,7,1,3
BRDA:341,8,0,7
BRDA:341,8,1,0
BRDA:436,9,0,1
BRDA:436,9,1,7
BRDA:519,10,0,9
BRDA:519,10,1,0
BRF:23
BRH:21
end_of_record
TN:
SF:src/engine/intel-capability.ts
FN:158,(anonymous_0)
FN:176,(anonymous_1)
FN:201,(anonymous_2)
FN:236,(anonymous_3)
FN:264,(anonymous_4)
FN:291,(anonymous_5)
FN:338,(anonymous_6)
FN:392,(anonymous_7)
FN:397,(anonymous_8)
FN:421,(anonymous_9)
FNF:10
FNH:10
FNDA:1,(anonymous_0)
FNDA:1,(anonymous_1)
FNDA:36,(anonymous_2)
FNDA:4,(anonymous_3)
FNDA:5,(anonymous_4)
FNDA:5,(anonymous_5)
FNDA:22,(anonymous_6)
FNDA:5,(anonymous_7)
FNDA:6,(anonymous_8)
FNDA:22,(anonymous_9)
DA:19,5
DA:159,1
DA:183,246
DA:202,36
DA:204,36
DA:205,36
DA:206,36
DA:207,36
DA:209,36
DA:211,36
DA:237,4
DA:239,1
DA:241,1
DA:243,1
DA:245,1
DA:248,0
DA:249,0
DA:265,5
DA:272,5
DA:273,5
DA:274,20
DA:275,5
DA:278,5
DA:292,5
DA:299,5
DA:300,5
DA:301,20
DA:302,5
DA:305,5
DA:339,22
DA:340,22
DA:343,22
DA:344,22
DA:347,22
DA:350,22
DA:351,22
DA:354,22
DA:355,22
DA:360,22
DA:361,22
DA:365,22
DA:393,5
DA:395,5
DA:397,5
DA:398,6
DA:399,6
DA:406,5
DA:422,22
LF:48
LH:46
BRDA:159,0,0,1
BRDA:159,0,1,1
BRDA:237,1,0,1
BRDA:237,1,1,1
BRDA:237,1,2,1
BRDA:237,1,3,1
BRDA:237,1,4,0
BRDA:274,2,0,5
BRDA:274,2,1,15
BRDA:301,3,0,5
BRDA:301,3,1,15
BRDA:355,4,0,11
BRDA:355,4,1,11
BRDA:361,5,0,6
BRDA:361,5,1,16
BRDA:398,6,0,6
BRDA:398,6,1,1
BRF:17
BRH:16
end_of_record
TN:
SF:src/engine/intel-operations.ts
FN:154,clamp
FN:189,(anonymous_1)
FN:205,(anonymous_2)
FN:236,(anonymous_3)
FN:283,(anonymous_4)
FN:303,(anonymous_5)
FN:328,(anonymous_6)
FN:402,(anonymous_7)
FN:475,(anonymous_8)
FN:520,(anonymous_9)
FN:543,(anonymous_10)
FN:568,(anonymous_11)
FNF:12
FNH:12
FNDA:50,clamp
FNDA:1,(anonymous_1)
FNDA:124,(anonymous_2)
FNDA:27,(anonymous_3)
FNDA:27,(anonymous_4)
FNDA:23,(anonymous_5)
FNDA:18,(anonymous_6)
FNDA:16,(anonymous_7)
FNDA:16,(anonymous_8)
FNDA:1,(anonymous_9)
FNDA:1,(anonymous_10)
FNDA:27,(anonymous_11)
DA:22,3
DA:23,3
DA:155,50
DA:190,1
DA:206,124
DA:208,38
DA:210,23
DA:212,31
DA:214,32
DA:216,0
DA:217,0
DA:238,27
DA:239,2
DA:243,25
DA:244,25
DA:245,3
DA:252,22
DA:253,9
DA:254,1
DA:256,8
DA:257,8
DA:258,1
DA:265,20
DA:284,27
DA:285,27
DA:286,27
DA:287,27
DA:304,23
DA:305,23
DA:306,23
DA:307,23
DA:329,18
DA:332,18
DA:333,18
DA:334,2
DA:362,16
DA:363,16
DA:364,16
DA:367,16
DA:370,16
DA:373,16
DA:403,16
DA:404,2
DA:413,14
DA:415,5
DA:424,3
DA:433,2
DA:442,4
DA:443,4
DA:453,0
DA:454,0
DA:476,16
DA:477,16
DA:478,16
DA:480,16
DA:481,13
DA:492,3
DA:493,3
DA:521,4
DA:544,8
DA:545,3
DA:547,5
DA:569,27
DA:570,27
DA:572,27
DA:574,7
DA:576,8
DA:578,6
DA:580,6
DA:582,0
LF:70
LH:65
BRDA:190,0,0,1
BRDA:190,0,1,1
BRDA:206,1,0,38
BRDA:206,1,1,23
BRDA:206,1,2,31
BRDA:206,1,3,32
BRDA:206,1,4,0
BRDA:238,2,0,2
BRDA:238,2,1,25
BRDA:244,3,0,3
BRDA:244,3,1,22
BRDA:252,4,0,9
BRDA:252,4,1,13
BRDA:253,5,0,1
BRDA:253,5,1,8
BRDA:257,6,0,1
BRDA:257,6,1,7
BRDA:333,7,0,2
BRDA:333,7,1,16
BRDA:403,8,0,2
BRDA:403,8,1,14
BRDA:413,9,0,14
BRDA:413,9,1,3
BRDA:413,9,2,2
BRDA:413,9,3,4
BRDA:413,9,4,0
BRDA:442,10,0,4
BRDA:442,10,1,0
BRDA:480,11,0,13
BRDA:480,11,1,3
BRDA:544,12,0,3
BRDA:544,12,1,5
BRDA:572,13,0,7
BRDA:572,13,1,8
BRDA:572,13,2,6
BRDA:572,13,3,6
BRDA:572,13,4,0
BRF:37
BRH:33
end_of_record
TN:
SF:src/engine/intel-sharing.ts
FN:89,clamp
FN:106,(anonymous_1)
FN:121,(anonymous_2)
FN:140,(anonymous_3)
FN:172,(anonymous_4)
FN:196,(anonymous_5)
FN:236,(anonymous_6)
FN:284,(anonymous_7)
FN:291,(anonymous_8)
FN:335,(anonymous_9)
FN:358,(anonymous_10)
FNF:11
FNH:11
FNDA:229,clamp
FNDA:1,(anonymous_1)
FNDA:27,(anonymous_2)
FNDA:29,(anonymous_3)
FNDA:29,(anonymous_4)
FNDA:26,(anonymous_5)
FNDA:13,(anonymous_6)
FNDA:5,(anonymous_7)
FNDA:7,(anonymous_8)
FNDA:6,(anonymous_9)
FNDA:112,(anonymous_10)
DA:23,3
DA:90,229
DA:107,1
DA:125,27
DA:126,27
DA:129,27
DA:143,29
DA:150,29
DA:151,29
DA:152,87
DA:153,87
DA:154,5
DA:157,29
DA:176,29
DA:177,29
DA:181,29
DA:182,29
DA:200,26
DA:202,24
DA:203,24
DA:204,24
DA:206,21
DA:208,21
DA:210,26
DA:212,26
DA:213,26
DA:215,26
DA:237,13
DA:240,13
DA:241,13
DA:242,17
DA:243,17
DA:244,15
DA:249,13
DA:250,13
DA:251,15
DA:252,15
DA:256,13
DA:257,13
DA:258,34
DA:259,34
DA:260,34
DA:261,34
DA:263,34
DA:272,13
DA:290,5
DA:292,7
DA:301,5
DA:302,5
DA:303,3
DA:304,3
DA:308,5
DA:309,5
DA:310,16
DA:311,16
DA:312,16
DA:313,16
DA:315,16
DA:324,5
DA:339,6
DA:340,6
DA:341,8
DA:342,5
DA:345,6
DA:359,112
LF:65
LH:65
BRDA:107,0,0,1
BRDA:107,0,1,1
BRDA:129,1,0,25
BRDA:129,1,1,2
BRDA:153,2,0,5
BRDA:153,2,1,82
BRDA:200,3,0,2
BRDA:200,3,1,24
BRDA:204,4,0,3
BRDA:204,4,1,21
BRDA:204,5,0,24
BRDA:204,5,1,23
BRDA:208,6,0,20
BRDA:208,6,1,1
BRDA:210,7,0,20
BRDA:210,7,1,1
BRDA:243,8,0,15
BRDA:243,8,1,2
BRDA:252,9,0,15
BRDA:252,9,1,13
BRDA:258,10,0,34
BRDA:258,10,1,22
BRDA:259,11,0,34
BRDA:259,11,1,34
BRDA:260,12,0,34
BRDA:260,12,1,33
BRDA:261,13,0,34
BRDA:261,13,1,34
BRDA:293,14,0,7
BRDA:293,14,1,5
BRDA:293,14,2,3
BRDA:293,14,3,0
BRDA:304,15,0,3
BRDA:304,15,1,3
BRDA:310,16,0,16
BRDA:310,16,1,13
BRDA:311,17,0,16
BRDA:311,17,1,16
BRDA:312,18,0,16
BRDA:312,18,1,16
BRDA:313,19,0,16
BRDA:313,19,1,16
BRDA:341,20,0,5
BRDA:341,20,1,3
BRF:44
BRH:43
end_of_record
TN:
SF:src/engine/intelligence-reliability.ts
FN:163,(anonymous_0)
FN:187,(anonymous_1)
FN:218,(anonymous_2)
FN:245,(anonymous_3)
FN:296,(anonymous_4)
FN:321,(anonymous_5)
FN:355,(anonymous_6)
FN:387,(anonymous_7)
FN:420,(anonymous_8)
FNF:9
FNH:9
FNDA:737,(anonymous_0)
FNDA:7,(anonymous_1)
FNDA:692,(anonymous_2)
FNDA:7,(anonymous_3)
FNDA:51,(anonymous_4)
FNDA:4,(anonymous_5)
FNDA:3,(anonymous_6)
FNDA:3,(anonymous_7)
FNDA:2,(anonymous_8)
DA:118,3
DA:126,3
DA:129,3
DA:164,737
DA:165,737
DA:192,7
DA:193,7
DA:194,7
DA:196,7
DA:219,692
DA:220,2
DA:223,690
DA:224,690
DA:225,690
DA:227,690
DA:251,7
DA:252,7
DA:255,7
DA:257,7
DA:259,7
DA:274,7
DA:297,51
DA:298,1
DA:301,50
DA:302,50
DA:303,50
DA:305,50
DA:326,4
DA:327,4
DA:329,4
DA:331,4
DA:359,3
DA:360,3
DA:362,3
DA:363,6
DA:364,3
DA:366,3
DA:370,3
DA:391,3
DA:392,3
DA:394,3
DA:395,6
DA:396,3
DA:398,3
DA:402,3
DA:421,2
DA:422,2
LF:47
LH:47
BRDA:219,0,0,2
BRDA:219,0,1,690
BRDA:255,1,0,7
BRDA:255,1,1,0
BRDA:297,2,0,1
BRDA:297,2,1,50
BRDA:363,3,0,3
BRDA:363,3,1,3
BRDA:395,4,0,3
BRDA:395,4,1,3
BRF:10
BRH:9
end_of_record
TN:
SF:src/engine/invasion.ts
FN:54,(anonymous_0)
FN:79,(anonymous_1)
FN:93,(anonymous_2)
FN:106,(anonymous_3)
FN:120,(anonymous_4)
FN:168,(anonymous_5)
FNF:6
FNH:6
FNDA:17,(anonymous_0)
FNDA:11,(anonymous_1)
FNDA:13,(anonymous_2)
FNDA:11,(anonymous_3)
FNDA:7,(anonymous_4)
FNDA:17,(anonymous_5)
DA:58,17
DA:59,17
DA:60,12
DA:61,12
DA:62,12
DA:63,12
DA:66,17
DA:67,17
DA:84,11
DA:85,11
DA:86,11
DA:94,13
DA:107,11
DA:108,11
DA:124,7
DA:126,7
DA:127,7
DA:128,7
DA:131,7
DA:133,7
DA:140,7
DA:142,7
DA:147,7
DA:151,7
DA:153,7
DA:169,7
DA:170,6
DA:171,5
DA:172,3
DA:173,2
DA:174,1
LF:31
LH:31
BRDA:62,0,0,12
BRDA:62,0,1,0
BRDA:94,1,0,13
BRDA:94,1,1,1
BRDA:126,2,0,7
BRDA:126,2,1,0
BRDA:127,3,0,7
BRDA:127,3,1,0
BRDA:128,4,0,7
BRDA:128,4,1,0
BRDA:140,5,0,7
BRDA:140,5,1,0
BRDA:169,6,0,1
BRDA:169,6,1,6
BRDA:170,7,0,1
BRDA:170,7,1,5
BRDA:171,8,0,2
BRDA:171,8,1,3
BRDA:172,9,0,1
BRDA:172,9,1,2
BRDA:173,10,0,1
BRDA:173,10,1,1
BRF:22
BRH:17
end_of_record
TN:
SF:src/engine/leader-creation.ts
FN:116,clampToRange
FN:156,(anonymous_1)
FN:168,(anonymous_2)
FN:176,(anonymous_3)
FN:183,(anonymous_4)
FN:211,(anonymous_5)
FN:283,(anonymous_6)
FN:345,(anonymous_7)
FN:379,(anonymous_8)
FN:391,(anonymous_9)
FN:409,(anonymous_10)
FN:436,(anonymous_11)
FN:463,(anonymous_12)
FN:476,(anonymous_13)
FN:504,(anonymous_14)
FNF:15
FNH:15
FNDA:60,clampToRange
FNDA:42,(anonymous_1)
FNDA:5,(anonymous_2)
FNDA:20,(anonymous_3)
FNDA:24,(anonymous_4)
FNDA:9,(anonymous_5)
FNDA:8,(anonymous_6)
FNDA:14,(anonymous_7)
FNDA:3,(anonymous_8)
FNDA:12,(anonymous_9)
FNDA:4,(anonymous_10)
FNDA:3,(anonymous_11)
FNDA:1,(anonymous_12)
FNDA:2,(anonymous_13)
FNDA:3,(anonymous_14)
DA:117,60
DA:121,3
DA:131,3
DA:157,42
DA:169,5
DA:176,20
DA:184,24
DA:186,24
DA:215,9
DA:218,9
DA:221,9
DA:222,4
DA:223,4
DA:227,9
DA:228,5
DA:232,9
DA:233,54
DA:234,54
DA:235,54
DA:240,9
DA:249,9
DA:257,9
DA:284,8
DA:285,8
DA:288,8
DA:289,48
DA:290,48
DA:291,4
DA:298,8
DA:299,3
DA:303,8
DA:304,2
DA:310,8
DA:311,48
DA:312,48
DA:313,1
DA:319,8
DA:349,14
DA:351,4
DA:353,3
DA:355,1
DA:357,2
DA:359,3
DA:362,1
DA:384,3
DA:391,3
DA:392,12
DA:393,12
DA:410,4
DA:411,4
DA:412,4
DA:414,4
DA:415,2
DA:419,2
DA:420,2
DA:421,2
DA:422,2
DA:424,2
DA:437,3
DA:438,3
DA:439,3
DA:441,3
DA:442,2
DA:445,1
DA:446,1
DA:447,1
DA:448,1
DA:449,1
DA:450,1
DA:452,1
DA:464,1
DA:477,2
DA:478,2
DA:479,2
DA:481,2
DA:482,1
DA:485,1
DA:486,1
DA:487,1
DA:488,1
DA:489,1
DA:490,1
DA:492,1
DA:505,3
DA:506,3
DA:507,3
DA:509,3
DA:510,1
DA:513,2
DA:514,2
DA:515,2
DA:516,2
DA:517,2
DA:518,2
DA:520,2
LF:95
LH:95
BRDA:221,0,0,4
BRDA:221,0,1,5
BRDA:227,1,0,5
BRDA:227,1,1,4
BRDA:234,2,0,54
BRDA:234,2,1,0
BRDA:242,3,0,3
BRDA:242,3,1,6
BRDA:243,4,0,1
BRDA:243,4,1,8
BRDA:244,5,0,1
BRDA:244,5,1,8
BRDA:245,6,0,1
BRDA:245,6,1,8
BRDA:251,7,0,1
BRDA:251,7,1,8
BRDA:252,8,0,0
BRDA:252,8,1,9
BRDA:253,9,0,1
BRDA:253,9,1,8
BRDA:254,10,0,0
BRDA:254,10,1,9
BRDA:290,11,0,4
BRDA:290,11,1,44
BRDA:290,12,0,48
BRDA:290,12,1,48
BRDA:290,12,2,46
BRDA:298,13,0,3
BRDA:298,13,1,5
BRDA:303,14,0,2
BRDA:303,14,1,6
BRDA:312,15,0,1
BRDA:312,15,1,47
BRDA:312,16,0,48
BRDA:312,16,1,48
BRDA:312,16,2,48
BRDA:349,17,0,4
BRDA:349,17,1,3
BRDA:349,17,2,1
BRDA:349,17,3,2
BRDA:349,17,4,3
BRDA:349,17,5,1
BRDA:412,18,0,4
BRDA:412,18,1,3
BRDA:414,19,0,2
BRDA:414,19,1,2
BRDA:421,20,0,2
BRDA:421,20,1,0
BRDA:422,21,0,2
BRDA:422,21,1,0
BRDA:439,22,0,3
BRDA:439,22,1,2
BRDA:441,23,0,2
BRDA:441,23,1,1
BRDA:449,24,0,1
BRDA:449,24,1,0
BRDA:450,25,0,1
BRDA:450,25,1,0
BRDA:479,26,0,2
BRDA:479,26,1,1
BRDA:481,27,0,1
BRDA:481,27,1,1
BRDA:489,28,0,1
BRDA:489,28,1,0
BRDA:490,29,0,1
BRDA:490,29,1,0
BRDA:507,30,0,3
BRDA:507,30,1,2
BRDA:509,31,0,1
BRDA:509,31,1,2
BRDA:517,32,0,2
BRDA:517,32,1,0
BRDA:518,33,0,2
BRDA:518,33,1,0
BRF:74
BRH:63
end_of_record
TN:
SF:src/engine/leader-expansion-engine.ts
FN:45,clamp
FN:234,(anonymous_1)
FN:253,(anonymous_2)
FN:313,(anonymous_3)
FN:395,(anonymous_4)
FN:492,(anonymous_5)
FN:588,(anonymous_6)
FN:649,(anonymous_7)
FN:651,(anonymous_8)
FN:663,(anonymous_9)
FN:667,(anonymous_10)
FN:670,(anonymous_11)
FN:715,(anonymous_12)
FN:724,(anonymous_13)
FNF:14
FNH:14
FNDA:48,clamp
FNDA:56,(anonymous_1)
FNDA:8,(anonymous_2)
FNDA:8,(anonymous_3)
FNDA:8,(anonymous_4)
FNDA:8,(anonymous_5)
FNDA:8,(anonymous_6)
FNDA:8,(anonymous_7)
FNDA:48,(anonymous_8)
FNDA:48,(anonymous_9)
FNDA:48,(anonymous_10)
FNDA:48,(anonymous_11)
FNDA:8,(anonymous_12)
FNDA:6,(anonymous_13)
DA:46,48
DA:50,3
DA:60,3
DA:70,3
DA:235,56
DA:254,8
DA:256,8
DA:259,8
DA:268,8
DA:277,8
DA:278,48
DA:290,8
DA:317,8
DA:323,8
DA:328,3
DA:329,3
DA:330,3
DA:333,5
DA:343,5
DA:347,8
DA:350,8
DA:351,8
DA:352,8
DA:353,9
DA:354,9
DA:359,8
DA:360,8
DA:361,48
DA:362,48
DA:363,48
DA:367,8
DA:402,8
DA:405,8
DA:406,1
DA:415,7
DA:416,1
DA:424,6
DA:425,1
DA:434,5
DA:435,1
DA:445,4
DA:451,4
DA:455,8
DA:456,0
DA:464,4
DA:466,4
DA:496,8
DA:498,3
DA:499,3
DA:512,1
DA:513,1
DA:526,2
DA:527,2
DA:540,1
DA:541,1
DA:555,1
DA:592,8
DA:594,3
DA:595,3
DA:596,3
DA:597,3
DA:606,3
DA:607,3
DA:608,3
DA:609,3
DA:619,2
DA:650,8
DA:651,48
DA:655,8
DA:656,8
DA:657,48
DA:658,12
DA:663,48
DA:664,8
DA:667,48
DA:669,8
DA:670,48
DA:672,8
DA:676,8
DA:677,4
DA:678,4
DA:679,2
DA:680,2
DA:681,1
DA:683,1
DA:686,8
DA:720,8
DA:721,1
DA:724,6
DA:732,7
DA:734,7
DA:735,7
DA:737,7
DA:738,42
DA:739,42
DA:740,42
DA:741,42
DA:742,42
DA:745,7
LF:99
LH:98
BRDA:280,0,0,48
BRDA:280,0,1,0
BRDA:281,1,0,48
BRDA:281,1,1,0
BRDA:323,2,0,3
BRDA:323,2,1,5
BRDA:324,3,0,8
BRDA:324,3,1,4
BRDA:353,4,0,9
BRDA:353,4,1,0
BRDA:362,5,0,48
BRDA:362,5,1,0
BRDA:405,6,0,1
BRDA:405,6,1,7
BRDA:415,7,0,1
BRDA:415,7,1,6
BRDA:424,8,0,1
BRDA:424,8,1,5
BRDA:434,9,0,1
BRDA:434,9,1,4
BRDA:451,10,0,4
BRDA:451,10,1,0
BRDA:455,11,0,0
BRDA:455,11,1,8
BRDA:469,12,0,3
BRDA:469,12,1,1
BRDA:496,13,0,3
BRDA:496,13,1,1
BRDA:496,13,2,2
BRDA:496,13,3,1
BRDA:496,13,4,1
BRDA:592,14,0,3
BRDA:592,14,1,3
BRDA:592,14,2,2
BRDA:612,15,0,2
BRDA:612,15,1,1
BRDA:657,16,0,12
BRDA:657,16,1,36
BRDA:657,17,0,48
BRDA:657,17,1,42
BRDA:664,18,0,8
BRDA:664,18,1,0
BRDA:669,19,0,8
BRDA:669,19,1,0
BRDA:676,20,0,4
BRDA:676,20,1,4
BRDA:678,21,0,2
BRDA:678,21,1,2
BRDA:680,22,0,1
BRDA:680,22,1,1
BRDA:720,23,0,1
BRDA:720,23,1,7
BRF:52
BRH:44
end_of_record
TN:
SF:src/engine/legitimacy.ts
FN:47,clamp
FN:258,(anonymous_1)
FN:309,(anonymous_2)
FN:342,(anonymous_3)
FN:365,(anonymous_4)
FN:392,(anonymous_5)
FN:446,(anonymous_6)
FN:514,(anonymous_7)
FN:538,(anonymous_8)
FNF:9
FNH:8
FNDA:17,clamp
FNDA:45,(anonymous_1)
FNDA:18,(anonymous_2)
FNDA:17,(anonymous_3)
FNDA:13,(anonymous_4)
FNDA:13,(anonymous_5)
FNDA:10,(anonymous_6)
FNDA:5,(anonymous_7)
FNDA:0,(anonymous_8)
DA:48,17
DA:52,3
DA:55,3
DA:259,45
DA:268,45
DA:310,18
DA:312,18
DA:343,17
DA:366,13
DA:393,13
DA:394,7
DA:396,6
DA:452,10
DA:453,10
DA:456,10
DA:460,10
DA:461,2
DA:469,2
DA:472,10
DA:515,5
DA:517,5
DA:518,5
DA:520,5
DA:539,0
LF:24
LH:23
BRDA:393,0,0,7
BRDA:393,0,1,6
BRDA:460,1,0,2
BRDA:460,1,1,8
BRF:4
BRH:4
end_of_record
TN:
SF:src/engine/logger.ts
FN:19,(anonymous_0)
FN:70,shouldLog
FN:74,emit
FN:125,(anonymous_3)
FN:130,(anonymous_4)
FN:135,(anonymous_5)
FN:140,(anonymous_6)
FN:145,(anonymous_7)
FN:150,(anonymous_8)
FN:155,(anonymous_9)
FN:160,(anonymous_10)
FNF:11
FNH:4
FNDA:5,(anonymous_0)
FNDA:2,shouldLog
FNDA:2,emit
FNDA:0,(anonymous_3)
FNDA:0,(anonymous_4)
FNDA:2,(anonymous_5)
FNDA:0,(anonymous_6)
FNDA:0,(anonymous_7)
FNDA:0,(anonymous_8)
FNDA:0,(anonymous_9)
FNDA:0,(anonymous_10)
DA:19,5
DA:20,5
DA:21,5
DA:22,5
DA:23,5
DA:24,5
DA:51,5
DA:55,5
DA:66,5
DA:68,5
DA:71,2
DA:75,2
DA:77,2
DA:86,2
DA:87,0
DA:89,2
DA:92,2
DA:93,2
DA:96,0
DA:97,0
DA:100,0
DA:101,0
DA:104,2
DA:105,2
DA:108,0
DA:109,0
DA:111,0
DA:123,5
DA:126,0
DA:131,0
DA:136,2
DA:141,0
DA:146,0
DA:151,0
DA:156,0
DA:161,0
LF:36
LH:21
BRDA:19,0,0,5
BRDA:19,0,1,5
BRDA:51,1,0,5
BRDA:51,1,1,5
BRDA:51,1,2,5
BRDA:56,2,0,5
BRDA:56,2,1,0
BRDA:75,3,0,0
BRDA:75,3,1,2
BRDA:86,4,0,0
BRDA:86,4,1,2
BRDA:93,5,0,0
BRDA:93,5,1,0
BRDA:93,5,2,2
BRDA:93,5,3,0
BRDA:93,5,4,0
BRDA:96,6,0,0
BRDA:96,6,1,0
BRDA:100,7,0,0
BRDA:100,7,1,0
BRDA:104,8,0,2
BRDA:104,8,1,1
BRDA:108,9,0,0
BRDA:108,9,1,0
BRF:24
BRH:11
end_of_record
TN:
SF:src/engine/loss-warning.ts
FN:252,(anonymous_0)
FN:276,(anonymous_1)
FN:291,(anonymous_2)
FN:318,(anonymous_3)
FN:346,(anonymous_4)
FN:388,(anonymous_5)
FN:432,(anonymous_6)
FN:455,(anonymous_7)
FN:483,(anonymous_8)
FN:548,(anonymous_9)
FN:596,(anonymous_10)
FN:657,(anonymous_11)
FN:714,(anonymous_12)
FN:762,(anonymous_13)
FN:793,(anonymous_14)
FN:816,(anonymous_15)
FN:836,clamp
FNF:17
FNH:17
FNDA:56,(anonymous_0)
FNDA:16,(anonymous_1)
FNDA:52,(anonymous_2)
FNDA:88,(anonymous_3)
FNDA:90,(anonymous_4)
FNDA:91,(anonymous_5)
FNDA:20,(anonymous_6)
FNDA:21,(anonymous_7)
FNDA:16,(anonymous_8)
FNDA:16,(anonymous_9)
FNDA:16,(anonymous_10)
FNDA:16,(anonymous_11)
FNDA:16,(anonymous_12)
FNDA:16,(anonymous_13)
FNDA:32,(anonymous_14)
FNDA:32,(anonymous_15)
FNDA:156,clamp
DA:192,3
DA:253,56
DA:282,16
DA:290,16
DA:291,52
DA:293,16
DA:323,88
DA:327,88
DA:353,90
DA:354,1
DA:356,89
DA:357,1
DA:360,88
DA:362,21
DA:363,16
DA:365,5
DA:369,67
DA:370,54
DA:372,13
DA:393,91
DA:394,67
DA:398,24
DA:402,24
DA:403,18
DA:407,6
DA:408,2
DA:412,4
DA:413,2
DA:417,2
DA:433,20
DA:434,2
DA:437,18
DA:438,18
DA:456,21
DA:457,1
DA:460,20
DA:461,20
DA:462,86
DA:463,34
DA:467,20
DA:487,16
DA:488,16
DA:491,16
DA:496,16
DA:504,16
DA:509,16
DA:517,16
DA:519,16
DA:520,16
DA:521,16
DA:522,16
DA:524,16
DA:525,16
DA:529,16
DA:552,16
DA:553,16
DA:554,16
DA:556,16
DA:561,16
DA:568,16
DA:569,16
DA:573,16
DA:600,16
DA:601,16
DA:604,16
DA:605,16
DA:610,16
DA:618,16
DA:623,16
DA:624,16
DA:629,16
DA:630,16
DA:632,16
DA:633,16
DA:637,16
DA:661,16
DA:662,16
DA:663,16
DA:666,16
DA:667,16
DA:668,16
DA:675,16
DA:676,16
DA:677,16
DA:684,16
DA:685,16
DA:687,16
DA:688,16
DA:693,16
DA:695,16
DA:718,16
DA:719,16
DA:720,16
DA:722,16
DA:727,16
DA:734,16
DA:735,16
DA:739,16
DA:768,16
DA:769,1
DA:771,15
DA:772,1
DA:774,14
DA:775,2
DA:778,12
DA:798,32
DA:799,5
DA:801,27
DA:802,27
DA:804,0
DA:805,0
DA:820,32
DA:821,29
DA:823,3
DA:837,156
LF:115
LH:113
BRDA:323,0,0,20
BRDA:323,0,1,68
BRDA:353,1,0,1
BRDA:353,1,1,89
BRDA:353,2,0,90
BRDA:353,2,1,22
BRDA:356,3,0,1
BRDA:356,3,1,88
BRDA:356,4,0,89
BRDA:356,4,1,68
BRDA:360,5,0,21
BRDA:360,5,1,67
BRDA:362,6,0,16
BRDA:362,6,1,5
BRDA:369,7,0,54
BRDA:369,7,1,13
BRDA:393,8,0,67
BRDA:393,8,1,24
BRDA:402,9,0,18
BRDA:402,9,1,6
BRDA:402,10,0,24
BRDA:402,10,1,9
BRDA:407,11,0,2
BRDA:407,11,1,4
BRDA:412,12,0,2
BRDA:412,12,1,2
BRDA:433,13,0,2
BRDA:433,13,1,18
BRDA:438,14,0,17
BRDA:438,14,1,1
BRDA:456,15,0,1
BRDA:456,15,1,20
BRDA:462,16,0,34
BRDA:462,16,1,52
BRDA:519,17,0,14
BRDA:519,17,1,2
BRDA:520,18,0,14
BRDA:520,18,1,2
BRDA:521,19,0,14
BRDA:521,19,1,2
BRDA:522,20,0,14
BRDA:522,20,1,2
BRDA:525,21,0,4
BRDA:525,21,1,12
BRDA:569,22,0,4
BRDA:569,22,1,12
BRDA:624,23,0,16
BRDA:624,23,1,0
BRDA:633,24,0,1
BRDA:633,24,1,15
BRDA:688,25,0,2
BRDA:688,25,1,14
BRDA:735,26,0,3
BRDA:735,26,1,13
BRDA:768,27,0,1
BRDA:768,27,1,15
BRDA:768,28,0,16
BRDA:768,28,1,2
BRDA:771,29,0,1
BRDA:771,29,1,14
BRDA:774,30,0,2
BRDA:774,30,1,12
BRDA:798,31,0,5
BRDA:798,31,1,27
BRDA:801,32,0,27
BRDA:801,32,1,0
BRDA:820,33,0,29
BRDA:820,33,1,3
BRDA:820,34,0,32
BRDA:820,34,1,3
BRF:70
BRH:68
end_of_record
TN:
SF:src/engine/market-reactions.ts
FN:97,clamp
FN:104,containsKeyword
FN:131,(anonymous_2)
FN:149,(anonymous_3)
FN:212,(anonymous_4)
FN:217,(anonymous_5)
FN:250,(anonymous_6)
FN:262,(anonymous_7)
FN:272,(anonymous_8)
FN:299,(anonymous_9)
FN:324,(anonymous_10)
FNF:11
FNH:11
FNDA:13,clamp
FNDA:114,containsKeyword
FNDA:32,(anonymous_2)
FNDA:15,(anonymous_3)
FNDA:13,(anonymous_4)
FNDA:16,(anonymous_5)
FNDA:5,(anonymous_6)
FNDA:7,(anonymous_7)
FNDA:5,(anonymous_8)
FNDA:12,(anonymous_9)
FNDA:9,(anonymous_10)
DA:98,13
DA:105,114
DA:132,32
DA:150,15
DA:151,15
DA:153,15
DA:156,15
DA:160,15
DA:162,45
DA:163,45
DA:165,45
DA:166,135
DA:168,111
DA:169,111
DA:171,111
DA:172,135
DA:175,135
DA:178,135
DA:181,135
DA:182,19
DA:186,19
DA:193,19
DA:198,15
DA:216,13
DA:217,16
DA:221,13
DA:226,13
DA:232,13
DA:255,5
DA:258,5
DA:261,5
DA:262,7
DA:266,5
DA:272,5
DA:273,5
DA:279,5
DA:304,12
DA:305,12
DA:308,6
DA:310,6
DA:329,9
DA:332,9
DA:333,5
DA:334,5
DA:336,5
DA:337,5
DA:338,4
DA:343,9
DA:344,8
DA:347,9
LF:50
LH:50
BRDA:163,0,0,0
BRDA:163,0,1,45
BRDA:166,1,0,24
BRDA:166,1,1,111
BRDA:169,2,0,0
BRDA:169,2,1,111
BRDA:171,3,0,111
BRDA:171,3,1,0
BRDA:172,4,0,135
BRDA:172,4,1,0
BRDA:178,5,0,135
BRDA:178,5,1,3
BRDA:181,6,0,19
BRDA:181,6,1,116
BRDA:181,7,0,135
BRDA:181,7,1,93
BRDA:182,8,0,18
BRDA:182,8,1,1
BRDA:184,9,0,1
BRDA:184,9,1,0
BRDA:305,10,0,6
BRDA:305,10,1,6
BRDA:334,11,0,0
BRDA:334,11,1,5
BRDA:337,12,0,4
BRDA:337,12,1,1
BRF:26
BRH:20
end_of_record
TN:
SF:src/engine/mass-psychology.ts
FN:222,(anonymous_0)
FN:250,(anonymous_1)
FN:341,(anonymous_2)
FN:415,(anonymous_3)
FN:485,(anonymous_4)
FNF:5
FNH:5
FNDA:32,(anonymous_0)
FNDA:11,(anonymous_1)
FNDA:10,(anonymous_2)
FNDA:12,(anonymous_3)
FNDA:32,(anonymous_4)
DA:223,32
DA:251,11
DA:252,11
DA:255,11
DA:258,11
DA:261,11
DA:266,11
DA:271,11
DA:276,11
DA:283,11
DA:286,11
DA:287,11
DA:288,11
DA:289,11
DA:292,11
DA:296,11
DA:297,11
DA:298,11
DA:299,2
DA:302,2
DA:303,1
DA:309,11
DA:342,10
DA:343,10
DA:345,10
DA:347,10
DA:348,6
DA:349,4
DA:350,1
DA:352,3
DA:356,10
DA:357,2
DA:360,10
DA:361,10
DA:363,10
DA:364,10
DA:365,10
DA:367,10
DA:368,10
DA:369,6
DA:370,4
DA:371,1
DA:373,3
DA:375,10
DA:376,2
DA:378,10
DA:379,2
DA:382,10
DA:416,12
DA:417,12
DA:418,12
DA:420,12
DA:423,12
DA:424,12
DA:425,2
DA:426,2
DA:430,12
DA:431,6
DA:432,6
DA:436,12
DA:437,12
DA:438,5
DA:439,5
DA:441,12
DA:442,3
DA:443,3
DA:448,12
DA:449,12
DA:450,3
DA:454,12
DA:455,12
DA:456,2
DA:457,2
DA:459,12
DA:460,4
DA:461,4
DA:464,12
DA:465,2
DA:468,12
DA:486,54
LF:80
LH:80
BRDA:222,0,0,32
BRDA:255,1,0,1
BRDA:255,1,1,10
BRDA:292,2,0,1
BRDA:292,2,1,10
BRDA:292,3,0,11
BRDA:292,3,1,2
BRDA:297,4,0,1
BRDA:297,4,1,10
BRDA:298,5,0,2
BRDA:298,5,1,9
BRDA:302,6,0,1
BRDA:302,6,1,1
BRDA:347,7,0,6
BRDA:347,7,1,4
BRDA:349,8,0,1
BRDA:349,8,1,3
BRDA:356,9,0,2
BRDA:356,9,1,8
BRDA:356,10,0,10
BRDA:356,10,1,3
BRDA:363,11,0,2
BRDA:363,11,1,8
BRDA:364,12,0,2
BRDA:364,12,1,8
BRDA:365,13,0,2
BRDA:365,13,1,8
BRDA:368,14,0,6
BRDA:368,14,1,4
BRDA:370,15,0,1
BRDA:370,15,1,3
BRDA:375,16,0,2
BRDA:375,16,1,8
BRDA:375,17,0,10
BRDA:375,17,1,3
BRDA:378,18,0,2
BRDA:378,18,1,8
BRDA:424,19,0,2
BRDA:424,19,1,10
BRDA:424,20,0,12
BRDA:424,20,1,2
BRDA:430,21,0,6
BRDA:430,21,1,6
BRDA:437,22,0,5
BRDA:437,22,1,7
BRDA:437,23,0,12
BRDA:437,23,1,6
BRDA:441,24,0,3
BRDA:441,24,1,9
BRDA:448,25,0,3
BRDA:448,25,1,9
BRDA:449,26,0,3
BRDA:449,26,1,9
BRDA:455,27,0,2
BRDA:455,27,1,10
BRDA:455,28,0,12
BRDA:455,28,1,2
BRDA:459,29,0,4
BRDA:459,29,1,8
BRDA:464,30,0,2
BRDA:464,30,1,10
BRF:61
BRH:61
end_of_record
TN:
SF:src/engine/media-ecosystem.ts
FN:276,(anonymous_0)
FN:311,(anonymous_1)
FN:354,(anonymous_2)
FN:381,(anonymous_3)
FN:423,(anonymous_4)
FN:481,(anonymous_5)
FN:513,(anonymous_6)
FN:549,(anonymous_7)
FN:593,(anonymous_8)
FN:647,(anonymous_9)
FN:689,(anonymous_10)
FN:708,(anonymous_11)
FN:736,(anonymous_12)
FNF:13
FNH:13
FNDA:60,(anonymous_0)
FNDA:11,(anonymous_1)
FNDA:6,(anonymous_2)
FNDA:6,(anonymous_3)
FNDA:6,(anonymous_4)
FNDA:12,(anonymous_5)
FNDA:5,(anonymous_6)
FNDA:5,(anonymous_7)
FNDA:8,(anonymous_8)
FNDA:9,(anonymous_9)
FNDA:116,(anonymous_10)
FNDA:6,(anonymous_11)
FNDA:9,(anonymous_12)
DA:60,3
DA:63,3
DA:71,3
DA:79,3
DA:84,3
DA:92,3
DA:100,3
DA:107,3
DA:114,3
DA:121,3
DA:233,3
DA:277,60
DA:278,60
DA:315,11
DA:316,11
DA:318,11
DA:319,0
DA:324,11
DA:358,6
DA:385,6
DA:386,6
DA:427,6
DA:428,6
DA:431,6
DA:432,6
DA:436,6
DA:441,6
DA:483,12
DA:485,12
DA:486,12
DA:487,12
DA:488,12
DA:490,12
DA:491,12
DA:514,5
DA:515,2
DA:518,3
DA:553,5
DA:555,5
DA:556,6
DA:557,6
DA:560,6
DA:563,5
DA:594,8
DA:596,8
DA:597,3
DA:600,5
DA:651,9
DA:657,9
DA:658,9
DA:659,9
DA:664,9
DA:669,9
DA:671,9
DA:673,9
DA:690,116
DA:711,6
DA:713,2
DA:715,3
DA:717,1
DA:719,0
DA:722,0
DA:723,0
DA:739,9
DA:740,4
DA:741,3
DA:742,1
LF:67
LH:63
BRDA:280,0,0,60
BRDA:280,0,1,60
BRDA:282,1,0,60
BRDA:282,1,1,60
BRDA:284,2,0,60
BRDA:284,2,1,60
BRDA:286,3,0,60
BRDA:286,3,1,60
BRDA:318,4,0,0
BRDA:318,4,1,11
BRDA:486,5,0,4
BRDA:486,5,1,8
BRDA:487,6,0,3
BRDA:487,6,1,9
BRDA:488,7,0,3
BRDA:488,7,1,9
BRDA:514,8,0,2
BRDA:514,8,1,3
BRDA:596,9,0,3
BRDA:596,9,1,5
BRDA:711,10,0,2
BRDA:711,10,1,3
BRDA:711,10,2,1
BRDA:711,10,3,0
BRDA:711,10,4,0
BRDA:739,11,0,5
BRDA:739,11,1,4
BRDA:740,12,0,1
BRDA:740,12,1,3
BRDA:741,13,0,2
BRDA:741,13,1,1
BRF:31
BRH:28
end_of_record
TN:
SF:src/engine/military-doctrine.ts
FN:162,(anonymous_0)
FN:175,(anonymous_1)
FN:197,(anonymous_2)
FN:290,(anonymous_3)
FN:338,(anonymous_4)
FN:373,(anonymous_5)
FN:384,(anonymous_6)
FN:404,clamp
FN:413,buildBonus
FN:451,formatModifier
FNF:10
FNH:10
FNDA:1,(anonymous_0)
FNDA:8,(anonymous_1)
FNDA:29,(anonymous_2)
FNDA:8,(anonymous_3)
FNDA:4,(anonymous_4)
FNDA:3,(anonymous_5)
FNDA:7,(anonymous_6)
FNDA:8,clamp
FNDA:29,buildBonus
FNDA:8,formatModifier
DA:137,3
DA:163,1
DA:176,8
DA:177,1
DA:178,1
DA:179,1
DA:180,1
DA:181,1
DA:182,1
DA:183,1
DA:184,1
DA:198,29
DA:200,3
DA:201,3
DA:207,4
DA:209,4
DA:214,4
DA:220,4
DA:221,4
DA:227,4
DA:228,4
DA:235,3
DA:236,3
DA:243,4
DA:244,4
DA:251,4
DA:252,4
DA:261,3
DA:262,3
DA:272,0
DA:273,0
DA:291,8
DA:292,8
DA:293,8
DA:295,8
DA:296,8
DA:297,8
DA:300,8
DA:304,8
DA:305,8
DA:306,8
DA:307,8
DA:309,8
DA:312,8
DA:313,8
DA:314,8
DA:315,8
DA:317,8
DA:339,4
DA:341,4
DA:342,4
DA:344,4
DA:345,4
DA:347,4
DA:356,4
DA:374,3
DA:385,7
DA:405,8
DA:420,29
DA:421,29
DA:422,29
DA:423,29
DA:424,29
DA:425,29
DA:428,29
DA:435,29
DA:452,8
LF:67
LH:65
BRDA:163,0,0,1
BRDA:163,0,1,1
BRDA:176,1,0,1
BRDA:176,1,1,1
BRDA:176,1,2,1
BRDA:176,1,3,1
BRDA:176,1,4,1
BRDA:176,1,5,1
BRDA:176,1,6,1
BRDA:176,1,7,1
BRDA:198,2,0,3
BRDA:198,2,1,4
BRDA:198,2,2,4
BRDA:198,2,3,4
BRDA:198,2,4,3
BRDA:198,2,5,4
BRDA:198,2,6,4
BRDA:198,2,7,3
BRDA:198,2,8,0
BRDA:202,3,0,1
BRDA:202,3,1,2
BRDA:209,4,0,1
BRDA:209,4,1,3
BRDA:209,5,0,4
BRDA:209,5,1,1
BRDA:211,6,0,1
BRDA:211,6,1,2
BRDA:222,7,0,2
BRDA:222,7,1,2
BRDA:237,8,0,1
BRDA:237,8,1,2
BRDA:245,9,0,2
BRDA:245,9,1,2
BRDA:254,10,0,2
BRDA:254,10,1,2
BRDA:254,11,0,4
BRDA:254,11,1,3
BRDA:265,12,0,2
BRDA:265,12,1,1
BRDA:295,13,0,5
BRDA:295,13,1,3
BRDA:296,14,0,4
BRDA:296,14,1,4
BRDA:300,15,0,1
BRDA:300,15,1,7
BRDA:300,16,0,8
BRDA:300,16,1,1
BRDA:307,17,0,2
BRDA:307,17,1,6
BRDA:312,18,0,5
BRDA:312,18,1,3
BRDA:313,19,0,4
BRDA:313,19,1,4
BRDA:314,20,0,1
BRDA:314,20,1,7
BRDA:315,21,0,2
BRDA:315,21,1,6
BRDA:351,22,0,2
BRDA:351,22,1,2
BRDA:385,23,0,3
BRDA:385,23,1,4
BRDA:420,24,0,29
BRDA:420,24,1,21
BRDA:421,25,0,29
BRDA:421,25,1,10
BRDA:422,26,0,29
BRDA:422,26,1,25
BRDA:423,27,0,29
BRDA:423,27,1,26
BRDA:424,28,0,29
BRDA:424,28,1,25
BRDA:425,29,0,29
BRDA:425,29,1,26
BRDA:428,30,0,29
BRDA:428,30,1,22
BRDA:428,30,2,13
BRDA:428,30,3,13
BRDA:428,30,4,12
BRDA:428,30,5,10
BRDA:446,31,0,21
BRDA:446,31,1,8
BRDA:452,32,0,5
BRDA:452,32,1,3
BRF:83
BRH:82
end_of_record
TN:
SF:src/engine/mineral-food-engine.ts
FN:314,(anonymous_0)
FN:330,(anonymous_1)
FN:372,(anonymous_2)
FN:418,(anonymous_3)
FN:419,(anonymous_4)
FN:420,(anonymous_5)
FN:492,(anonymous_6)
FN:561,(anonymous_7)
FN:656,(anonymous_8)
FN:729,(anonymous_9)
FN:778,(anonymous_10)
FNF:11
FNH:11
FNDA:32,(anonymous_0)
FNDA:32,(anonymous_1)
FNDA:10,(anonymous_2)
FNDA:40,(anonymous_3)
FNDA:40,(anonymous_4)
FNDA:40,(anonymous_5)
FNDA:5,(anonymous_6)
FNDA:5,(anonymous_7)
FNDA:4,(anonymous_8)
FNDA:4,(anonymous_9)
FNDA:4,(anonymous_10)
DA:315,32
DA:331,13
DA:373,10
DA:375,10
DA:376,10
DA:377,10
DA:378,10
DA:379,10
DA:381,10
DA:382,10
DA:384,10
DA:391,10
DA:393,40
DA:394,14
DA:395,14
DA:399,40
DA:400,10
DA:401,10
DA:405,40
DA:406,6
DA:407,6
DA:411,40
DA:412,3
DA:413,3
DA:418,40
DA:419,40
DA:420,40
DA:422,10
DA:423,10
DA:424,8
DA:429,10
DA:430,5
DA:435,10
DA:436,2
DA:441,10
DA:442,2
DA:446,10
DA:450,10
DA:493,5
DA:494,5
DA:495,5
DA:497,5
DA:498,3
DA:515,2
DA:562,5
DA:563,5
DA:565,5
DA:567,1
DA:581,3
DA:582,3
DA:604,1
DA:620,0
DA:621,0
DA:657,4
DA:658,4
DA:659,4
DA:661,4
DA:662,2
DA:681,2
DA:730,4
DA:731,4
DA:732,4
DA:733,4
DA:735,4
DA:779,4
DA:780,4
DA:782,4
DA:783,4
DA:786,4
DA:787,2
DA:788,2
DA:789,1
DA:791,1
DA:794,4
LF:74
LH:72
BRDA:314,0,0,32
BRDA:393,1,0,14
BRDA:393,1,1,26
BRDA:399,2,0,10
BRDA:399,2,1,30
BRDA:405,3,0,6
BRDA:405,3,1,34
BRDA:411,4,0,3
BRDA:411,4,1,37
BRDA:423,5,0,8
BRDA:423,5,1,2
BRDA:429,6,0,5
BRDA:429,6,1,5
BRDA:435,7,0,2
BRDA:435,7,1,8
BRDA:441,8,0,2
BRDA:441,8,1,8
BRDA:497,9,0,3
BRDA:497,9,1,2
BRDA:565,10,0,1
BRDA:565,10,1,3
BRDA:565,10,2,1
BRDA:565,10,3,0
BRDA:585,11,0,2
BRDA:585,11,1,1
BRDA:586,12,0,2
BRDA:586,12,1,1
BRDA:588,13,0,2
BRDA:588,13,1,1
BRDA:661,14,0,2
BRDA:661,14,1,2
BRDA:786,15,0,2
BRDA:786,15,1,2
BRDA:788,16,0,1
BRDA:788,16,1,1
BRDA:803,17,0,2
BRDA:803,17,1,2
BRF:37
BRH:36
end_of_record
TN:
SF:src/engine/narrative-battle-engine.ts
FN:59,clamp
FN:543,(anonymous_1)
FN:582,(anonymous_2)
FN:653,(anonymous_3)
FN:657,(anonymous_4)
FN:719,(anonymous_5)
FN:779,(anonymous_6)
FN:840,(anonymous_7)
FN:903,(anonymous_8)
FN:922,(anonymous_9)
FN:956,(anonymous_10)
FN:963,(anonymous_11)
FNF:12
FNH:12
FNDA:34,clamp
FNDA:1,(anonymous_1)
FNDA:8,(anonymous_2)
FNDA:6,(anonymous_3)
FNDA:9,(anonymous_4)
FNDA:8,(anonymous_5)
FNDA:8,(anonymous_6)
FNDA:8,(anonymous_7)
FNDA:16,(anonymous_8)
FNDA:9,(anonymous_9)
FNDA:8,(anonymous_10)
FNDA:12,(anonymous_11)
DA:40,2
DA:43,2
DA:46,2
DA:49,2
DA:60,34
DA:447,2
DA:453,2
DA:459,2
DA:473,2
DA:544,1
DA:583,8
DA:584,8
DA:586,8
DA:587,8
DA:590,8
DA:592,8
DA:593,8
DA:595,8
DA:596,8
DA:598,8
DA:607,8
DA:654,6
DA:656,6
DA:658,9
DA:663,9
DA:664,9
DA:666,9
DA:668,9
DA:676,6
DA:720,8
DA:721,8
DA:724,8
DA:725,8
DA:728,8
DA:729,8
DA:732,8
DA:738,8
DA:782,8
DA:783,8
DA:784,8
DA:786,8
DA:787,5
DA:799,3
DA:843,8
DA:844,8
DA:845,8
DA:847,8
DA:848,19
DA:849,19
DA:851,19
DA:852,19
DA:853,19
DA:856,19
DA:859,17
DA:862,8
DA:863,1
DA:867,7
DA:870,7
DA:871,6
DA:873,6
DA:883,8
DA:907,16
DA:923,9
DA:925,3
DA:927,3
DA:929,3
DA:932,0
DA:933,0
DA:958,8
DA:962,7
DA:963,12
LF:71
LH:69
BRDA:544,0,0,1
BRDA:544,0,1,0
BRDA:592,1,0,6
BRDA:592,1,1,2
BRDA:593,2,0,6
BRDA:593,2,1,2
BRDA:602,3,0,6
BRDA:602,3,1,2
BRDA:786,4,0,5
BRDA:786,4,1,3
BRDA:849,5,0,0
BRDA:849,5,1,19
BRDA:853,6,0,0
BRDA:853,6,1,19
BRDA:856,7,0,2
BRDA:856,7,1,17
BRDA:859,8,0,9
BRDA:859,8,1,8
BRDA:862,9,0,1
BRDA:862,9,1,7
BRDA:870,10,0,1
BRDA:870,10,1,6
BRDA:923,11,0,3
BRDA:923,11,1,3
BRDA:923,11,2,3
BRDA:923,11,3,0
BRDA:958,12,0,1
BRDA:958,12,1,7
BRDA:963,13,0,12
BRDA:963,13,1,3
BRDA:963,13,2,9
BRDA:963,13,3,4
BRF:32
BRH:28
end_of_record
TN:
SF:src/engine/narrative-campaign.ts
FN:251,(anonymous_0)
FN:276,(anonymous_1)
FN:341,(anonymous_2)
FN:420,(anonymous_3)
FN:441,(anonymous_4)
FN:486,(anonymous_5)
FN:492,(anonymous_6)
FN:548,(anonymous_7)
FN:630,(anonymous_8)
FN:634,(anonymous_9)
FN:649,(anonymous_10)
FN:659,(anonymous_11)
FN:671,(anonymous_12)
FN:690,(anonymous_13)
FN:712,(anonymous_14)
FN:741,(anonymous_15)
FNF:16
FNH:16
FNDA:31,(anonymous_0)
FNDA:16,(anonymous_1)
FNDA:16,(anonymous_2)
FNDA:6,(anonymous_3)
FNDA:2,(anonymous_4)
FNDA:3,(anonymous_5)
FNDA:2,(anonymous_6)
FNDA:6,(anonymous_7)
FNDA:3,(anonymous_8)
FNDA:3,(anonymous_9)
FNDA:34,(anonymous_10)
FNDA:16,(anonymous_11)
FNDA:16,(anonymous_12)
FNDA:6,(anonymous_13)
FNDA:34,(anonymous_14)
FNDA:34,(anonymous_15)
DA:45,3
DA:48,3
DA:51,3
DA:54,3
DA:62,3
DA:70,3
DA:252,31
DA:277,16
DA:278,16
DA:280,16
DA:282,9
DA:290,4
DA:300,1
DA:310,2
DA:319,0
DA:320,0
DA:345,16
DA:347,7
DA:348,5
DA:356,2
DA:365,6
DA:374,1
DA:383,2
DA:391,0
DA:392,0
DA:426,6
DA:429,6
DA:440,6
DA:441,2
DA:447,6
DA:449,1
DA:450,1
DA:455,1
DA:460,5
DA:461,5
DA:464,6
DA:470,6
DA:491,3
DA:492,2
DA:496,3
DA:497,1
DA:500,2
DA:501,2
DA:505,2
DA:509,3
DA:552,6
DA:553,6
DA:554,6
DA:556,6
DA:558,9
DA:561,9
DA:562,9
DA:563,9
DA:570,9
DA:575,9
DA:578,9
DA:586,9
DA:587,9
DA:591,9
DA:594,9
DA:597,9
DA:598,2
DA:601,9
DA:602,9
DA:605,6
DA:611,6
DA:634,3
DA:650,63
DA:660,16
DA:672,16
DA:691,6
DA:716,9
DA:717,9
DA:718,9
DA:719,9
DA:720,9
DA:723,9
DA:728,9
DA:742,6
DA:761,34
LF:80
LH:76
BRDA:253,0,0,31
BRDA:253,0,1,31
BRDA:280,1,0,9
BRDA:280,1,1,4
BRDA:280,1,2,1
BRDA:280,1,3,2
BRDA:280,1,4,0
BRDA:345,2,0,7
BRDA:345,2,1,6
BRDA:345,2,2,1
BRDA:345,2,3,2
BRDA:345,2,4,0
BRDA:347,3,0,5
BRDA:347,3,1,2
BRDA:347,4,0,7
BRDA:347,4,1,3
BRDA:353,5,0,1
BRDA:353,5,1,4
BRDA:441,6,0,2
BRDA:441,6,1,1
BRDA:447,7,0,1
[...]
DA:493,8
DA:494,10
DA:500,10
DA:502,10
DA:503,10
DA:505,10
DA:511,10
DA:521,8
DA:560,8
DA:563,8
DA:567,8
LF:83
LH:83
BRDA:237,0,0,1
BRDA:237,0,1,21
BRDA:246,1,0,24
BRDA:246,1,1,1
BRDA:250,2,0,1
BRDA:250,2,1,23
BRDA:259,3,0,20
BRDA:259,3,1,1
BRDA:295,4,0,2
BRDA:295,4,1,18
BRDA:298,5,0,2
BRDA:298,5,1,16
BRDA:301,6,0,9
BRDA:301,6,1,7
BRDA:304,7,0,4
BRDA:304,7,1,3
BRDA:339,8,0,10
BRDA:339,8,1,9
BRDA:345,9,0,3
BRDA:345,9,1,6
BRDA:348,10,0,2
BRDA:348,10,1,4
BRDA:351,11,0,1
BRDA:351,11,1,3
BRDA:354,12,0,1
BRDA:354,12,1,2
BRDA:395,13,0,7
BRDA:395,13,1,11
BRDA:402,14,0,1
BRDA:402,14,1,10
BRDA:410,15,0,13
BRDA:410,15,1,0
BRDA:413,16,0,3
BRDA:413,16,1,10
BRDA:418,17,0,10
BRDA:418,17,1,0
BRDA:420,18,0,2
BRDA:420,18,1,11
BRDA:476,19,0,4
BRDA:476,19,1,4
BRDA:478,20,0,1
BRDA:478,20,1,3
BRDA:486,21,0,1
BRDA:486,21,1,7
BRDA:502,22,0,10
BRDA:502,22,1,9
BRF:46
BRH:44
end_of_record
TN:
SF:src/engine/virality-deepfake-engine.ts
FN:341,(anonymous_0)
FN:393,(anonymous_1)
FN:458,(anonymous_2)
FN:508,(anonymous_3)
FN:551,(anonymous_4)
FN:611,(anonymous_5)
FN:677,(anonymous_6)
FN:733,(anonymous_7)
FN:749,(anonymous_8)
FN:764,(anonymous_9)
FN:823,(anonymous_10)
FN:845,(anonymous_11)
FN:880,(anonymous_12)
FNF:13
FNH:13
FNDA:1,(anonymous_0)
FNDA:7,(anonymous_1)
FNDA:5,(anonymous_2)
FNDA:4,(anonymous_3)
FNDA:6,(anonymous_4)
FNDA:5,(anonymous_5)
FNDA:6,(anonymous_6)
FNDA:12,(anonymous_7)
FNDA:26,(anonymous_8)
FNDA:4,(anonymous_9)
FNDA:5,(anonymous_10)
FNDA:5,(anonymous_11)
FNDA:5,(anonymous_12)
DA:58,2
DA:61,2
DA:64,2
DA:67,2
DA:70,2
DA:342,1
DA:343,1
DA:395,7
DA:397,7
DA:399,7
DA:400,9
DA:402,3
DA:403,3
DA:405,3
DA:406,3
DA:408,3
DA:409,3
DA:412,0
DA:413,0
DA:420,7
DA:461,5
DA:462,5
DA:463,5
DA:465,5
DA:466,5
DA:467,5
DA:468,5
DA:471,5
DA:472,5
DA:473,5
DA:476,5
DA:480,5
DA:509,4
DA:510,4
DA:512,4
DA:513,4
DA:514,2
DA:515,2
DA:516,2
DA:520,4
DA:554,6
DA:556,6
DA:558,6
DA:559,9
DA:560,9
DA:562,9
DA:563,5
DA:566,4
DA:573,6
DA:614,5
DA:615,5
DA:616,5
DA:618,5
DA:619,2
DA:624,5
DA:625,2
DA:630,5
DA:631,2
DA:636,5
DA:680,6
DA:684,6
DA:686,6
DA:689,6
DA:690,2
DA:706,4
DA:737,12
DA:738,12
DA:750,26
DA:769,4
DA:783,4
DA:785,2
DA:791,1
DA:798,1
DA:805,0
DA:806,0
DA:824,5
DA:825,5
DA:848,5
DA:849,5
DA:850,0
DA:854,5
DA:855,5
DA:856,5
DA:857,5
DA:858,5
DA:863,0
DA:881,5
DA:891,5
LF:88
LH:82
BRDA:345,0,0,1
BRDA:345,0,1,0
BRDA:347,1,0,1
BRDA:347,1,1,0
BRDA:349,2,0,1
BRDA:349,2,1,0
BRDA:352,3,0,1
BRDA:352,3,1,0
BRDA:355,4,0,1
BRDA:355,4,1,0
BRDA:357,5,0,1
BRDA:357,5,1,0
BRDA:359,6,0,1
BRDA:359,6,1,0
BRDA:400,7,0,3
BRDA:400,7,1,3
BRDA:400,7,2,3
BRDA:400,7,3,0
BRDA:476,8,0,4
BRDA:476,8,1,1
BRDA:515,9,0,2
BRDA:515,9,1,0
BRDA:562,10,0,5
BRDA:562,10,1,4
BRDA:562,11,0,9
BRDA:562,11,1,6
BRDA:618,12,0,2
BRDA:618,12,1,3
BRDA:624,13,0,2
BRDA:624,13,1,3
BRDA:630,14,0,2
BRDA:630,14,1,3
BRDA:689,15,0,2
BRDA:689,15,1,4
BRDA:783,16,0,2
BRDA:783,16,1,1
BRDA:783,16,2,1
BRDA:783,16,3,0
BRDA:825,17,0,5
BRDA:825,17,1,0
BRDA:849,18,0,0
BRDA:849,18,1,5
BRDA:855,19,0,5
BRDA:855,19,1,0
BRDA:857,20,0,5
BRDA:857,20,1,0
BRF:46
BRH:32
end_of_record
TN:
SF:src/engine/visualization-data-engine.ts
FN:41,clamp
FN:396,(anonymous_1)
FN:415,(anonymous_2)
FN:422,(anonymous_3)
FN:426,(anonymous_4)
FN:429,(anonymous_5)
FN:438,(anonymous_6)
FN:442,(anonymous_7)
FN:446,(anonymous_8)
FN:449,(anonymous_9)
FN:479,(anonymous_10)
FN:483,(anonymous_11)
FN:486,(anonymous_12)
FN:523,(anonymous_13)
FN:528,(anonymous_14)
FN:546,(anonymous_15)
FN:569,(anonymous_16)
FN:576,(anonymous_17)
FN:616,(anonymous_18)
FN:623,(anonymous_19)
FN:689,(anonymous_20)
FNF:21
FNH:21
FNDA:177,clamp
FNDA:47,(anonymous_1)
FNDA:10,(anonymous_2)
FNDA:360,(anonymous_3)
FNDA:162,(anonymous_4)
FNDA:162,(anonymous_5)
FNDA:162,(anonymous_6)
FNDA:5,(anonymous_7)
FNDA:4,(anonymous_8)
FNDA:4,(anonymous_9)
FNDA:7,(anonymous_10)
FNDA:5,(anonymous_11)
FNDA:10,(anonymous_12)
FNDA:10,(anonymous_13)
FNDA:11,(anonymous_14)
FNDA:11,(anonymous_15)
FNDA:7,(anonymous_16)
FNDA:95,(anonymous_17)
FNDA:8,(anonymous_18)
FNDA:113,(anonymous_19)
FNDA:5,(anonymous_20)
DA:42,177
DA:397,47
DA:419,10
DA:422,360
DA:423,10
DA:425,10
DA:426,162
DA:429,162
DA:438,162
DA:441,10
DA:442,5
DA:445,10
DA:446,4
DA:449,10
DA:458,10
DA:462,10
DA:482,7
DA:483,5
DA:486,10
DA:493,7
DA:494,7
DA:496,7
DA:497,7
DA:498,7
DA:501,7
DA:505,7
DA:526,10
DA:528,10
DA:529,11
DA:534,11
DA:536,11
DA:546,11
DA:549,10
DA:552,10
DA:572,7
DA:575,7
DA:576,95
DA:578,7
DA:581,7
DA:582,7
DA:584,7
DA:585,79
DA:586,17
DA:587,17
DA:592,7
DA:598,7
DA:619,8
DA:621,8
DA:623,113
DA:633,8
DA:634,8
DA:636,8
DA:637,113
DA:638,113
DA:641,8
DA:642,8
DA:643,8
DA:644,11
DA:645,7
DA:646,7
DA:650,8
DA:651,8
DA:652,8
DA:653,11
DA:654,7
DA:655,7
DA:660,8
DA:669,8
DA:693,5
DA:700,5
LF:70
LH:70
BRDA:396,0,0,47
BRDA:425,1,0,9
BRDA:425,1,1,1
BRDA:442,2,0,5
BRDA:442,2,1,5
BRDA:445,3,0,3
BRDA:445,3,1,7
BRDA:497,4,0,7
BRDA:497,4,1,1
BRDA:498,5,0,3
BRDA:498,5,1,4
BRDA:498,6,0,7
BRDA:498,6,1,6
BRDA:585,7,0,17
BRDA:585,7,1,62
BRDA:594,8,0,6
BRDA:594,8,1,1
BRDA:637,9,0,113
BRDA:637,9,1,11
BRDA:638,10,0,113
BRDA:638,10,1,11
BRDA:644,11,0,7
BRDA:644,11,1,4
BRDA:653,12,0,7
BRDA:653,12,1,4
BRDA:662,13,0,7
BRDA:662,13,1,1
BRDA:665,14,0,7
BRDA:665,14,1,1
BRF:29
BRH:29
end_of_record
TN:
SF:src/engine/war-economy.ts
FN:233,(anonymous_0)
FN:263,(anonymous_1)
FN:469,(anonymous_2)
FN:542,(anonymous_3)
FNF:4
FNH:4
FNDA:3,(anonymous_0)
FNDA:3,(anonymous_1)
FNDA:3,(anonymous_2)
FNDA:3,(anonymous_3)
DA:234,9
DA:264,15
DA:266,15
DA:271,3
DA:272,1
DA:291,2
DA:309,5
DA:310,1
DA:327,4
DA:328,1
DA:345,3
DA:365,3
DA:366,1
DA:383,2
DA:404,4
DA:405,1
DA:421,3
DA:442,0
DA:443,0
DA:470,9
DA:471,9
DA:473,9
DA:474,9
DA:475,9
DA:476,9
DA:479,9
DA:481,9
DA:482,9
DA:483,9
DA:485,9
DA:486,9
DA:487,6
DA:489,9
DA:490,5
DA:492,9
DA:493,3
DA:495,9
DA:496,4
DA:500,9
DA:502,9
DA:506,9
DA:543,10
DA:544,10
DA:546,10
DA:547,3
DA:558,7
DA:560,7
DA:562,10
DA:566,10
LF:49
LH:47
BRDA:266,0,0,3
BRDA:266,0,1,5
BRDA:266,0,2,3
BRDA:266,0,3,4
BRDA:266,0,4,0
BRDA:271,1,0,1
BRDA:271,1,1,2
BRDA:309,2,0,1
BRDA:309,2,1,4
BRDA:327,3,0,1
BRDA:327,3,1,3
BRDA:365,4,0,1
BRDA:365,4,1,2
BRDA:404,5,0,1
BRDA:404,5,1,3
BRDA:483,6,0,3
BRDA:483,6,1,6
BRDA:486,7,0,6
BRDA:486,7,1,3
BRDA:489,8,0,5
BRDA:489,8,1,4
BRDA:492,9,0,3
BRDA:492,9,1,6
BRDA:495,10,0,4
BRDA:495,10,1,5
BRDA:500,11,0,7
BRDA:500,11,1,2
BRDA:502,12,0,3
BRDA:502,12,1,6
BRDA:546,13,0,3
BRDA:546,13,1,7
BRDA:560,14,0,1
BRDA:560,14,1,6
BRDA:562,15,0,1
BRDA:562,15,1,6
BRF:35
BRH:34
end_of_record
TN:
SF:src/engine/config/ai.ts
FNF:0
FNH:0
DA:12,81
DA:47,81
DA:71,81
LF:3
LH:3
BRF:0
BRH:0
end_of_record
TN:
SF:src/engine/config/economy.ts
FNF:0
FNH:0
DA:12,81
DA:99,81
DA:236,81
DA:270,81
LF:4
LH:4
BRF:0
BRH:0
end_of_record
TN:
SF:src/engine/config/geopolitics.ts
FNF:0
FNH:0
DA:12,81
DA:179,81
DA:298,81
DA:417,81
LF:4
LH:4
BRF:0
BRH:0
end_of_record
TN:
SF:src/engine/config/information-warfare.ts
FNF:0
FNH:0
DA:12,81
DA:228,81
DA:280,81
LF:3
LH:3
BRF:0
BRH:0
end_of_record
TN:
SF:src/engine/config/intelligence.ts
FNF:0
FNH:0
DA:12,81
DA:121,81
DA:147,81
LF:3
LH:3
BRF:0
BRH:0
end_of_record
TN:
SF:src/engine/config/meta.ts
FNF:0
FNH:0
DA:7,81
LF:1
LH:1
BRF:0
BRH:0
end_of_record
TN:
SF:src/engine/config/military.ts
FNF:0
FNH:0
DA:12,81
DA:128,81
DA:227,81
LF:3
LH:3
BRF:0
BRH:0
end_of_record
TN:
SF:src/engine/config/psychology.ts
FNF:0
FNH:0
DA:12,81
LF:1
LH:1
BRF:0
BRH:0
end_of_record
TN:
SF:src/engine/config/stability.ts
FNF:0
FNH:0
DA:12,81
DA:210,81
LF:2
LH:2
BRF:0
BRH:0
end_of_record
TN:
SF:src/engine/config/systems.ts
FNF:0
FNH:0
DA:12,81
DA:138,81
DA:282,81
DA:323,81
DA:336,81
DA:360,81
DA:379,81
LF:7
LH:7
BRF:0
BRH:0
end_of_record
TN:
SF:src/ui/ActionMenu.tsx
FN:27,groupBy
FN:110,(anonymous_1)
FN:111,(anonymous_2)
FN:115,(anonymous_3)
FN:116,(anonymous_4)
FN:120,(anonymous_5)
FN:124,(anonymous_6)
FN:130,(anonymous_7)
FN:139,(anonymous_8)
FN:140,(anonymous_9)
FN:141,(anonymous_10)
FNF:11
FNH:9
FNDA:13,groupBy
FNDA:13,(anonymous_1)
FNDA:65,(anonymous_2)
FNDA:1,(anonymous_3)
FNDA:1,(anonymous_4)
FNDA:39,(anonymous_5)
FNDA:1,(anonymous_6)
FNDA:63,(anonymous_7)
FNDA:1,(anonymous_8)
FNDA:0,(anonymous_9)
FNDA:0,(anonymous_10)
DA:28,13
DA:29,13
DA:30,65
DA:31,65
DA:32,65
DA:33,26
DA:35,39
DA:38,13
DA:45,1
DA:57,1
DA:72,1
DA:87,1
DA:91,1
DA:110,1
DA:111,65
DA:112,13
DA:113,13
DA:115,13
DA:116,1
DA:118,13
DA:121,39
DA:122,39
DA:124,1
DA:131,63
DA:139,1
DA:140,0
DA:141,0
LF:27
LH:25
BRDA:32,0,0,26
BRDA:32,0,1,39
BRDA:121,1,0,39
BRDA:121,1,1,38
BRDA:126,2,0,1
BRDA:126,2,1,38
BRDA:129,3,0,39
BRDA:129,3,1,38
BRDA:135,4,0,0
BRDA:135,4,1,63
BRDA:136,5,0,13
BRDA:136,5,1,50
BRDA:144,6,0,63
BRDA:144,6,1,25
BRF:14
BRH:13
end_of_record
TN:
SF:src/ui/App.tsx
FN:41,(anonymous_0)
FN:44,(anonymous_1)
FN:51,(anonymous_2)
FNF:3
FNH:0
FNDA:0,(anonymous_0)
FNDA:0,(anonymous_1)
FNDA:0,(anonymous_2)
DA:14,0
DA:27,0
DA:41,0
DA:42,0
DA:44,0
DA:45,0
DA:47,0
DA:51,0
DA:52,0
DA:55,0
LF:10
LH:0
BRDA:45,0,0,0
BRDA:45,0,1,0
BRF:2
BRH:0
end_of_record
TN:
SF:src/ui/CommandCenter.tsx
FN:44,(anonymous_0)
FN:68,(anonymous_1)
FNF:2
FNH:2
FNDA:18,(anonymous_0)
FNDA:4,(anonymous_1)
DA:27,1
DA:44,18
DA:46,1
DA:58,1
DA:68,1
DA:74,4
LF:6
LH:6
BRDA:100,0,0,2
BRDA:100,0,1,2
BRDA:108,1,0,4
BRDA:108,1,1,1
BRF:4
BRH:4
end_of_record
TN:
SF:src/ui/DiplomacyPanel.tsx
FN:78,(anonymous_0)
FN:84,(anonymous_1)
FN:87,(anonymous_2)
FN:96,(anonymous_3)
FN:107,(anonymous_4)
FN:108,(anonymous_5)
FN:110,(anonymous_6)
FN:116,(anonymous_7)
FN:123,(anonymous_8)
FN:162,(anonymous_9)
FN:204,(anonymous_10)
FN:270,(anonymous_11)
FN:274,(anonymous_12)
FN:387,(anonymous_13)
FN:410,(anonymous_14)
FN:426,(anonymous_15)
FN:432,(anonymous_16)
FN:446,(anonymous_17)
FN:462,(anonymous_18)
FN:468,(anonymous_19)
FNF:20
FNH:20
FNDA:60,(anonymous_0)
FNDA:20,(anonymous_1)
FNDA:20,(anonymous_2)
FNDA:34,(anonymous_3)
FNDA:75,(anonymous_4)
FNDA:68,(anonymous_5)
FNDA:14,(anonymous_6)
FNDA:1,(anonymous_7)
FNDA:1,(anonymous_8)
FNDA:102,(anonymous_9)
FNDA:20,(anonymous_10)
FNDA:102,(anonymous_11)
FNDA:14,(anonymous_12)
FNDA:8,(anonymous_13)
FNDA:2,(anonymous_14)
FNDA:8,(anonymous_15)
FNDA:1,(anonymous_16)
FNDA:2,(anonymous_17)
FNDA:8,(anonymous_18)
FNDA:1,(anonymous_19)
DA:39,1
DA:46,1
DA:53,1
DA:60,1
DA:67,1
DA:78,1
DA:79,60
DA:80,45
DA:81,36
DA:84,20
DA:87,1
DA:88,20
DA:89,12
DA:96,1
DA:103,34
DA:104,34
DA:105,34
DA:107,75
DA:108,68
DA:110,34
DA:111,14
DA:112,14
DA:113,14
DA:116,34
DA:117,1
DA:118,1
DA:120,1
DA:123,34
DA:124,1
DA:125,1
DA:127,1
DA:132,34
DA:145,34
DA:156,34
DA:162,102
DA:177,34
DA:187,34
DA:194,34
DA:199,34
DA:204,34
DA:215,34
DA:230,34
DA:244,34
DA:253,34
DA:263,34
DA:271,102
DA:274,14
DA:388,8
DA:389,8
DA:390,8
DA:411,2
DA:412,2
DA:427,8
DA:428,8
DA:432,1
DA:447,2
DA:448,2
DA:463,8
DA:464,8
DA:468,1
LF:60
LH:60
BRDA:79,0,0,15
BRDA:79,0,1,45
BRDA:80,1,0,9
BRDA:80,1,1,36
BRDA:88,2,0,8
BRDA:88,2,1,12
BRDA:107,3,0,34
BRDA:107,3,1,14
BRDA:117,4,0,1
BRDA:117,4,1,0
BRDA:117,5,0,1
BRDA:117,5,1,1
BRDA:124,6,0,1
BRDA:124,6,1,0
BRDA:124,7,0,1
BRDA:124,7,1,1
BRDA:167,8,0,20
BRDA:167,8,1,82
BRDA:168,9,0,20
BRDA:168,9,1,82
BRDA:170,10,0,20
BRDA:170,10,1,82
BRDA:281,11,0,34
BRDA:281,11,1,14
BRDA:286,12,0,34
BRDA:286,12,1,20
BRDA:303,13,0,12
BRDA:303,13,1,8
BRDA:348,14,0,8
BRDA:348,14,1,12
BRDA:362,15,0,20
BRDA:362,15,1,12
BRDA:382,16,0,20
BRDA:382,16,1,12
BRDA:388,17,0,8
BRDA:388,17,1,0
BRDA:389,18,0,8
BRDA:389,18,1,0
BRDA:395,19,0,3
BRDA:395,19,1,5
BRDA:417,20,0,20
BRDA:417,20,1,2
BRDA:427,21,0,8
BRDA:427,21,1,0
BRDA:453,22,0,20
BRDA:453,22,1,2
BRDA:463,23,0,8
BRDA:463,23,1,0
BRF:48
BRH:42
end_of_record
TN:
SF:src/ui/HeadlinesPanel.tsx
FN:103,(anonymous_0)
FN:113,(anonymous_1)
FN:125,(anonymous_2)
FN:128,(anonymous_3)
FN:131,(anonymous_4)
FN:132,(anonymous_5)
FN:140,(anonymous_6)
FN:160,(anonymous_7)
FN:178,(anonymous_8)
FN:181,(anonymous_9)
FN:186,(anonymous_10)
FN:192,(anonymous_11)
FN:215,(anonymous_12)
FN:216,(anonymous_13)
FN:219,(anonymous_14)
FN:228,(anonymous_15)
FN:231,(anonymous_16)
FN:236,(anonymous_17)
FN:239,(anonymous_18)
FNF:19
FNH:10
FNDA:24,(anonymous_0)
FNDA:31,(anonymous_1)
FNDA:0,(anonymous_2)
FNDA:0,(anonymous_3)
FNDA:5,(anonymous_4)
FNDA:5,(anonymous_5)
FNDA:72,(anonymous_6)
FNDA:4,(anonymous_7)
FNDA:1,(anonymous_8)
FNDA:0,(anonymous_9)
FNDA:0,(anonymous_10)
FNDA:0,(anonymous_11)
FNDA:3,(anonymous_12)
FNDA:6,(anonymous_13)
FNDA:18,(anonymous_14)
FNDA:0,(anonymous_15)
FNDA:0,(anonymous_16)
FNDA:0,(anonymous_17)
FNDA:0,(anonymous_18)
DA:16,1
DA:22,1
DA:32,1
DA:39,1
DA:47,1
DA:54,1
DA:61,1
DA:75,1
DA:83,1
DA:93,1
DA:103,1
DA:108,24
DA:111,24
DA:113,31
DA:114,24
DA:117,24
DA:119,24
DA:126,0
DA:129,0
DA:132,5
DA:141,72
DA:142,72
DA:155,72
DA:161,4
DA:179,1
DA:182,0
DA:183,0
DA:187,0
DA:188,0
DA:189,0
DA:193,0
DA:194,0
DA:195,0
DA:215,3
DA:217,6
DA:220,18
DA:221,18
DA:222,18
DA:229,0
DA:232,0
DA:233,0
DA:237,0
DA:240,0
LF:43
LH:28
BRDA:114,0,0,24
BRDA:114,0,1,0
BRDA:146,1,0,24
BRDA:146,1,1,48
BRDA:147,2,0,24
BRDA:147,2,1,48
BRDA:148,3,0,24
BRDA:148,3,1,48
BRDA:171,4,0,2
BRDA:171,4,1,22
BRDA:171,5,0,24
BRDA:171,5,1,22
BRDA:182,6,0,0
BRDA:182,6,1,0
BRDA:182,7,0,0
BRDA:182,7,1,0
BRDA:188,8,0,0
BRDA:188,8,1,0
BRDA:194,9,0,0
BRDA:194,9,1,0
BRDA:202,10,0,22
BRDA:202,10,1,21
BRDA:202,10,2,21
BRDA:209,11,0,24
BRDA:209,11,1,4
BRDA:211,12,0,1
BRDA:211,12,1,3
BRDA:221,13,0,0
BRDA:221,13,1,18
BRDA:232,14,0,0
BRDA:232,14,1,0
BRDA:232,15,0,0
BRDA:232,15,1,0
BRF:33
BRH:19
end_of_record
TN:
SF:src/ui/IntelPanel.tsx
FN:23,tensionColor
FN:29,clarityLabel
FN:35,stabilityColor
FN:96,(anonymous_3)
FN:101,(anonymous_4)
FNF:5
FNH:5
FNDA:15,tensionColor
FNDA:15,clarityLabel
FNDA:15,stabilityColor
FNDA:6,(anonymous_3)
FNDA:15,(anonymous_4)
DA:24,15
DA:25,10
DA:26,5
DA:30,15
DA:31,10
DA:32,5
DA:36,15
DA:37,5
DA:38,0
DA:45,1
DA:58,1
DA:67,1
DA:77,1
DA:84,1
DA:96,1
DA:97,6
DA:102,15
LF:17
LH:16
BRDA:24,0,0,5
BRDA:24,0,1,10
BRDA:25,1,0,5
BRDA:25,1,1,5
BRDA:30,2,0,5
BRDA:30,2,1,10
BRDA:31,3,0,5
BRDA:31,3,1,5
BRDA:36,4,0,10
BRDA:36,4,1,5
BRDA:37,5,0,5
BRDA:37,5,1,0
BRDA:127,6,0,5
BRDA:127,6,1,10
BRDA:129,7,0,5
BRDA:129,7,1,5
BRDA:133,8,0,5
BRDA:133,8,1,10
BRDA:135,9,0,5
BRDA:135,9,1,5
BRF:20
BRH:19
end_of_record
TN:
SF:src/ui/MapViewport.tsx
FN:45,(anonymous_0)
FNF:1
FNH:1
FNDA:7,(anonymous_0)
DA:7,1
DA:20,1
DA:29,1
DA:36,1
DA:45,1
DA:46,7
LF:6
LH:6
BRF:0
BRH:0
end_of_record
TN:
SF:src/ui/StrategicDashboard.tsx
FN:93,formatConditionId
FN:96,(anonymous_1)
FN:99,strategyScoreColor
FN:202,(anonymous_3)
FN:220,(anonymous_4)
FN:221,(anonymous_5)
FN:224,(anonymous_6)
FN:225,(anonymous_7)
FN:228,(anonymous_8)
FN:269,(anonymous_9)
FN:279,(anonymous_10)
FN:348,(anonymous_11)
FN:358,(anonymous_12)
FN:421,(anonymous_13)
FN:431,(anonymous_14)
FN:446,(anonymous_15)
FN:505,(anonymous_16)
FN:530,(anonymous_17)
FN:563,(anonymous_18)
FNF:19
FNH:16
FNDA:135,formatConditionId
FNDA:270,(anonymous_1)
FNDA:22,strategyScoreColor
FNDA:24,(anonymous_3)
FNDA:2,(anonymous_4)
FNDA:2,(anonymous_5)
FNDA:4,(anonymous_6)
FNDA:4,(anonymous_7)
FNDA:92,(anonymous_8)
FNDA:2,(anonymous_9)
FNDA:66,(anonymous_10)
FNDA:0,(anonymous_11)
FNDA:46,(anonymous_12)
FNDA:0,(anonymous_13)
FNDA:46,(anonymous_14)
FNDA:4,(anonymous_15)
FNDA:1,(anonymous_16)
FNDA:0,(anonymous_17)
FNDA:69,(anonymous_18)
DA:59,1
DA:67,1
DA:75,1
DA:81,1
DA:87,1
DA:94,135
DA:96,270
DA:100,22
DA:101,0
DA:102,0
DA:103,0
DA:108,1
DA:120,1
DA:132,1
DA:144,1
DA:154,1
DA:164,1
DA:172,1
DA:180,1
DA:189,1
DA:202,1
DA:211,24
DA:218,24
DA:220,24
DA:221,2
DA:224,24
DA:225,4
DA:228,24
DA:229,92
DA:230,92
DA:231,69
DA:232,23
DA:235,24
DA:269,2
DA:280,66
DA:281,66
DA:282,66
DA:348,0
DA:359,46
DA:360,46
DA:421,0
DA:432,46
DA:433,46
DA:434,46
DA:435,46
DA:437,46
DA:446,4
DA:506,1
DA:507,1
DA:530,0
DA:564,69
DA:565,69
LF:52
LH:46
BRDA:100,0,0,22
BRDA:100,0,1,0
BRDA:101,1,0,0
BRDA:101,1,1,0
BRDA:102,2,0,0
BRDA:102,2,1,0
BRDA:229,3,0,0
BRDA:229,3,1,92
BRDA:229,4,0,92
BRDA:229,4,1,23
BRDA:230,5,0,23
BRDA:230,5,1,69
BRDA:231,6,0,46
BRDA:231,6,1,23
BRDA:248,7,0,22
BRDA:248,7,1,2
BRDA:273,8,0,23
BRDA:273,8,1,1
BRDA:277,9,0,24
BRDA:277,9,1,23
BRDA:280,10,0,66
BRDA:280,10,1,0
BRDA:281,11,0,66
BRDA:281,11,1,0
BRDA:311,12,0,44
BRDA:311,12,1,22
BRDA:337,13,0,23
BRDA:337,13,1,1
BRDA:352,14,0,24
BRDA:352,14,1,0
BRDA:356,15,0,24
BRDA:356,15,1,24
BRDA:359,16,0,46
BRDA:359,16,1,0
BRDA:384,17,0,46
BRDA:384,17,1,0
BRDA:410,18,0,24
BRDA:410,18,1,1
BRDA:425,19,0,24
BRDA:425,19,1,0
BRDA:429,20,0,24
BRDA:429,20,1,24
BRDA:433,21,0,46
BRDA:433,21,1,0
BRDA:434,22,0,46
BRDA:434,22,1,0
BRDA:435,23,0,46
BRDA:435,23,1,0
BRDA:452,24,0,5
BRDA:452,24,1,41
BRDA:456,25,0,46
BRDA:456,25,1,5
BRDA:501,26,0,5
BRDA:501,26,1,5
BRDA:519,27,0,24
BRDA:519,27,1,1
BRDA:534,28,0,24
BRDA:534,28,1,0
BRDA:538,29,0,24
BRDA:538,29,1,24
BRDA:540,30,0,23
BRDA:540,30,1,1
BRDA:564,31,0,69
BRDA:564,31,1,0
BRDA:577,32,0,46
BRDA:577,32,1,23
BRF:66
BRH:49
end_of_record
TN:
SF:src/ui/TopBar.tsx
FN:21,simulatedDate
FN:28,statColor
FN:91,(anonymous_2)
FN:138,(anonymous_3)
FNF:4
FNH:4
FNDA:8,simulatedDate
FNDA:28,statColor
FNDA:8,(anonymous_2)
FNDA:35,(anonymous_3)
DA:9,1
DA:22,8
DA:23,8
DA:24,8
DA:29,28
DA:30,7
DA:31,0
DA:38,1
DA:52,1
DA:59,1
DA:70,1
DA:77,1
DA:91,1
DA:92,8
DA:93,8
DA:94,8
DA:96,8
DA:98,8
DA:138,1
DA:139,35
DA:140,35
DA:142,35
LF:22
LH:21
BRDA:29,0,0,21
BRDA:29,0,1,7
BRDA:30,1,0,7
BRDA:30,1,1,0
BRDA:96,2,0,8
BRDA:96,2,1,0
BRDA:112,3,0,7
BRDA:112,3,1,1
BRDA:139,4,0,7
BRDA:139,4,1,28
BRDA:140,5,0,7
BRDA:140,5,1,28
BRF:12
BRH:10
end_of_record
TN:
SF:src/workers/protocol.ts
FNF:0
FNH:0
DA:25,4
DA:37,4
LF:2
LH:2
BRF:0
BRH:0
end_of_record
TN:
SF:src/workers/simulation-bridge.ts
FN:108,(anonymous_0)
FN:130,(anonymous_1)
FN:146,(anonymous_2)
FN:167,(anonymous_3)
FN:183,(anonymous_4)
FN:191,(anonymous_5)
FN:207,(anonymous_6)
FN:216,(anonymous_7)
FN:225,(anonymous_8)
FN:261,(anonymous_9)
FN:272,(anonymous_10)
FN:286,(anonymous_11)
FN:301,(anonymous_12)
FN:312,(anonymous_13)
FN:313,(anonymous_14)
FN:327,(anonymous_15)
FN:337,(anonymous_16)
FN:346,(anonymous_17)
FNF:18
FNH:0
FNDA:0,(anonymous_0)
FNDA:0,(anonymous_1)
FNDA:0,(anonymous_2)
FNDA:0,(anonymous_3)
FNDA:0,(anonymous_4)
FNDA:0,(anonymous_5)
FNDA:0,(anonymous_6)
FNDA:0,(anonymous_7)
FNDA:0,(anonymous_8)
FNDA:0,(anonymous_9)
FNDA:0,(anonymous_10)
FNDA:0,(anonymous_11)
FNDA:0,(anonymous_12)
FNDA:0,(anonymous_13)
FNDA:0,(anonymous_14)
FNDA:0,(anonymous_15)
FNDA:0,(anonymous_16)
FNDA:0,(anonymous_17)
DA:60,0
DA:92,0
DA:97,0
DA:100,0
DA:109,0
DA:110,0
DA:115,0
DA:116,0
DA:117,0
DA:131,0
DA:132,0
DA:133,0
DA:150,0
DA:151,0
DA:155,0
DA:171,0
DA:172,0
DA:176,0
DA:184,0
DA:192,0
DA:197,0
DA:208,0
DA:217,0
DA:226,0
DA:228,0
DA:230,0
DA:231,0
DA:234,0
DA:238,0
DA:241,0
DA:242,0
DA:245,0
DA:246,0
DA:249,0
DA:250,0
DA:254,0
DA:255,0
DA:262,0
DA:267,0
DA:268,0
DA:273,0
DA:278,0
DA:279,0
DA:287,0
DA:288,0
DA:303,0
DA:304,0
DA:305,0
DA:306,0
DA:309,0
DA:312,0
DA:313,0
DA:314,0
DA:315,0
DA:318,0
DA:328,0
DA:329,0
DA:330,0
DA:331,0
DA:332,0
DA:338,0
DA:339,0
DA:340,0
DA:342,0
DA:347,0
LF:65
LH:0
BRDA:108,0,0,0
BRDA:228,1,0,0
BRDA:228,1,1,0
BRDA:228,1,2,0
BRDA:228,1,3,0
BRDA:228,1,4,0
BRDA:228,1,5,0
BRDA:264,2,0,0
BRDA:264,2,1,0
BRDA:304,3,0,0
BRDA:304,3,1,0
BRDA:329,4,0,0
BRDA:329,4,1,0
BRF:13
BRH:0
end_of_record
TN:
SF:src/workers/simulation.worker.ts
FN:49,respond
FN:54,respondError
FN:69,(anonymous_2)
FN:112,handleInit
FN:138,handleProcessTurn
FN:152,(anonymous_5)
FN:191,handleWhatIf
FN:198,(anonymous_7)
FN:221,handleCancel
FNF:9
FNH:0
FNDA:0,respond
FNDA:0,respondError
FNDA:0,(anonymous_2)
FNDA:0,handleInit
FNDA:0,handleProcessTurn
FNDA:0,(anonymous_5)
FNDA:0,handleWhatIf
FNDA:0,(anonymous_7)
FNDA:0,handleCancel
DA:32,0
DA:35,0
DA:50,0
DA:59,0
DA:69,0
DA:70,0
DA:72,0
DA:74,0
DA:75,0
DA:78,0
DA:79,0
DA:82,0
DA:83,0
DA:86,0
DA:87,0
DA:91,0
DA:92,0
DA:113,0
DA:114,0
DA:115,0
DA:117,0
DA:142,0
DA:143,0
DA:146,0
DA:147,0
DA:152,0
DA:153,0
DA:154,0
DA:157,0
DA:163,0
DA:165,0
DA:174,0
DA:176,0
DA:177,0
DA:179,0
DA:195,0
DA:198,0
DA:204,0
DA:209,0
DA:222,0
LF:40
LH:0
BRDA:72,0,0,0
BRDA:72,0,1,0
BRDA:72,0,2,0
BRDA:72,0,3,0
BRDA:72,0,4,0
BRDA:119,1,0,0
BRDA:119,1,1,0
BRDA:146,2,0,0
BRDA:146,2,1,0
BRDA:153,3,0,0
BRDA:153,3,1,0
BRDA:174,4,0,0
BRDA:174,4,1,0
BRDA:176,5,0,0
BRDA:176,5,1,0
BRDA:211,6,0,0
BRDA:211,6,1,0
BRF:17
BRH:0
end_of_record
